<?xml version="1.0" encoding="UTF-8"?>
<robot generator="Robot 3.1.2 (Python 3.7.6 on win32)" generated="20200512 03:27:34.691" rpa="false">
<suite id="s1" name="Ssjae" source="C:\Test_ssjae\test\ssjae.robot">
<test id="s1-t1" name="CC004 SSJAE (SISTEMA SSJAE 004)(HAPPY PATH EXCEL)">
<kw name="Esperar Iniciar ok" library="recursos">
<arguments>
<arg>15</arg>
</arguments>
<kw name="Set Selenium Timeout" library="SeleniumLibrary">
<doc>Sets the timeout that is used by various keywords.</doc>
<arguments>
<arg>${arg1} seconds</arg>
</arguments>
<status status="PASS" starttime="20200512 03:27:36.287" endtime="20200512 03:27:36.287"></status>
</kw>
<status status="PASS" starttime="20200512 03:27:36.287" endtime="20200512 03:27:36.287"></status>
</kw>
<kw name="Login" library="casos">
<arguments>
<arg>${url}</arg>
<arg>${navegador}</arg>
</arguments>
<kw name="Esperar Iniciar Forzar" library="recursos">
<arguments>
<arg>10</arg>
</arguments>
<kw name="Set Selenium Implicit Wait" library="SeleniumLibrary">
<doc>Sets the implicit wait value used by Selenium.</doc>
<arguments>
<arg>${arg1} seconds</arg>
</arguments>
<status status="PASS" starttime="20200512 03:27:36.288" endtime="20200512 03:27:36.289"></status>
</kw>
<status status="PASS" starttime="20200512 03:27:36.288" endtime="20200512 03:27:36.289"></status>
</kw>
<kw name="Esperar Iniciar ok" library="recursos">
<arguments>
<arg>5</arg>
</arguments>
<kw name="Set Selenium Timeout" library="SeleniumLibrary">
<doc>Sets the timeout that is used by various keywords.</doc>
<arguments>
<arg>${arg1} seconds</arg>
</arguments>
<status status="PASS" starttime="20200512 03:27:36.289" endtime="20200512 03:27:36.290"></status>
</kw>
<status status="PASS" starttime="20200512 03:27:36.289" endtime="20200512 03:27:36.290"></status>
</kw>
<kw name="Dormir Todos" library="recursos">
<arguments>
<arg>${tiempo}</arg>
</arguments>
<kw name="Set Selenium Speed" library="SeleniumLibrary">
<doc>Sets the delay that is waited after each Selenium command.</doc>
<arguments>
<arg>${arg1} seconds</arg>
</arguments>
<status status="PASS" starttime="20200512 03:27:36.290" endtime="20200512 03:27:36.291"></status>
</kw>
<status status="PASS" starttime="20200512 03:27:36.290" endtime="20200512 03:27:36.291"></status>
</kw>
<kw name="Abrir navegador" library="recursos">
<arguments>
<arg>${arg1}</arg>
<arg>${arg2}</arg>
</arguments>
<kw name="Open Browser" library="SeleniumLibrary">
<doc>Opens a new browser instance to the optional ``url``.</doc>
<arguments>
<arg>${arg1}</arg>
<arg>${arg2}</arg>
</arguments>
<msg timestamp="20200512 03:27:36.291" level="INFO">Opening browser 'chrome' to base url 'https://dessistemas.senasica.gob.mx/SSJAEWeb/login.xhtml'.</msg>
<status status="PASS" starttime="20200512 03:27:36.291" endtime="20200512 03:27:44.047"></status>
</kw>
<status status="PASS" starttime="20200512 03:27:36.291" endtime="20200512 03:27:44.047"></status>
</kw>
<kw name="Maximizar" library="recursos">
<kw name="Maximize Browser Window" library="SeleniumLibrary">
<doc>Maximizes current browser window.</doc>
<status status="PASS" starttime="20200512 03:27:44.047" endtime="20200512 03:27:48.312"></status>
</kw>
<status status="PASS" starttime="20200512 03:27:44.047" endtime="20200512 03:27:48.312"></status>
</kw>
<kw name="Click" library="recursos">
<arguments>
<arg>//*[@id="details-button"]</arg>
</arguments>
<kw name="Click Element" library="SeleniumLibrary">
<doc>Click the element identified by ``locator``.</doc>
<arguments>
<arg>xpath=${arg1}</arg>
</arguments>
<msg timestamp="20200512 03:27:48.312" level="INFO">Clicking element 'xpath=//*[@id="details-button"]'.</msg>
<status status="PASS" starttime="20200512 03:27:48.312" endtime="20200512 03:27:48.549"></status>
</kw>
<status status="PASS" starttime="20200512 03:27:48.312" endtime="20200512 03:27:48.549"></status>
</kw>
<kw name="Click" library="recursos">
<arguments>
<arg>//*[@id="proceed-link"]</arg>
</arguments>
<kw name="Click Element" library="SeleniumLibrary">
<doc>Click the element identified by ``locator``.</doc>
<arguments>
<arg>xpath=${arg1}</arg>
</arguments>
<msg timestamp="20200512 03:27:48.549" level="INFO">Clicking element 'xpath=//*[@id="proceed-link"]'.</msg>
<status status="PASS" starttime="20200512 03:27:48.549" endtime="20200512 03:27:50.489"></status>
</kw>
<status status="PASS" starttime="20200512 03:27:48.549" endtime="20200512 03:27:50.489"></status>
</kw>
<kw name="Texto" library="recursos">
<arguments>
<arg>//input[contains(@id,'j_username')]</arg>
<arg>rodrigo</arg>
</arguments>
<kw name="Input Text" library="SeleniumLibrary">
<doc>Types the given ``text`` into the text field identified by ``locator``.</doc>
<arguments>
<arg>xpath=${arg1}</arg>
<arg>${arg2}</arg>
</arguments>
<msg timestamp="20200512 03:27:50.490" level="INFO">Typing text 'rodrigo' into text field 'xpath=//input[contains(@id,'j_username')]'.</msg>
<status status="PASS" starttime="20200512 03:27:50.489" endtime="20200512 03:27:50.929"></status>
</kw>
<status status="PASS" starttime="20200512 03:27:50.489" endtime="20200512 03:27:50.929"></status>
</kw>
<kw name="Texto" library="recursos">
<arguments>
<arg>//input[contains(@id,'j_password')]</arg>
<arg>villanueva</arg>
</arguments>
<kw name="Input Text" library="SeleniumLibrary">
<doc>Types the given ``text`` into the text field identified by ``locator``.</doc>
<arguments>
<arg>xpath=${arg1}</arg>
<arg>${arg2}</arg>
</arguments>
<msg timestamp="20200512 03:27:50.929" level="INFO">Typing text 'villanueva' into text field 'xpath=//input[contains(@id,'j_password')]'.</msg>
<status status="PASS" starttime="20200512 03:27:50.929" endtime="20200512 03:27:51.331"></status>
</kw>
<status status="PASS" starttime="20200512 03:27:50.929" endtime="20200512 03:27:51.331"></status>
</kw>
<kw name="Click" library="recursos">
<arguments>
<arg>(//button[contains(.,'Enviar')])[1]</arg>
</arguments>
<kw name="Click Element" library="SeleniumLibrary">
<doc>Click the element identified by ``locator``.</doc>
<arguments>
<arg>xpath=${arg1}</arg>
</arguments>
<msg timestamp="20200512 03:27:51.331" level="INFO">Clicking element 'xpath=(//button[contains(.,'Enviar')])[1]'.</msg>
<status status="PASS" starttime="20200512 03:27:51.331" endtime="20200512 03:27:52.208"></status>
</kw>
<status status="PASS" starttime="20200512 03:27:51.331" endtime="20200512 03:27:52.208"></status>
</kw>
<kw name="Dormir" library="recursos">
<arguments>
<arg>3</arg>
</arguments>
<kw name="Sleep" library="BuiltIn">
<doc>Pauses the test executed for the given time.</doc>
<arguments>
<arg>${arg1}</arg>
</arguments>
<msg timestamp="20200512 03:27:55.219" level="INFO">Slept 3 seconds</msg>
<status status="PASS" starttime="20200512 03:27:52.208" endtime="20200512 03:27:55.219"></status>
</kw>
<status status="PASS" starttime="20200512 03:27:52.208" endtime="20200512 03:27:55.219"></status>
</kw>
<kw name="Scroll" library="recursos">
<arguments>
<arg>0</arg>
<arg>250</arg>
</arguments>
<kw name="Execute Javascript" library="SeleniumLibrary">
<doc>Executes the given JavaScript code with possible arguments.</doc>
<arguments>
<arg>window.scrollTo(${arg1},${arg2})</arg>
</arguments>
<msg timestamp="20200512 03:27:55.219" level="INFO">Executing JavaScript:
window.scrollTo(0,250)
Without any arguments.</msg>
<status status="PASS" starttime="20200512 03:27:55.219" endtime="20200512 03:27:55.357"></status>
</kw>
<status status="PASS" starttime="20200512 03:27:55.219" endtime="20200512 03:27:55.357"></status>
</kw>
<kw name="Texto" library="recursos">
<arguments>
<arg>//input[contains(@id,'j_username')]</arg>
<arg>olivia.rodriguez</arg>
</arguments>
<kw name="Input Text" library="SeleniumLibrary">
<doc>Types the given ``text`` into the text field identified by ``locator``.</doc>
<arguments>
<arg>xpath=${arg1}</arg>
<arg>${arg2}</arg>
</arguments>
<msg timestamp="20200512 03:27:55.357" level="INFO">Typing text 'olivia.rodriguez' into text field 'xpath=//input[contains(@id,'j_username')]'.</msg>
<status status="PASS" starttime="20200512 03:27:55.357" endtime="20200512 03:27:55.858"></status>
</kw>
<status status="PASS" starttime="20200512 03:27:55.357" endtime="20200512 03:27:55.858"></status>
</kw>
<kw name="Texto" library="recursos">
<arguments>
<arg>//input[contains(@id,'j_password')]</arg>
<arg>senades2020</arg>
</arguments>
<kw name="Input Text" library="SeleniumLibrary">
<doc>Types the given ``text`` into the text field identified by ``locator``.</doc>
<arguments>
<arg>xpath=${arg1}</arg>
<arg>${arg2}</arg>
</arguments>
<msg timestamp="20200512 03:27:55.859" level="INFO">Typing text 'senades2020' into text field 'xpath=//input[contains(@id,'j_password')]'.</msg>
<status status="PASS" starttime="20200512 03:27:55.858" endtime="20200512 03:27:56.369"></status>
</kw>
<status status="PASS" starttime="20200512 03:27:55.858" endtime="20200512 03:27:56.369"></status>
</kw>
<kw name="Resultado" library="recursos">
<arguments>
<arg>.5</arg>
<arg>${dir}/Login_password.png</arg>
<arg>Se introducen los datos para el Login</arg>
</arguments>
<kw name="Sleep" library="BuiltIn">
<doc>Pauses the test executed for the given time.</doc>
<arguments>
<arg>${tiempo}</arg>
</arguments>
<msg timestamp="20200512 03:27:56.880" level="INFO">Slept 500 milliseconds</msg>
<status status="PASS" starttime="20200512 03:27:56.372" endtime="20200512 03:27:56.880"></status>
</kw>
<kw name="Capture Page Screenshot" library="SeleniumLibrary">
<doc>Takes a screenshot of the current page and embeds it into a log file.</doc>
<arguments>
<arg>${dir}</arg>
</arguments>
<msg timestamp="20200512 03:27:57.366" level="INFO" html="yes">&lt;/td&gt;&lt;/tr&gt;&lt;tr&gt;&lt;td colspan="3"&gt;&lt;a href="Img/Login_password.png"&gt;&lt;img src="Img/Login_password.png" width="800px"&gt;&lt;/a&gt;</msg>
<status status="PASS" starttime="20200512 03:27:56.880" endtime="20200512 03:27:57.366"></status>
</kw>
<kw name="Log" library="BuiltIn">
<doc>Logs the given message with the given level.</doc>
<arguments>
<arg>${print}</arg>
</arguments>
<msg timestamp="20200512 03:27:57.367" level="INFO">Se introducen los datos para el Login</msg>
<status status="PASS" starttime="20200512 03:27:57.367" endtime="20200512 03:27:57.367"></status>
</kw>
<status status="PASS" starttime="20200512 03:27:56.370" endtime="20200512 03:27:57.367"></status>
</kw>
<kw name="Click" library="recursos">
<arguments>
<arg>(//button[contains(.,'Enviar')])[1]</arg>
</arguments>
<kw name="Click Element" library="SeleniumLibrary">
<doc>Click the element identified by ``locator``.</doc>
<arguments>
<arg>xpath=${arg1}</arg>
</arguments>
<msg timestamp="20200512 03:27:57.368" level="INFO">Clicking element 'xpath=(//button[contains(.,'Enviar')])[1]'.</msg>
<status status="PASS" starttime="20200512 03:27:57.368" endtime="20200512 03:27:59.536"></status>
</kw>
<status status="PASS" starttime="20200512 03:27:57.368" endtime="20200512 03:27:59.536"></status>
</kw>
<kw name="Scroll" library="recursos">
<arguments>
<arg>0</arg>
<arg>500</arg>
</arguments>
<kw name="Execute Javascript" library="SeleniumLibrary">
<doc>Executes the given JavaScript code with possible arguments.</doc>
<arguments>
<arg>window.scrollTo(${arg1},${arg2})</arg>
</arguments>
<msg timestamp="20200512 03:27:59.537" level="INFO">Executing JavaScript:
window.scrollTo(0,500)
Without any arguments.</msg>
<status status="PASS" starttime="20200512 03:27:59.536" endtime="20200512 03:27:59.661"></status>
</kw>
<status status="PASS" starttime="20200512 03:27:59.536" endtime="20200512 03:27:59.661"></status>
</kw>
<kw name="Dormir" library="recursos">
<arguments>
<arg>1</arg>
</arguments>
<kw name="Sleep" library="BuiltIn">
<doc>Pauses the test executed for the given time.</doc>
<arguments>
<arg>${arg1}</arg>
</arguments>
<msg timestamp="20200512 03:28:00.676" level="INFO">Slept 1 second</msg>
<status status="PASS" starttime="20200512 03:27:59.661" endtime="20200512 03:28:00.676"></status>
</kw>
<status status="PASS" starttime="20200512 03:27:59.661" endtime="20200512 03:28:00.677"></status>
</kw>
<kw name="Scroll" library="recursos">
<arguments>
<arg>0</arg>
<arg>150</arg>
</arguments>
<kw name="Execute Javascript" library="SeleniumLibrary">
<doc>Executes the given JavaScript code with possible arguments.</doc>
<arguments>
<arg>window.scrollTo(${arg1},${arg2})</arg>
</arguments>
<msg timestamp="20200512 03:28:00.677" level="INFO">Executing JavaScript:
window.scrollTo(0,150)
Without any arguments.</msg>
<status status="PASS" starttime="20200512 03:28:00.677" endtime="20200512 03:28:00.807"></status>
</kw>
<status status="PASS" starttime="20200512 03:28:00.677" endtime="20200512 03:28:00.807"></status>
</kw>
<kw name="Resultado" library="recursos">
<arguments>
<arg>.5</arg>
<arg>${dir}/Calendario.png</arg>
<arg>Se muestra el calendario</arg>
</arguments>
<kw name="Sleep" library="BuiltIn">
<doc>Pauses the test executed for the given time.</doc>
<arguments>
<arg>${tiempo}</arg>
</arguments>
<msg timestamp="20200512 03:28:01.310" level="INFO">Slept 500 milliseconds</msg>
<status status="PASS" starttime="20200512 03:28:00.807" endtime="20200512 03:28:01.310"></status>
</kw>
<kw name="Capture Page Screenshot" library="SeleniumLibrary">
<doc>Takes a screenshot of the current page and embeds it into a log file.</doc>
<arguments>
<arg>${dir}</arg>
</arguments>
<msg timestamp="20200512 03:28:01.825" level="INFO" html="yes">&lt;/td&gt;&lt;/tr&gt;&lt;tr&gt;&lt;td colspan="3"&gt;&lt;a href="Img/Calendario.png"&gt;&lt;img src="Img/Calendario.png" width="800px"&gt;&lt;/a&gt;</msg>
<status status="PASS" starttime="20200512 03:28:01.310" endtime="20200512 03:28:01.825"></status>
</kw>
<kw name="Log" library="BuiltIn">
<doc>Logs the given message with the given level.</doc>
<arguments>
<arg>${print}</arg>
</arguments>
<msg timestamp="20200512 03:28:01.825" level="INFO">Se muestra el calendario</msg>
<status status="PASS" starttime="20200512 03:28:01.825" endtime="20200512 03:28:01.825"></status>
</kw>
<status status="PASS" starttime="20200512 03:28:00.807" endtime="20200512 03:28:01.825"></status>
</kw>
<status status="PASS" starttime="20200512 03:27:36.288" endtime="20200512 03:28:01.825"></status>
</kw>
<kw name="Agregar Excel" library="casos">
<kw name="Leer numero de filas" library="recursos">
<arguments>
<arg>Hoja1</arg>
</arguments>
<assign>
<var>${rows}</var>
</assign>
<kw name="Numero De Filas" library="ReadData">
<arguments>
<arg>${hoja}</arg>
</arguments>
<assign>
<var>${maxr}</var>
</assign>
<msg timestamp="20200512 03:28:01.833" level="INFO">${maxr} = 4</msg>
<status status="PASS" starttime="20200512 03:28:01.833" endtime="20200512 03:28:01.833"></status>
</kw>
<msg timestamp="20200512 03:28:01.834" level="INFO">${rows} = 4</msg>
<status status="PASS" starttime="20200512 03:28:01.832" endtime="20200512 03:28:01.834"></status>
</kw>
<kw name="${i} IN RANGE [ 1 | ${rows}+1 ]" type="for">
<kw name="${i} = 1" type="foritem">
<kw name="Click" library="recursos">
<arguments>
<arg>//a[contains(@id,'idt9:linkAgregar')][@href='#'][contains(.,'Agregar')]</arg>
</arguments>
<kw name="Click Element" library="SeleniumLibrary">
<doc>Click the element identified by ``locator``.</doc>
<arguments>
<arg>xpath=${arg1}</arg>
</arguments>
<msg timestamp="20200512 03:28:01.837" level="INFO">Clicking element 'xpath=//a[contains(@id,'idt9:linkAgregar')][@href='#'][contains(.,'Agregar')]'.</msg>
<status status="PASS" starttime="20200512 03:28:01.836" endtime="20200512 03:28:03.238"></status>
</kw>
<status status="PASS" starttime="20200512 03:28:01.835" endtime="20200512 03:28:03.238"></status>
</kw>
<kw name="Scroll" library="recursos">
<arguments>
<arg>0</arg>
<arg>200</arg>
</arguments>
<kw name="Execute Javascript" library="SeleniumLibrary">
<doc>Executes the given JavaScript code with possible arguments.</doc>
<arguments>
<arg>window.scrollTo(${arg1},${arg2})</arg>
</arguments>
<msg timestamp="20200512 03:28:03.239" level="INFO">Executing JavaScript:
window.scrollTo(0,200)
Without any arguments.</msg>
<status status="PASS" starttime="20200512 03:28:03.238" endtime="20200512 03:28:03.346"></status>
</kw>
<status status="PASS" starttime="20200512 03:28:03.238" endtime="20200512 03:28:03.346"></status>
</kw>
<kw name="Leer celda" library="recursos">
<arguments>
<arg>Hoja1</arg>
<arg>${i}</arg>
<arg>1</arg>
</arguments>
<assign>
<var>${tipo}</var>
</assign>
<kw name="Cell Data" library="ReadData">
<arguments>
<arg>${hoja}</arg>
<arg>${fila}</arg>
<arg>${celda}</arg>
</arguments>
<assign>
<var>${celldata}</var>
</assign>
<msg timestamp="20200512 03:28:03.347" level="INFO">${celldata} = Reunión</msg>
<status status="PASS" starttime="20200512 03:28:03.347" endtime="20200512 03:28:03.347"></status>
</kw>
<msg timestamp="20200512 03:28:03.348" level="INFO">${tipo} = Reunión</msg>
<status status="PASS" starttime="20200512 03:28:03.346" endtime="20200512 03:28:03.348"></status>
</kw>
<kw name="Leer celda" library="recursos">
<arguments>
<arg>Hoja1</arg>
<arg>${i}</arg>
<arg>2</arg>
</arguments>
<assign>
<var>${estatus}</var>
</assign>
<kw name="Cell Data" library="ReadData">
<arguments>
<arg>${hoja}</arg>
<arg>${fila}</arg>
<arg>${celda}</arg>
</arguments>
<assign>
<var>${celldata}</var>
</assign>
<msg timestamp="20200512 03:28:03.349" level="INFO">${celldata} = Iniciado</msg>
<status status="PASS" starttime="20200512 03:28:03.348" endtime="20200512 03:28:03.349"></status>
</kw>
<msg timestamp="20200512 03:28:03.349" level="INFO">${estatus} = Iniciado</msg>
<status status="PASS" starttime="20200512 03:28:03.348" endtime="20200512 03:28:03.349"></status>
</kw>
<kw name="Leer celda" library="recursos">
<arguments>
<arg>Hoja1</arg>
<arg>${i}</arg>
<arg>3</arg>
</arguments>
<assign>
<var>${nombre_evento}</var>
</assign>
<kw name="Cell Data" library="ReadData">
<arguments>
<arg>${hoja}</arg>
<arg>${fila}</arg>
<arg>${celda}</arg>
</arguments>
<assign>
<var>${celldata}</var>
</assign>
<msg timestamp="20200512 03:28:03.350" level="INFO">${celldata} = Evento_1</msg>
<status status="PASS" starttime="20200512 03:28:03.349" endtime="20200512 03:28:03.350"></status>
</kw>
<msg timestamp="20200512 03:28:03.350" level="INFO">${nombre_evento} = Evento_1</msg>
<status status="PASS" starttime="20200512 03:28:03.349" endtime="20200512 03:28:03.350"></status>
</kw>
<kw name="Leer celda" library="recursos">
<arguments>
<arg>Hoja1</arg>
<arg>${i}</arg>
<arg>4</arg>
</arguments>
<assign>
<var>${fecha}</var>
</assign>
<kw name="Cell Data" library="ReadData">
<arguments>
<arg>${hoja}</arg>
<arg>${fila}</arg>
<arg>${celda}</arg>
</arguments>
<assign>
<var>${celldata}</var>
</assign>
<msg timestamp="20200512 03:28:03.351" level="INFO">${celldata} = 14</msg>
<status status="PASS" starttime="20200512 03:28:03.350" endtime="20200512 03:28:03.351"></status>
</kw>
<msg timestamp="20200512 03:28:03.351" level="INFO">${fecha} = 14</msg>
<status status="PASS" starttime="20200512 03:28:03.350" endtime="20200512 03:28:03.351"></status>
</kw>
<kw name="Leer celda" library="recursos">
<arguments>
<arg>Hoja1</arg>
<arg>${i}</arg>
<arg>5</arg>
</arguments>
<assign>
<var>${hora}</var>
</assign>
<kw name="Cell Data" library="ReadData">
<arguments>
<arg>${hoja}</arg>
<arg>${fila}</arg>
<arg>${celda}</arg>
</arguments>
<assign>
<var>${celldata}</var>
</assign>
<msg timestamp="20200512 03:28:03.352" level="INFO">${celldata} = 9</msg>
<status status="PASS" starttime="20200512 03:28:03.352" endtime="20200512 03:28:03.352"></status>
</kw>
<msg timestamp="20200512 03:28:03.352" level="INFO">${hora} = 9</msg>
<status status="PASS" starttime="20200512 03:28:03.351" endtime="20200512 03:28:03.352"></status>
</kw>
<kw name="Leer celda" library="recursos">
<arguments>
<arg>Hoja1</arg>
<arg>${i}</arg>
<arg>6</arg>
</arguments>
<assign>
<var>${minuto}</var>
</assign>
<kw name="Cell Data" library="ReadData">
<arguments>
<arg>${hoja}</arg>
<arg>${fila}</arg>
<arg>${celda}</arg>
</arguments>
<assign>
<var>${celldata}</var>
</assign>
<msg timestamp="20200512 03:28:03.353" level="INFO">${celldata} = 5</msg>
<status status="PASS" starttime="20200512 03:28:03.353" endtime="20200512 03:28:03.353"></status>
</kw>
<msg timestamp="20200512 03:28:03.353" level="INFO">${minuto} = 5</msg>
<status status="PASS" starttime="20200512 03:28:03.352" endtime="20200512 03:28:03.353"></status>
</kw>
<kw name="Leer celda" library="recursos">
<arguments>
<arg>Hoja1</arg>
<arg>${i}</arg>
<arg>7</arg>
</arguments>
<assign>
<var>${informacion}</var>
</assign>
<kw name="Cell Data" library="ReadData">
<arguments>
<arg>${hoja}</arg>
<arg>${fila}</arg>
<arg>${celda}</arg>
</arguments>
<assign>
<var>${celldata}</var>
</assign>
<msg timestamp="20200512 03:28:03.354" level="INFO">${celldata} = Datos de prueba del evento_1</msg>
<status status="PASS" starttime="20200512 03:28:03.354" endtime="20200512 03:28:03.354"></status>
</kw>
<msg timestamp="20200512 03:28:03.354" level="INFO">${informacion} = Datos de prueba del evento_1</msg>
<status status="PASS" starttime="20200512 03:28:03.353" endtime="20200512 03:28:03.354"></status>
</kw>
<kw name="Leer celda" library="recursos">
<arguments>
<arg>Hoja1</arg>
<arg>${i}</arg>
<arg>8</arg>
</arguments>
<assign>
<var>${categoria}</var>
</assign>
<kw name="Cell Data" library="ReadData">
<arguments>
<arg>${hoja}</arg>
<arg>${fila}</arg>
<arg>${celda}</arg>
</arguments>
<assign>
<var>${celldata}</var>
</assign>
<msg timestamp="20200512 03:28:03.354" level="INFO">${celldata} = categoría_1</msg>
<status status="PASS" starttime="20200512 03:28:03.354" endtime="20200512 03:28:03.354"></status>
</kw>
<msg timestamp="20200512 03:28:03.354" level="INFO">${categoria} = categoría_1</msg>
<status status="PASS" starttime="20200512 03:28:03.354" endtime="20200512 03:28:03.354"></status>
</kw>
<kw name="SLL" library="recursos">
<arguments>
<arg>//select[@id='busquedaAltaForm:idSlcTipoEvento']</arg>
<arg>${tipo}</arg>
</arguments>
<kw name="Select From List By Label" library="SeleniumLibrary">
<doc>Selects options from selection list ``locator`` by ``labels``.</doc>
<arguments>
<arg>${arg1}</arg>
<arg>${arg2}</arg>
</arguments>
<msg timestamp="20200512 03:28:03.355" level="INFO">Selecting options from selection list '//select[@id='busquedaAltaForm:idSlcTipoEvento']' by label Reunión.</msg>
<status status="PASS" starttime="20200512 03:28:03.355" endtime="20200512 03:28:04.258"></status>
</kw>
<status status="PASS" starttime="20200512 03:28:03.354" endtime="20200512 03:28:04.258"></status>
</kw>
<kw name="SLL" library="recursos">
<arguments>
<arg>//select[contains(@id,'busquedaAltaForm:idSlcEstatus')]</arg>
<arg>${estatus}</arg>
</arguments>
<kw name="Select From List By Label" library="SeleniumLibrary">
<doc>Selects options from selection list ``locator`` by ``labels``.</doc>
<arguments>
<arg>${arg1}</arg>
<arg>${arg2}</arg>
</arguments>
<msg timestamp="20200512 03:28:04.260" level="INFO">Selecting options from selection list '//select[contains(@id,'busquedaAltaForm:idSlcEstatus')]' by label Iniciado.</msg>
<status status="PASS" starttime="20200512 03:28:04.260" endtime="20200512 03:28:05.144"></status>
</kw>
<status status="PASS" starttime="20200512 03:28:04.259" endtime="20200512 03:28:05.144"></status>
</kw>
<kw name="Texto" library="recursos">
<arguments>
<arg>//input[@id='busquedaAltaForm:idInputTitulo']</arg>
<arg>${nombre_evento}</arg>
</arguments>
<kw name="Input Text" library="SeleniumLibrary">
<doc>Types the given ``text`` into the text field identified by ``locator``.</doc>
<arguments>
<arg>xpath=${arg1}</arg>
<arg>${arg2}</arg>
</arguments>
<msg timestamp="20200512 03:28:05.146" level="INFO">Typing text 'Evento_1' into text field 'xpath=//input[@id='busquedaAltaForm:idInputTitulo']'.</msg>
<status status="PASS" starttime="20200512 03:28:05.146" endtime="20200512 03:28:05.694"></status>
</kw>
<status status="PASS" starttime="20200512 03:28:05.145" endtime="20200512 03:28:05.694"></status>
</kw>
<kw name="Click" library="recursos">
<arguments>
<arg>//input[@id='busquedaAltaForm:idInputFecha']</arg>
</arguments>
<kw name="Click Element" library="SeleniumLibrary">
<doc>Click the element identified by ``locator``.</doc>
<arguments>
<arg>xpath=${arg1}</arg>
</arguments>
<msg timestamp="20200512 03:28:05.695" level="INFO">Clicking element 'xpath=//input[@id='busquedaAltaForm:idInputFecha']'.</msg>
<status status="PASS" starttime="20200512 03:28:05.695" endtime="20200512 03:28:06.074"></status>
</kw>
<status status="PASS" starttime="20200512 03:28:05.694" endtime="20200512 03:28:06.074"></status>
</kw>
<kw name="Click" library="recursos">
<arguments>
<arg>(//a[@href='#'])[${fecha}]</arg>
</arguments>
<kw name="Click Element" library="SeleniumLibrary">
<doc>Click the element identified by ``locator``.</doc>
<arguments>
<arg>xpath=${arg1}</arg>
</arguments>
<msg timestamp="20200512 03:28:06.074" level="INFO">Clicking element 'xpath=(//a[@href='#'])[14]'.</msg>
<status status="PASS" starttime="20200512 03:28:06.074" endtime="20200512 03:28:06.345"></status>
</kw>
<status status="PASS" starttime="20200512 03:28:06.074" endtime="20200512 03:28:06.345"></status>
</kw>
<kw name="Click" library="recursos">
<arguments>
<arg>(//input[contains(@type,'text')])[4]</arg>
</arguments>
<kw name="Click Element" library="SeleniumLibrary">
<doc>Click the element identified by ``locator``.</doc>
<arguments>
<arg>xpath=${arg1}</arg>
</arguments>
<msg timestamp="20200512 03:28:06.346" level="INFO">Clicking element 'xpath=(//input[contains(@type,'text')])[4]'.</msg>
<status status="PASS" starttime="20200512 03:28:06.346" endtime="20200512 03:28:06.624"></status>
</kw>
<status status="PASS" starttime="20200512 03:28:06.345" endtime="20200512 03:28:06.624"></status>
</kw>
<kw name="Click" library="recursos">
<arguments>
<arg>//div[@class='Hunter-hour-name'][contains(.,'${hora}')]</arg>
</arguments>
<kw name="Click Element" library="SeleniumLibrary">
<doc>Click the element identified by ``locator``.</doc>
<arguments>
<arg>xpath=${arg1}</arg>
</arguments>
<msg timestamp="20200512 03:28:06.625" level="INFO">Clicking element 'xpath=//div[@class='Hunter-hour-name'][contains(.,'9')]'.</msg>
<status status="PASS" starttime="20200512 03:28:06.625" endtime="20200512 03:28:06.916"></status>
</kw>
<status status="PASS" starttime="20200512 03:28:06.624" endtime="20200512 03:28:06.916"></status>
</kw>
<kw name="Click" library="recursos">
<arguments>
<arg>//li[@class='Hunter-minute'][contains(.,'${minuto}')]</arg>
</arguments>
<kw name="Click Element" library="SeleniumLibrary">
<doc>Click the element identified by ``locator``.</doc>
<arguments>
<arg>xpath=${arg1}</arg>
</arguments>
<msg timestamp="20200512 03:28:06.917" level="INFO">Clicking element 'xpath=//li[@class='Hunter-minute'][contains(.,'5')]'.</msg>
<status status="PASS" starttime="20200512 03:28:06.917" endtime="20200512 03:28:07.222"></status>
</kw>
<status status="PASS" starttime="20200512 03:28:06.916" endtime="20200512 03:28:07.222"></status>
</kw>
<kw name="Resultado" library="recursos">
<arguments>
<arg>.5</arg>
<arg>${dir}/Evento_excel.png</arg>
<arg>Datos del evento por excel.</arg>
</arguments>
<kw name="Sleep" library="BuiltIn">
<doc>Pauses the test executed for the given time.</doc>
<arguments>
<arg>${tiempo}</arg>
</arguments>
<msg timestamp="20200512 03:28:07.723" level="INFO">Slept 500 milliseconds</msg>
<status status="PASS" starttime="20200512 03:28:07.223" endtime="20200512 03:28:07.723"></status>
</kw>
<kw name="Capture Page Screenshot" library="SeleniumLibrary">
<doc>Takes a screenshot of the current page and embeds it into a log file.</doc>
<arguments>
<arg>${dir}</arg>
</arguments>
<msg timestamp="20200512 03:28:08.225" level="INFO" html="yes">&lt;/td&gt;&lt;/tr&gt;&lt;tr&gt;&lt;td colspan="3"&gt;&lt;a href="Img/Evento_excel.png"&gt;&lt;img src="Img/Evento_excel.png" width="800px"&gt;&lt;/a&gt;</msg>
<status status="PASS" starttime="20200512 03:28:07.723" endtime="20200512 03:28:08.225"></status>
</kw>
<kw name="Log" library="BuiltIn">
<doc>Logs the given message with the given level.</doc>
<arguments>
<arg>${print}</arg>
</arguments>
<msg timestamp="20200512 03:28:08.225" level="INFO">Datos del evento por excel.</msg>
<status status="PASS" starttime="20200512 03:28:08.225" endtime="20200512 03:28:08.225"></status>
</kw>
<status status="PASS" starttime="20200512 03:28:07.222" endtime="20200512 03:28:08.225"></status>
</kw>
<kw name="Scroll" library="recursos">
<arguments>
<arg>0</arg>
<arg>400</arg>
</arguments>
<kw name="Execute Javascript" library="SeleniumLibrary">
<doc>Executes the given JavaScript code with possible arguments.</doc>
<arguments>
<arg>window.scrollTo(${arg1},${arg2})</arg>
</arguments>
<msg timestamp="20200512 03:28:08.225" level="INFO">Executing JavaScript:
window.scrollTo(0,400)
Without any arguments.</msg>
<status status="PASS" starttime="20200512 03:28:08.225" endtime="20200512 03:28:08.342"></status>
</kw>
<status status="PASS" starttime="20200512 03:28:08.225" endtime="20200512 03:28:08.342"></status>
</kw>
<kw name="Texto" library="recursos">
<arguments>
<arg>//div[contains(@id,'textBox')]</arg>
<arg>${informacion}.</arg>
</arguments>
<kw name="Input Text" library="SeleniumLibrary">
<doc>Types the given ``text`` into the text field identified by ``locator``.</doc>
<arguments>
<arg>xpath=${arg1}</arg>
<arg>${arg2}</arg>
</arguments>
<msg timestamp="20200512 03:28:08.342" level="INFO">Typing text 'Datos de prueba del evento_1.' into text field 'xpath=//div[contains(@id,'textBox')]'.</msg>
<status status="PASS" starttime="20200512 03:28:08.342" endtime="20200512 03:28:09.028"></status>
</kw>
<status status="PASS" starttime="20200512 03:28:08.342" endtime="20200512 03:28:09.028"></status>
</kw>
<kw name="Scroll" library="recursos">
<arguments>
<arg>0</arg>
<arg>800</arg>
</arguments>
<kw name="Execute Javascript" library="SeleniumLibrary">
<doc>Executes the given JavaScript code with possible arguments.</doc>
<arguments>
<arg>window.scrollTo(${arg1},${arg2})</arg>
</arguments>
<msg timestamp="20200512 03:28:09.028" level="INFO">Executing JavaScript:
window.scrollTo(0,800)
Without any arguments.</msg>
<status status="PASS" starttime="20200512 03:28:09.028" endtime="20200512 03:28:09.144"></status>
</kw>
<status status="PASS" starttime="20200512 03:28:09.028" endtime="20200512 03:28:09.144"></status>
</kw>
<kw name="SLL" library="recursos">
<arguments>
<arg>//select[contains(@id,'busquedaAltaForm:idDependencia')]</arg>
<arg>${categoria}</arg>
</arguments>
<kw name="Select From List By Label" library="SeleniumLibrary">
<doc>Selects options from selection list ``locator`` by ``labels``.</doc>
<arguments>
<arg>${arg1}</arg>
<arg>${arg2}</arg>
</arguments>
<msg timestamp="20200512 03:28:09.144" level="INFO">Selecting options from selection list '//select[contains(@id,'busquedaAltaForm:idDependencia')]' by label categoría_1.</msg>
<status status="PASS" starttime="20200512 03:28:09.144" endtime="20200512 03:28:10.004"></status>
</kw>
<status status="PASS" starttime="20200512 03:28:09.144" endtime="20200512 03:28:10.004"></status>
</kw>
<kw name="Log" library="BuiltIn">
<doc>Logs the given message with the given level.</doc>
<arguments>
<arg>${categoria}</arg>
</arguments>
<msg timestamp="20200512 03:28:10.005" level="INFO">categoría_1</msg>
<status status="PASS" starttime="20200512 03:28:10.004" endtime="20200512 03:28:10.005"></status>
</kw>
<kw name="Dormir" library="recursos">
<arguments>
<arg>2</arg>
</arguments>
<kw name="Sleep" library="BuiltIn">
<doc>Pauses the test executed for the given time.</doc>
<arguments>
<arg>${arg1}</arg>
</arguments>
<msg timestamp="20200512 03:28:12.007" level="INFO">Slept 2 seconds</msg>
<status status="PASS" starttime="20200512 03:28:10.006" endtime="20200512 03:28:12.007"></status>
</kw>
<status status="PASS" starttime="20200512 03:28:10.005" endtime="20200512 03:28:12.007"></status>
</kw>
<status status="PASS" starttime="20200512 03:28:01.835" endtime="20200512 03:28:12.007"></status>
</kw>
<kw name="${i} = 2" type="foritem">
<kw name="Click" library="recursos">
<arguments>
<arg>//a[contains(@id,'idt9:linkAgregar')][@href='#'][contains(.,'Agregar')]</arg>
</arguments>
<kw name="Click Element" library="SeleniumLibrary">
<doc>Click the element identified by ``locator``.</doc>
<arguments>
<arg>xpath=${arg1}</arg>
</arguments>
<msg timestamp="20200512 03:28:12.007" level="INFO">Clicking element 'xpath=//a[contains(@id,'idt9:linkAgregar')][@href='#'][contains(.,'Agregar')]'.</msg>
<status status="PASS" starttime="20200512 03:28:12.007" endtime="20200512 03:28:13.407"></status>
</kw>
<status status="PASS" starttime="20200512 03:28:12.007" endtime="20200512 03:28:13.407"></status>
</kw>
<kw name="Scroll" library="recursos">
<arguments>
<arg>0</arg>
<arg>200</arg>
</arguments>
<kw name="Execute Javascript" library="SeleniumLibrary">
<doc>Executes the given JavaScript code with possible arguments.</doc>
<arguments>
<arg>window.scrollTo(${arg1},${arg2})</arg>
</arguments>
<msg timestamp="20200512 03:28:13.407" level="INFO">Executing JavaScript:
window.scrollTo(0,200)
Without any arguments.</msg>
<status status="PASS" starttime="20200512 03:28:13.407" endtime="20200512 03:28:13.515"></status>
</kw>
<status status="PASS" starttime="20200512 03:28:13.407" endtime="20200512 03:28:13.515"></status>
</kw>
<kw name="Leer celda" library="recursos">
<arguments>
<arg>Hoja1</arg>
<arg>${i}</arg>
<arg>1</arg>
</arguments>
<assign>
<var>${tipo}</var>
</assign>
<kw name="Cell Data" library="ReadData">
<arguments>
<arg>${hoja}</arg>
<arg>${fila}</arg>
<arg>${celda}</arg>
</arguments>
<assign>
<var>${celldata}</var>
</assign>
<msg timestamp="20200512 03:28:13.516" level="INFO">${celldata} = Actividad</msg>
<status status="PASS" starttime="20200512 03:28:13.515" endtime="20200512 03:28:13.516"></status>
</kw>
<msg timestamp="20200512 03:28:13.516" level="INFO">${tipo} = Actividad</msg>
<status status="PASS" starttime="20200512 03:28:13.515" endtime="20200512 03:28:13.516"></status>
</kw>
<kw name="Leer celda" library="recursos">
<arguments>
<arg>Hoja1</arg>
<arg>${i}</arg>
<arg>2</arg>
</arguments>
<assign>
<var>${estatus}</var>
</assign>
<kw name="Cell Data" library="ReadData">
<arguments>
<arg>${hoja}</arg>
<arg>${fila}</arg>
<arg>${celda}</arg>
</arguments>
<assign>
<var>${celldata}</var>
</assign>
<msg timestamp="20200512 03:28:13.516" level="INFO">${celldata} = En Proceso</msg>
<status status="PASS" starttime="20200512 03:28:13.516" endtime="20200512 03:28:13.516"></status>
</kw>
<msg timestamp="20200512 03:28:13.517" level="INFO">${estatus} = En Proceso</msg>
<status status="PASS" starttime="20200512 03:28:13.516" endtime="20200512 03:28:13.517"></status>
</kw>
<kw name="Leer celda" library="recursos">
<arguments>
<arg>Hoja1</arg>
<arg>${i}</arg>
<arg>3</arg>
</arguments>
<assign>
<var>${nombre_evento}</var>
</assign>
<kw name="Cell Data" library="ReadData">
<arguments>
<arg>${hoja}</arg>
<arg>${fila}</arg>
<arg>${celda}</arg>
</arguments>
<assign>
<var>${celldata}</var>
</assign>
<msg timestamp="20200512 03:28:13.517" level="INFO">${celldata} = Evento_2</msg>
<status status="PASS" starttime="20200512 03:28:13.517" endtime="20200512 03:28:13.517"></status>
</kw>
<msg timestamp="20200512 03:28:13.518" level="INFO">${nombre_evento} = Evento_2</msg>
<status status="PASS" starttime="20200512 03:28:13.517" endtime="20200512 03:28:13.518"></status>
</kw>
<kw name="Leer celda" library="recursos">
<arguments>
<arg>Hoja1</arg>
<arg>${i}</arg>
<arg>4</arg>
</arguments>
<assign>
<var>${fecha}</var>
</assign>
<kw name="Cell Data" library="ReadData">
<arguments>
<arg>${hoja}</arg>
<arg>${fila}</arg>
<arg>${celda}</arg>
</arguments>
<assign>
<var>${celldata}</var>
</assign>
<msg timestamp="20200512 03:28:13.518" level="INFO">${celldata} = 15</msg>
<status status="PASS" starttime="20200512 03:28:13.518" endtime="20200512 03:28:13.518"></status>
</kw>
<msg timestamp="20200512 03:28:13.518" level="INFO">${fecha} = 15</msg>
<status status="PASS" starttime="20200512 03:28:13.518" endtime="20200512 03:28:13.519"></status>
</kw>
<kw name="Leer celda" library="recursos">
<arguments>
<arg>Hoja1</arg>
<arg>${i}</arg>
<arg>5</arg>
</arguments>
<assign>
<var>${hora}</var>
</assign>
<kw name="Cell Data" library="ReadData">
<arguments>
<arg>${hoja}</arg>
<arg>${fila}</arg>
<arg>${celda}</arg>
</arguments>
<assign>
<var>${celldata}</var>
</assign>
<msg timestamp="20200512 03:28:13.519" level="INFO">${celldata} = 10</msg>
<status status="PASS" starttime="20200512 03:28:13.519" endtime="20200512 03:28:13.519"></status>
</kw>
<msg timestamp="20200512 03:28:13.519" level="INFO">${hora} = 10</msg>
<status status="PASS" starttime="20200512 03:28:13.519" endtime="20200512 03:28:13.519"></status>
</kw>
<kw name="Leer celda" library="recursos">
<arguments>
<arg>Hoja1</arg>
<arg>${i}</arg>
<arg>6</arg>
</arguments>
<assign>
<var>${minuto}</var>
</assign>
<kw name="Cell Data" library="ReadData">
<arguments>
<arg>${hoja}</arg>
<arg>${fila}</arg>
<arg>${celda}</arg>
</arguments>
<assign>
<var>${celldata}</var>
</assign>
<msg timestamp="20200512 03:28:13.520" level="INFO">${celldata} = 20</msg>
<status status="PASS" starttime="20200512 03:28:13.520" endtime="20200512 03:28:13.520"></status>
</kw>
<msg timestamp="20200512 03:28:13.520" level="INFO">${minuto} = 20</msg>
<status status="PASS" starttime="20200512 03:28:13.519" endtime="20200512 03:28:13.520"></status>
</kw>
<kw name="Leer celda" library="recursos">
<arguments>
<arg>Hoja1</arg>
<arg>${i}</arg>
<arg>7</arg>
</arguments>
<assign>
<var>${informacion}</var>
</assign>
<kw name="Cell Data" library="ReadData">
<arguments>
<arg>${hoja}</arg>
<arg>${fila}</arg>
<arg>${celda}</arg>
</arguments>
<assign>
<var>${celldata}</var>
</assign>
<msg timestamp="20200512 03:28:13.521" level="INFO">${celldata} = Datos de prueba del evento_2</msg>
<status status="PASS" starttime="20200512 03:28:13.521" endtime="20200512 03:28:13.521"></status>
</kw>
<msg timestamp="20200512 03:28:13.521" level="INFO">${informacion} = Datos de prueba del evento_2</msg>
<status status="PASS" starttime="20200512 03:28:13.520" endtime="20200512 03:28:13.521"></status>
</kw>
<kw name="Leer celda" library="recursos">
<arguments>
<arg>Hoja1</arg>
<arg>${i}</arg>
<arg>8</arg>
</arguments>
<assign>
<var>${categoria}</var>
</assign>
<kw name="Cell Data" library="ReadData">
<arguments>
<arg>${hoja}</arg>
<arg>${fila}</arg>
<arg>${celda}</arg>
</arguments>
<assign>
<var>${celldata}</var>
</assign>
<msg timestamp="20200512 03:28:13.522" level="INFO">${celldata} = categoría_4</msg>
<status status="PASS" starttime="20200512 03:28:13.522" endtime="20200512 03:28:13.522"></status>
</kw>
<msg timestamp="20200512 03:28:13.522" level="INFO">${categoria} = categoría_4</msg>
<status status="PASS" starttime="20200512 03:28:13.521" endtime="20200512 03:28:13.522"></status>
</kw>
<kw name="SLL" library="recursos">
<arguments>
<arg>//select[@id='busquedaAltaForm:idSlcTipoEvento']</arg>
<arg>${tipo}</arg>
</arguments>
<kw name="Select From List By Label" library="SeleniumLibrary">
<doc>Selects options from selection list ``locator`` by ``labels``.</doc>
<arguments>
<arg>${arg1}</arg>
<arg>${arg2}</arg>
</arguments>
<msg timestamp="20200512 03:28:13.523" level="INFO">Selecting options from selection list '//select[@id='busquedaAltaForm:idSlcTipoEvento']' by label Actividad.</msg>
<status status="PASS" starttime="20200512 03:28:13.522" endtime="20200512 03:28:14.424"></status>
</kw>
<status status="PASS" starttime="20200512 03:28:13.522" endtime="20200512 03:28:14.424"></status>
</kw>
<kw name="SLL" library="recursos">
<arguments>
<arg>//select[contains(@id,'busquedaAltaForm:idSlcEstatus')]</arg>
<arg>${estatus}</arg>
</arguments>
<kw name="Select From List By Label" library="SeleniumLibrary">
<doc>Selects options from selection list ``locator`` by ``labels``.</doc>
<arguments>
<arg>${arg1}</arg>
<arg>${arg2}</arg>
</arguments>
<msg timestamp="20200512 03:28:14.426" level="INFO">Selecting options from selection list '//select[contains(@id,'busquedaAltaForm:idSlcEstatus')]' by label En Proceso.</msg>
<status status="PASS" starttime="20200512 03:28:14.426" endtime="20200512 03:28:15.327"></status>
</kw>
<status status="PASS" starttime="20200512 03:28:14.425" endtime="20200512 03:28:15.328"></status>
</kw>
<kw name="Texto" library="recursos">
<arguments>
<arg>//input[@id='busquedaAltaForm:idInputTitulo']</arg>
<arg>${nombre_evento}</arg>
</arguments>
<kw name="Input Text" library="SeleniumLibrary">
<doc>Types the given ``text`` into the text field identified by ``locator``.</doc>
<arguments>
<arg>xpath=${arg1}</arg>
<arg>${arg2}</arg>
</arguments>
<msg timestamp="20200512 03:28:15.330" level="INFO">Typing text 'Evento_2' into text field 'xpath=//input[@id='busquedaAltaForm:idInputTitulo']'.</msg>
<status status="PASS" starttime="20200512 03:28:15.329" endtime="20200512 03:28:15.882"></status>
</kw>
<status status="PASS" starttime="20200512 03:28:15.328" endtime="20200512 03:28:15.882"></status>
</kw>
<kw name="Click" library="recursos">
<arguments>
<arg>//input[@id='busquedaAltaForm:idInputFecha']</arg>
</arguments>
<kw name="Click Element" library="SeleniumLibrary">
<doc>Click the element identified by ``locator``.</doc>
<arguments>
<arg>xpath=${arg1}</arg>
</arguments>
<msg timestamp="20200512 03:28:15.883" level="INFO">Clicking element 'xpath=//input[@id='busquedaAltaForm:idInputFecha']'.</msg>
<status status="PASS" starttime="20200512 03:28:15.882" endtime="20200512 03:28:16.180"></status>
</kw>
<status status="PASS" starttime="20200512 03:28:15.882" endtime="20200512 03:28:16.180"></status>
</kw>
<kw name="Click" library="recursos">
<arguments>
<arg>(//a[@href='#'])[${fecha}]</arg>
</arguments>
<kw name="Click Element" library="SeleniumLibrary">
<doc>Click the element identified by ``locator``.</doc>
<arguments>
<arg>xpath=${arg1}</arg>
</arguments>
<msg timestamp="20200512 03:28:16.182" level="INFO">Clicking element 'xpath=(//a[@href='#'])[15]'.</msg>
<status status="PASS" starttime="20200512 03:28:16.181" endtime="20200512 03:28:16.508"></status>
</kw>
<status status="PASS" starttime="20200512 03:28:16.180" endtime="20200512 03:28:16.508"></status>
</kw>
<kw name="Click" library="recursos">
<arguments>
<arg>(//input[contains(@type,'text')])[4]</arg>
</arguments>
<kw name="Click Element" library="SeleniumLibrary">
<doc>Click the element identified by ``locator``.</doc>
<arguments>
<arg>xpath=${arg1}</arg>
</arguments>
<msg timestamp="20200512 03:28:16.509" level="INFO">Clicking element 'xpath=(//input[contains(@type,'text')])[4]'.</msg>
<status status="PASS" starttime="20200512 03:28:16.509" endtime="20200512 03:28:16.771"></status>
</kw>
<status status="PASS" starttime="20200512 03:28:16.508" endtime="20200512 03:28:16.771"></status>
</kw>
<kw name="Click" library="recursos">
<arguments>
<arg>//div[@class='Hunter-hour-name'][contains(.,'${hora}')]</arg>
</arguments>
<kw name="Click Element" library="SeleniumLibrary">
<doc>Click the element identified by ``locator``.</doc>
<arguments>
<arg>xpath=${arg1}</arg>
</arguments>
<msg timestamp="20200512 03:28:16.772" level="INFO">Clicking element 'xpath=//div[@class='Hunter-hour-name'][contains(.,'10')]'.</msg>
<status status="PASS" starttime="20200512 03:28:16.771" endtime="20200512 03:28:17.056"></status>
</kw>
<status status="PASS" starttime="20200512 03:28:16.771" endtime="20200512 03:28:17.056"></status>
</kw>
<kw name="Click" library="recursos">
<arguments>
<arg>//li[@class='Hunter-minute'][contains(.,'${minuto}')]</arg>
</arguments>
<kw name="Click Element" library="SeleniumLibrary">
<doc>Click the element identified by ``locator``.</doc>
<arguments>
<arg>xpath=${arg1}</arg>
</arguments>
<msg timestamp="20200512 03:28:17.057" level="INFO">Clicking element 'xpath=//li[@class='Hunter-minute'][contains(.,'20')]'.</msg>
<status status="PASS" starttime="20200512 03:28:17.057" endtime="20200512 03:28:17.327"></status>
</kw>
<status status="PASS" starttime="20200512 03:28:17.056" endtime="20200512 03:28:17.327"></status>
</kw>
<kw name="Resultado" library="recursos">
<arguments>
<arg>.5</arg>
<arg>${dir}/Evento_excel.png</arg>
<arg>Datos del evento por excel.</arg>
</arguments>
<kw name="Sleep" library="BuiltIn">
<doc>Pauses the test executed for the given time.</doc>
<arguments>
<arg>${tiempo}</arg>
</arguments>
<msg timestamp="20200512 03:28:17.828" level="INFO">Slept 500 milliseconds</msg>
<status status="PASS" starttime="20200512 03:28:17.328" endtime="20200512 03:28:17.828"></status>
</kw>
<kw name="Capture Page Screenshot" library="SeleniumLibrary">
<doc>Takes a screenshot of the current page and embeds it into a log file.</doc>
<arguments>
<arg>${dir}</arg>
</arguments>
<msg timestamp="20200512 03:28:18.331" level="INFO" html="yes">&lt;/td&gt;&lt;/tr&gt;&lt;tr&gt;&lt;td colspan="3"&gt;&lt;a href="Img/Evento_excel.png"&gt;&lt;img src="Img/Evento_excel.png" width="800px"&gt;&lt;/a&gt;</msg>
<status status="PASS" starttime="20200512 03:28:17.828" endtime="20200512 03:28:18.331"></status>
</kw>
<kw name="Log" library="BuiltIn">
<doc>Logs the given message with the given level.</doc>
<arguments>
<arg>${print}</arg>
</arguments>
<msg timestamp="20200512 03:28:18.331" level="INFO">Datos del evento por excel.</msg>
<status status="PASS" starttime="20200512 03:28:18.331" endtime="20200512 03:28:18.331"></status>
</kw>
<status status="PASS" starttime="20200512 03:28:17.327" endtime="20200512 03:28:18.331"></status>
</kw>
<kw name="Scroll" library="recursos">
<arguments>
<arg>0</arg>
<arg>400</arg>
</arguments>
<kw name="Execute Javascript" library="SeleniumLibrary">
<doc>Executes the given JavaScript code with possible arguments.</doc>
<arguments>
<arg>window.scrollTo(${arg1},${arg2})</arg>
</arguments>
<msg timestamp="20200512 03:28:18.331" level="INFO">Executing JavaScript:
window.scrollTo(0,400)
Without any arguments.</msg>
<status status="PASS" starttime="20200512 03:28:18.331" endtime="20200512 03:28:18.447"></status>
</kw>
<status status="PASS" starttime="20200512 03:28:18.331" endtime="20200512 03:28:18.447"></status>
</kw>
<kw name="Texto" library="recursos">
<arguments>
<arg>//div[contains(@id,'textBox')]</arg>
<arg>${informacion}.</arg>
</arguments>
<kw name="Input Text" library="SeleniumLibrary">
<doc>Types the given ``text`` into the text field identified by ``locator``.</doc>
<arguments>
<arg>xpath=${arg1}</arg>
<arg>${arg2}</arg>
</arguments>
<msg timestamp="20200512 03:28:18.447" level="INFO">Typing text 'Datos de prueba del evento_2.' into text field 'xpath=//div[contains(@id,'textBox')]'.</msg>
<status status="PASS" starttime="20200512 03:28:18.447" endtime="20200512 03:28:19.089"></status>
</kw>
<status status="PASS" starttime="20200512 03:28:18.447" endtime="20200512 03:28:19.089"></status>
</kw>
<kw name="Scroll" library="recursos">
<arguments>
<arg>0</arg>
<arg>800</arg>
</arguments>
<kw name="Execute Javascript" library="SeleniumLibrary">
<doc>Executes the given JavaScript code with possible arguments.</doc>
<arguments>
<arg>window.scrollTo(${arg1},${arg2})</arg>
</arguments>
<msg timestamp="20200512 03:28:19.089" level="INFO">Executing JavaScript:
window.scrollTo(0,800)
Without any arguments.</msg>
<status status="PASS" starttime="20200512 03:28:19.089" endtime="20200512 03:28:19.207"></status>
</kw>
<status status="PASS" starttime="20200512 03:28:19.089" endtime="20200512 03:28:19.207"></status>
</kw>
<kw name="SLL" library="recursos">
<arguments>
<arg>//select[contains(@id,'busquedaAltaForm:idDependencia')]</arg>
<arg>${categoria}</arg>
</arguments>
<kw name="Select From List By Label" library="SeleniumLibrary">
<doc>Selects options from selection list ``locator`` by ``labels``.</doc>
<arguments>
<arg>${arg1}</arg>
<arg>${arg2}</arg>
</arguments>
<msg timestamp="20200512 03:28:19.207" level="INFO">Selecting options from selection list '//select[contains(@id,'busquedaAltaForm:idDependencia')]' by label categoría_4.</msg>
<status status="PASS" starttime="20200512 03:28:19.207" endtime="20200512 03:28:20.130"></status>
</kw>
<status status="PASS" starttime="20200512 03:28:19.207" endtime="20200512 03:28:20.130"></status>
</kw>
<kw name="Log" library="BuiltIn">
<doc>Logs the given message with the given level.</doc>
<arguments>
<arg>${categoria}</arg>
</arguments>
<msg timestamp="20200512 03:28:20.130" level="INFO">categoría_4</msg>
<status status="PASS" starttime="20200512 03:28:20.130" endtime="20200512 03:28:20.130"></status>
</kw>
<kw name="Dormir" library="recursos">
<arguments>
<arg>2</arg>
</arguments>
<kw name="Sleep" library="BuiltIn">
<doc>Pauses the test executed for the given time.</doc>
<arguments>
<arg>${arg1}</arg>
</arguments>
<msg timestamp="20200512 03:28:22.146" level="INFO">Slept 2 seconds</msg>
<status status="PASS" starttime="20200512 03:28:20.130" endtime="20200512 03:28:22.146"></status>
</kw>
<status status="PASS" starttime="20200512 03:28:20.130" endtime="20200512 03:28:22.146"></status>
</kw>
<status status="PASS" starttime="20200512 03:28:12.007" endtime="20200512 03:28:22.146"></status>
</kw>
<kw name="${i} = 3" type="foritem">
<kw name="Click" library="recursos">
<arguments>
<arg>//a[contains(@id,'idt9:linkAgregar')][@href='#'][contains(.,'Agregar')]</arg>
</arguments>
<kw name="Click Element" library="SeleniumLibrary">
<doc>Click the element identified by ``locator``.</doc>
<arguments>
<arg>xpath=${arg1}</arg>
</arguments>
<msg timestamp="20200512 03:28:22.146" level="INFO">Clicking element 'xpath=//a[contains(@id,'idt9:linkAgregar')][@href='#'][contains(.,'Agregar')]'.</msg>
<status status="PASS" starttime="20200512 03:28:22.146" endtime="20200512 03:28:23.597"></status>
</kw>
<status status="PASS" starttime="20200512 03:28:22.146" endtime="20200512 03:28:23.597"></status>
</kw>
<kw name="Scroll" library="recursos">
<arguments>
<arg>0</arg>
<arg>200</arg>
</arguments>
<kw name="Execute Javascript" library="SeleniumLibrary">
<doc>Executes the given JavaScript code with possible arguments.</doc>
<arguments>
<arg>window.scrollTo(${arg1},${arg2})</arg>
</arguments>
<msg timestamp="20200512 03:28:23.598" level="INFO">Executing JavaScript:
window.scrollTo(0,200)
Without any arguments.</msg>
<status status="PASS" starttime="20200512 03:28:23.597" endtime="20200512 03:28:23.705"></status>
</kw>
<status status="PASS" starttime="20200512 03:28:23.597" endtime="20200512 03:28:23.705"></status>
</kw>
<kw name="Leer celda" library="recursos">
<arguments>
<arg>Hoja1</arg>
<arg>${i}</arg>
<arg>1</arg>
</arguments>
<assign>
<var>${tipo}</var>
</assign>
<kw name="Cell Data" library="ReadData">
<arguments>
<arg>${hoja}</arg>
<arg>${fila}</arg>
<arg>${celda}</arg>
</arguments>
<assign>
<var>${celldata}</var>
</assign>
<msg timestamp="20200512 03:28:23.706" level="INFO">${celldata} = Proyecto Estratégico</msg>
<status status="PASS" starttime="20200512 03:28:23.706" endtime="20200512 03:28:23.706"></status>
</kw>
<msg timestamp="20200512 03:28:23.706" level="INFO">${tipo} = Proyecto Estratégico</msg>
<status status="PASS" starttime="20200512 03:28:23.705" endtime="20200512 03:28:23.706"></status>
</kw>
<kw name="Leer celda" library="recursos">
<arguments>
<arg>Hoja1</arg>
<arg>${i}</arg>
<arg>2</arg>
</arguments>
<assign>
<var>${estatus}</var>
</assign>
<kw name="Cell Data" library="ReadData">
<arguments>
<arg>${hoja}</arg>
<arg>${fila}</arg>
<arg>${celda}</arg>
</arguments>
<assign>
<var>${celldata}</var>
</assign>
<msg timestamp="20200512 03:28:23.707" level="INFO">${celldata} = Concluido</msg>
<status status="PASS" starttime="20200512 03:28:23.707" endtime="20200512 03:28:23.707"></status>
</kw>
<msg timestamp="20200512 03:28:23.707" level="INFO">${estatus} = Concluido</msg>
<status status="PASS" starttime="20200512 03:28:23.707" endtime="20200512 03:28:23.708"></status>
</kw>
<kw name="Leer celda" library="recursos">
<arguments>
<arg>Hoja1</arg>
<arg>${i}</arg>
<arg>3</arg>
</arguments>
<assign>
<var>${nombre_evento}</var>
</assign>
<kw name="Cell Data" library="ReadData">
<arguments>
<arg>${hoja}</arg>
<arg>${fila}</arg>
<arg>${celda}</arg>
</arguments>
<assign>
<var>${celldata}</var>
</assign>
<msg timestamp="20200512 03:28:23.709" level="INFO">${celldata} = Evento_3</msg>
<status status="PASS" starttime="20200512 03:28:23.708" endtime="20200512 03:28:23.709"></status>
</kw>
<msg timestamp="20200512 03:28:23.709" level="INFO">${nombre_evento} = Evento_3</msg>
<status status="PASS" starttime="20200512 03:28:23.708" endtime="20200512 03:28:23.709"></status>
</kw>
<kw name="Leer celda" library="recursos">
<arguments>
<arg>Hoja1</arg>
<arg>${i}</arg>
<arg>4</arg>
</arguments>
<assign>
<var>${fecha}</var>
</assign>
<kw name="Cell Data" library="ReadData">
<arguments>
<arg>${hoja}</arg>
<arg>${fila}</arg>
<arg>${celda}</arg>
</arguments>
<assign>
<var>${celldata}</var>
</assign>
<msg timestamp="20200512 03:28:23.710" level="INFO">${celldata} = 16</msg>
<status status="PASS" starttime="20200512 03:28:23.709" endtime="20200512 03:28:23.710"></status>
</kw>
<msg timestamp="20200512 03:28:23.710" level="INFO">${fecha} = 16</msg>
<status status="PASS" starttime="20200512 03:28:23.709" endtime="20200512 03:28:23.710"></status>
</kw>
<kw name="Leer celda" library="recursos">
<arguments>
<arg>Hoja1</arg>
<arg>${i}</arg>
<arg>5</arg>
</arguments>
<assign>
<var>${hora}</var>
</assign>
<kw name="Cell Data" library="ReadData">
<arguments>
<arg>${hoja}</arg>
<arg>${fila}</arg>
<arg>${celda}</arg>
</arguments>
<assign>
<var>${celldata}</var>
</assign>
<msg timestamp="20200512 03:28:23.711" level="INFO">${celldata} = 11</msg>
<status status="PASS" starttime="20200512 03:28:23.710" endtime="20200512 03:28:23.711"></status>
</kw>
<msg timestamp="20200512 03:28:23.711" level="INFO">${hora} = 11</msg>
<status status="PASS" starttime="20200512 03:28:23.710" endtime="20200512 03:28:23.711"></status>
</kw>
<kw name="Leer celda" library="recursos">
<arguments>
<arg>Hoja1</arg>
<arg>${i}</arg>
<arg>6</arg>
</arguments>
<assign>
<var>${minuto}</var>
</assign>
<kw name="Cell Data" library="ReadData">
<arguments>
<arg>${hoja}</arg>
<arg>${fila}</arg>
<arg>${celda}</arg>
</arguments>
<assign>
<var>${celldata}</var>
</assign>
<msg timestamp="20200512 03:28:23.712" level="INFO">${celldata} = 35</msg>
<status status="PASS" starttime="20200512 03:28:23.711" endtime="20200512 03:28:23.712"></status>
</kw>
<msg timestamp="20200512 03:28:23.712" level="INFO">${minuto} = 35</msg>
<status status="PASS" starttime="20200512 03:28:23.711" endtime="20200512 03:28:23.712"></status>
</kw>
<kw name="Leer celda" library="recursos">
<arguments>
<arg>Hoja1</arg>
<arg>${i}</arg>
<arg>7</arg>
</arguments>
<assign>
<var>${informacion}</var>
</assign>
<kw name="Cell Data" library="ReadData">
<arguments>
<arg>${hoja}</arg>
<arg>${fila}</arg>
<arg>${celda}</arg>
</arguments>
<assign>
<var>${celldata}</var>
</assign>
<msg timestamp="20200512 03:28:23.713" level="INFO">${celldata} = Datos de prueba del evento_3</msg>
<status status="PASS" starttime="20200512 03:28:23.712" endtime="20200512 03:28:23.713"></status>
</kw>
<msg timestamp="20200512 03:28:23.713" level="INFO">${informacion} = Datos de prueba del evento_3</msg>
<status status="PASS" starttime="20200512 03:28:23.712" endtime="20200512 03:28:23.713"></status>
</kw>
<kw name="Leer celda" library="recursos">
<arguments>
<arg>Hoja1</arg>
<arg>${i}</arg>
<arg>8</arg>
</arguments>
<assign>
<var>${categoria}</var>
</assign>
<kw name="Cell Data" library="ReadData">
<arguments>
<arg>${hoja}</arg>
<arg>${fila}</arg>
<arg>${celda}</arg>
</arguments>
<assign>
<var>${celldata}</var>
</assign>
<msg timestamp="20200512 03:28:23.713" level="INFO">${celldata} = categoría_5</msg>
<status status="PASS" starttime="20200512 03:28:23.713" endtime="20200512 03:28:23.713"></status>
</kw>
<msg timestamp="20200512 03:28:23.714" level="INFO">${categoria} = categoría_5</msg>
<status status="PASS" starttime="20200512 03:28:23.713" endtime="20200512 03:28:23.714"></status>
</kw>
<kw name="SLL" library="recursos">
<arguments>
<arg>//select[@id='busquedaAltaForm:idSlcTipoEvento']</arg>
<arg>${tipo}</arg>
</arguments>
<kw name="Select From List By Label" library="SeleniumLibrary">
<doc>Selects options from selection list ``locator`` by ``labels``.</doc>
<arguments>
<arg>${arg1}</arg>
<arg>${arg2}</arg>
</arguments>
<msg timestamp="20200512 03:28:23.714" level="INFO">Selecting options from selection list '//select[@id='busquedaAltaForm:idSlcTipoEvento']' by label Proyecto Estratégico.</msg>
<status status="PASS" starttime="20200512 03:28:23.714" endtime="20200512 03:28:24.575"></status>
</kw>
<status status="PASS" starttime="20200512 03:28:23.714" endtime="20200512 03:28:24.575"></status>
</kw>
<kw name="SLL" library="recursos">
<arguments>
<arg>//select[contains(@id,'busquedaAltaForm:idSlcEstatus')]</arg>
<arg>${estatus}</arg>
</arguments>
<kw name="Select From List By Label" library="SeleniumLibrary">
<doc>Selects options from selection list ``locator`` by ``labels``.</doc>
<arguments>
<arg>${arg1}</arg>
<arg>${arg2}</arg>
</arguments>
<msg timestamp="20200512 03:28:24.576" level="INFO">Selecting options from selection list '//select[contains(@id,'busquedaAltaForm:idSlcEstatus')]' by label Concluido.</msg>
<status status="PASS" starttime="20200512 03:28:24.576" endtime="20200512 03:28:25.463"></status>
</kw>
<status status="PASS" starttime="20200512 03:28:24.575" endtime="20200512 03:28:25.463"></status>
</kw>
<kw name="Texto" library="recursos">
<arguments>
<arg>//input[@id='busquedaAltaForm:idInputTitulo']</arg>
<arg>${nombre_evento}</arg>
</arguments>
<kw name="Input Text" library="SeleniumLibrary">
<doc>Types the given ``text`` into the text field identified by ``locator``.</doc>
<arguments>
<arg>xpath=${arg1}</arg>
<arg>${arg2}</arg>
</arguments>
<msg timestamp="20200512 03:28:25.465" level="INFO">Typing text 'Evento_3' into text field 'xpath=//input[@id='busquedaAltaForm:idInputTitulo']'.</msg>
<status status="PASS" starttime="20200512 03:28:25.464" endtime="20200512 03:28:25.964"></status>
</kw>
<status status="PASS" starttime="20200512 03:28:25.463" endtime="20200512 03:28:25.964"></status>
</kw>
<kw name="Click" library="recursos">
<arguments>
<arg>//input[@id='busquedaAltaForm:idInputFecha']</arg>
</arguments>
<kw name="Click Element" library="SeleniumLibrary">
<doc>Click the element identified by ``locator``.</doc>
<arguments>
<arg>xpath=${arg1}</arg>
</arguments>
<msg timestamp="20200512 03:28:25.965" level="INFO">Clicking element 'xpath=//input[@id='busquedaAltaForm:idInputFecha']'.</msg>
<status status="PASS" starttime="20200512 03:28:25.965" endtime="20200512 03:28:26.283"></status>
</kw>
<status status="PASS" starttime="20200512 03:28:25.964" endtime="20200512 03:28:26.283"></status>
</kw>
<kw name="Click" library="recursos">
<arguments>
<arg>(//a[@href='#'])[${fecha}]</arg>
</arguments>
<kw name="Click Element" library="SeleniumLibrary">
<doc>Click the element identified by ``locator``.</doc>
<arguments>
<arg>xpath=${arg1}</arg>
</arguments>
<msg timestamp="20200512 03:28:26.283" level="INFO">Clicking element 'xpath=(//a[@href='#'])[16]'.</msg>
<status status="PASS" starttime="20200512 03:28:26.283" endtime="20200512 03:28:26.595"></status>
</kw>
<status status="PASS" starttime="20200512 03:28:26.283" endtime="20200512 03:28:26.595"></status>
</kw>
<kw name="Click" library="recursos">
<arguments>
<arg>(//input[contains(@type,'text')])[4]</arg>
</arguments>
<kw name="Click Element" library="SeleniumLibrary">
<doc>Click the element identified by ``locator``.</doc>
<arguments>
<arg>xpath=${arg1}</arg>
</arguments>
<msg timestamp="20200512 03:28:26.596" level="INFO">Clicking element 'xpath=(//input[contains(@type,'text')])[4]'.</msg>
<status status="PASS" starttime="20200512 03:28:26.596" endtime="20200512 03:28:26.896"></status>
</kw>
<status status="PASS" starttime="20200512 03:28:26.595" endtime="20200512 03:28:26.896"></status>
</kw>
<kw name="Click" library="recursos">
<arguments>
<arg>//div[@class='Hunter-hour-name'][contains(.,'${hora}')]</arg>
</arguments>
<kw name="Click Element" library="SeleniumLibrary">
<doc>Click the element identified by ``locator``.</doc>
<arguments>
<arg>xpath=${arg1}</arg>
</arguments>
<msg timestamp="20200512 03:28:26.897" level="INFO">Clicking element 'xpath=//div[@class='Hunter-hour-name'][contains(.,'11')]'.</msg>
<status status="PASS" starttime="20200512 03:28:26.896" endtime="20200512 03:28:27.187"></status>
</kw>
<status status="PASS" starttime="20200512 03:28:26.896" endtime="20200512 03:28:27.187"></status>
</kw>
<kw name="Click" library="recursos">
<arguments>
<arg>//li[@class='Hunter-minute'][contains(.,'${minuto}')]</arg>
</arguments>
<kw name="Click Element" library="SeleniumLibrary">
<doc>Click the element identified by ``locator``.</doc>
<arguments>
<arg>xpath=${arg1}</arg>
</arguments>
<msg timestamp="20200512 03:28:27.188" level="INFO">Clicking element 'xpath=//li[@class='Hunter-minute'][contains(.,'35')]'.</msg>
<status status="PASS" starttime="20200512 03:28:27.188" endtime="20200512 03:28:27.494"></status>
</kw>
<status status="PASS" starttime="20200512 03:28:27.187" endtime="20200512 03:28:27.494"></status>
</kw>
<kw name="Resultado" library="recursos">
<arguments>
<arg>.5</arg>
<arg>${dir}/Evento_excel.png</arg>
<arg>Datos del evento por excel.</arg>
</arguments>
<kw name="Sleep" library="BuiltIn">
<doc>Pauses the test executed for the given time.</doc>
<arguments>
<arg>${tiempo}</arg>
</arguments>
<msg timestamp="20200512 03:28:27.996" level="INFO">Slept 500 milliseconds</msg>
<status status="PASS" starttime="20200512 03:28:27.494" endtime="20200512 03:28:27.996"></status>
</kw>
<kw name="Capture Page Screenshot" library="SeleniumLibrary">
<doc>Takes a screenshot of the current page and embeds it into a log file.</doc>
<arguments>
<arg>${dir}</arg>
</arguments>
<msg timestamp="20200512 03:28:28.491" level="INFO" html="yes">&lt;/td&gt;&lt;/tr&gt;&lt;tr&gt;&lt;td colspan="3"&gt;&lt;a href="Img/Evento_excel.png"&gt;&lt;img src="Img/Evento_excel.png" width="800px"&gt;&lt;/a&gt;</msg>
<status status="PASS" starttime="20200512 03:28:27.997" endtime="20200512 03:28:28.491"></status>
</kw>
<kw name="Log" library="BuiltIn">
<doc>Logs the given message with the given level.</doc>
<arguments>
<arg>${print}</arg>
</arguments>
<msg timestamp="20200512 03:28:28.491" level="INFO">Datos del evento por excel.</msg>
<status status="PASS" starttime="20200512 03:28:28.491" endtime="20200512 03:28:28.491"></status>
</kw>
<status status="PASS" starttime="20200512 03:28:27.494" endtime="20200512 03:28:28.491"></status>
</kw>
<kw name="Scroll" library="recursos">
<arguments>
<arg>0</arg>
<arg>400</arg>
</arguments>
<kw name="Execute Javascript" library="SeleniumLibrary">
<doc>Executes the given JavaScript code with possible arguments.</doc>
<arguments>
<arg>window.scrollTo(${arg1},${arg2})</arg>
</arguments>
<msg timestamp="20200512 03:28:28.491" level="INFO">Executing JavaScript:
window.scrollTo(0,400)
Without any arguments.</msg>
<status status="PASS" starttime="20200512 03:28:28.491" endtime="20200512 03:28:28.624"></status>
</kw>
<status status="PASS" starttime="20200512 03:28:28.491" endtime="20200512 03:28:28.624"></status>
</kw>
<kw name="Texto" library="recursos">
<arguments>
<arg>//div[contains(@id,'textBox')]</arg>
<arg>${informacion}.</arg>
</arguments>
<kw name="Input Text" library="SeleniumLibrary">
<doc>Types the given ``text`` into the text field identified by ``locator``.</doc>
<arguments>
<arg>xpath=${arg1}</arg>
<arg>${arg2}</arg>
</arguments>
<msg timestamp="20200512 03:28:28.624" level="INFO">Typing text 'Datos de prueba del evento_3.' into text field 'xpath=//div[contains(@id,'textBox')]'.</msg>
<status status="PASS" starttime="20200512 03:28:28.624" endtime="20200512 03:28:29.350"></status>
</kw>
<status status="PASS" starttime="20200512 03:28:28.624" endtime="20200512 03:28:29.350"></status>
</kw>
<kw name="Scroll" library="recursos">
<arguments>
<arg>0</arg>
<arg>800</arg>
</arguments>
<kw name="Execute Javascript" library="SeleniumLibrary">
<doc>Executes the given JavaScript code with possible arguments.</doc>
<arguments>
<arg>window.scrollTo(${arg1},${arg2})</arg>
</arguments>
<msg timestamp="20200512 03:28:29.350" level="INFO">Executing JavaScript:
window.scrollTo(0,800)
Without any arguments.</msg>
<status status="PASS" starttime="20200512 03:28:29.350" endtime="20200512 03:28:29.479"></status>
</kw>
<status status="PASS" starttime="20200512 03:28:29.350" endtime="20200512 03:28:29.479"></status>
</kw>
<kw name="SLL" library="recursos">
<arguments>
<arg>//select[contains(@id,'busquedaAltaForm:idDependencia')]</arg>
<arg>${categoria}</arg>
</arguments>
<kw name="Select From List By Label" library="SeleniumLibrary">
<doc>Selects options from selection list ``locator`` by ``labels``.</doc>
<arguments>
<arg>${arg1}</arg>
<arg>${arg2}</arg>
</arguments>
<msg timestamp="20200512 03:28:29.479" level="INFO">Selecting options from selection list '//select[contains(@id,'busquedaAltaForm:idDependencia')]' by label categoría_5.</msg>
<status status="PASS" starttime="20200512 03:28:29.479" endtime="20200512 03:28:30.411"></status>
</kw>
<status status="PASS" starttime="20200512 03:28:29.479" endtime="20200512 03:28:30.411"></status>
</kw>
<kw name="Log" library="BuiltIn">
<doc>Logs the given message with the given level.</doc>
<arguments>
<arg>${categoria}</arg>
</arguments>
<msg timestamp="20200512 03:28:30.411" level="INFO">categoría_5</msg>
<status status="PASS" starttime="20200512 03:28:30.411" endtime="20200512 03:28:30.411"></status>
</kw>
<kw name="Dormir" library="recursos">
<arguments>
<arg>2</arg>
</arguments>
<kw name="Sleep" library="BuiltIn">
<doc>Pauses the test executed for the given time.</doc>
<arguments>
<arg>${arg1}</arg>
</arguments>
<msg timestamp="20200512 03:28:32.419" level="INFO">Slept 2 seconds</msg>
<status status="PASS" starttime="20200512 03:28:30.412" endtime="20200512 03:28:32.419"></status>
</kw>
<status status="PASS" starttime="20200512 03:28:30.411" endtime="20200512 03:28:32.419"></status>
</kw>
<status status="PASS" starttime="20200512 03:28:22.146" endtime="20200512 03:28:32.419"></status>
</kw>
<kw name="${i} = 4" type="foritem">
<kw name="Click" library="recursos">
<arguments>
<arg>//a[contains(@id,'idt9:linkAgregar')][@href='#'][contains(.,'Agregar')]</arg>
</arguments>
<kw name="Click Element" library="SeleniumLibrary">
<doc>Click the element identified by ``locator``.</doc>
<arguments>
<arg>xpath=${arg1}</arg>
</arguments>
<msg timestamp="20200512 03:28:32.419" level="INFO">Clicking element 'xpath=//a[contains(@id,'idt9:linkAgregar')][@href='#'][contains(.,'Agregar')]'.</msg>
<status status="PASS" starttime="20200512 03:28:32.419" endtime="20200512 03:28:33.790"></status>
</kw>
<status status="PASS" starttime="20200512 03:28:32.419" endtime="20200512 03:28:33.790"></status>
</kw>
<kw name="Scroll" library="recursos">
<arguments>
<arg>0</arg>
<arg>200</arg>
</arguments>
<kw name="Execute Javascript" library="SeleniumLibrary">
<doc>Executes the given JavaScript code with possible arguments.</doc>
<arguments>
<arg>window.scrollTo(${arg1},${arg2})</arg>
</arguments>
<msg timestamp="20200512 03:28:33.791" level="INFO">Executing JavaScript:
window.scrollTo(0,200)
Without any arguments.</msg>
<status status="PASS" starttime="20200512 03:28:33.790" endtime="20200512 03:28:33.897"></status>
</kw>
<status status="PASS" starttime="20200512 03:28:33.790" endtime="20200512 03:28:33.897"></status>
</kw>
<kw name="Leer celda" library="recursos">
<arguments>
<arg>Hoja1</arg>
<arg>${i}</arg>
<arg>1</arg>
</arguments>
<assign>
<var>${tipo}</var>
</assign>
<kw name="Cell Data" library="ReadData">
<arguments>
<arg>${hoja}</arg>
<arg>${fila}</arg>
<arg>${celda}</arg>
</arguments>
<assign>
<var>${celldata}</var>
</assign>
<msg timestamp="20200512 03:28:33.898" level="INFO">${celldata} = None</msg>
<status status="PASS" starttime="20200512 03:28:33.898" endtime="20200512 03:28:33.898"></status>
</kw>
<msg timestamp="20200512 03:28:33.898" level="INFO">${tipo} = None</msg>
<status status="PASS" starttime="20200512 03:28:33.897" endtime="20200512 03:28:33.898"></status>
</kw>
<kw name="Leer celda" library="recursos">
<arguments>
<arg>Hoja1</arg>
<arg>${i}</arg>
<arg>2</arg>
</arguments>
<assign>
<var>${estatus}</var>
</assign>
<kw name="Cell Data" library="ReadData">
<arguments>
<arg>${hoja}</arg>
<arg>${fila}</arg>
<arg>${celda}</arg>
</arguments>
<assign>
<var>${celldata}</var>
</assign>
<msg timestamp="20200512 03:28:33.899" level="INFO">${celldata} = None</msg>
<status status="PASS" starttime="20200512 03:28:33.899" endtime="20200512 03:28:33.899"></status>
</kw>
<msg timestamp="20200512 03:28:33.899" level="INFO">${estatus} = None</msg>
<status status="PASS" starttime="20200512 03:28:33.898" endtime="20200512 03:28:33.899"></status>
</kw>
<kw name="Leer celda" library="recursos">
<arguments>
<arg>Hoja1</arg>
<arg>${i}</arg>
<arg>3</arg>
</arguments>
<assign>
<var>${nombre_evento}</var>
</assign>
<kw name="Cell Data" library="ReadData">
<arguments>
<arg>${hoja}</arg>
<arg>${fila}</arg>
<arg>${celda}</arg>
</arguments>
<assign>
<var>${celldata}</var>
</assign>
<msg timestamp="20200512 03:28:33.900" level="INFO">${celldata} = None</msg>
<status status="PASS" starttime="20200512 03:28:33.900" endtime="20200512 03:28:33.900"></status>
</kw>
<msg timestamp="20200512 03:28:33.900" level="INFO">${nombre_evento} = None</msg>
<status status="PASS" starttime="20200512 03:28:33.899" endtime="20200512 03:28:33.900"></status>
</kw>
<kw name="Leer celda" library="recursos">
<arguments>
<arg>Hoja1</arg>
<arg>${i}</arg>
<arg>4</arg>
</arguments>
<assign>
<var>${fecha}</var>
</assign>
<kw name="Cell Data" library="ReadData">
<arguments>
<arg>${hoja}</arg>
<arg>${fila}</arg>
<arg>${celda}</arg>
</arguments>
<assign>
<var>${celldata}</var>
</assign>
<msg timestamp="20200512 03:28:33.901" level="INFO">${celldata} = None</msg>
<status status="PASS" starttime="20200512 03:28:33.901" endtime="20200512 03:28:33.901"></status>
</kw>
<msg timestamp="20200512 03:28:33.901" level="INFO">${fecha} = None</msg>
<status status="PASS" starttime="20200512 03:28:33.900" endtime="20200512 03:28:33.901"></status>
</kw>
<kw name="Leer celda" library="recursos">
<arguments>
<arg>Hoja1</arg>
<arg>${i}</arg>
<arg>5</arg>
</arguments>
<assign>
<var>${hora}</var>
</assign>
<kw name="Cell Data" library="ReadData">
<arguments>
<arg>${hoja}</arg>
<arg>${fila}</arg>
<arg>${celda}</arg>
</arguments>
<assign>
<var>${celldata}</var>
</assign>
<msg timestamp="20200512 03:28:33.902" level="INFO">${celldata} = None</msg>
<status status="PASS" starttime="20200512 03:28:33.902" endtime="20200512 03:28:33.902"></status>
</kw>
<msg timestamp="20200512 03:28:33.902" level="INFO">${hora} = None</msg>
<status status="PASS" starttime="20200512 03:28:33.901" endtime="20200512 03:28:33.902"></status>
</kw>
<kw name="Leer celda" library="recursos">
<arguments>
<arg>Hoja1</arg>
<arg>${i}</arg>
<arg>6</arg>
</arguments>
<assign>
<var>${minuto}</var>
</assign>
<kw name="Cell Data" library="ReadData">
<arguments>
<arg>${hoja}</arg>
<arg>${fila}</arg>
<arg>${celda}</arg>
</arguments>
<assign>
<var>${celldata}</var>
</assign>
<msg timestamp="20200512 03:28:33.903" level="INFO">${celldata} = None</msg>
<status status="PASS" starttime="20200512 03:28:33.903" endtime="20200512 03:28:33.903"></status>
</kw>
<msg timestamp="20200512 03:28:33.903" level="INFO">${minuto} = None</msg>
<status status="PASS" starttime="20200512 03:28:33.902" endtime="20200512 03:28:33.903"></status>
</kw>
<kw name="Leer celda" library="recursos">
<arguments>
<arg>Hoja1</arg>
<arg>${i}</arg>
<arg>7</arg>
</arguments>
<assign>
<var>${informacion}</var>
</assign>
<kw name="Cell Data" library="ReadData">
<arguments>
<arg>${hoja}</arg>
<arg>${fila}</arg>
<arg>${celda}</arg>
</arguments>
<assign>
<var>${celldata}</var>
</assign>
<msg timestamp="20200512 03:28:33.904" level="INFO">${celldata} = None</msg>
<status status="PASS" starttime="20200512 03:28:33.904" endtime="20200512 03:28:33.904"></status>
</kw>
<msg timestamp="20200512 03:28:33.905" level="INFO">${informacion} = None</msg>
<status status="PASS" starttime="20200512 03:28:33.904" endtime="20200512 03:28:33.905"></status>
</kw>
<kw name="Leer celda" library="recursos">
<arguments>
<arg>Hoja1</arg>
<arg>${i}</arg>
<arg>8</arg>
</arguments>
<assign>
<var>${categoria}</var>
</assign>
<kw name="Cell Data" library="ReadData">
<arguments>
<arg>${hoja}</arg>
<arg>${fila}</arg>
<arg>${celda}</arg>
</arguments>
<assign>
<var>${celldata}</var>
</assign>
<msg timestamp="20200512 03:28:33.905" level="INFO">${celldata} = None</msg>
<status status="PASS" starttime="20200512 03:28:33.905" endtime="20200512 03:28:33.905"></status>
</kw>
<msg timestamp="20200512 03:28:33.906" level="INFO">${categoria} = None</msg>
<status status="PASS" starttime="20200512 03:28:33.905" endtime="20200512 03:28:33.906"></status>
</kw>
<kw name="SLL" library="recursos">
<arguments>
<arg>//select[@id='busquedaAltaForm:idSlcTipoEvento']</arg>
<arg>${tipo}</arg>
</arguments>
<kw name="Select From List By Label" library="SeleniumLibrary">
<doc>Selects options from selection list ``locator`` by ``labels``.</doc>
<arguments>
<arg>${arg1}</arg>
<arg>${arg2}</arg>
</arguments>
<kw name="Capture Page Screenshot" library="SeleniumLibrary">
<doc>Takes a screenshot of the current page and embeds it into a log file.</doc>
<msg timestamp="20200512 03:28:34.382" level="INFO" html="yes">&lt;/td&gt;&lt;/tr&gt;&lt;tr&gt;&lt;td colspan="3"&gt;&lt;a href="selenium-screenshot-15.png"&gt;&lt;img src="selenium-screenshot-15.png" width="800px"&gt;&lt;/a&gt;</msg>
<status status="PASS" starttime="20200512 03:28:33.906" endtime="20200512 03:28:34.382"></status>
</kw>
<msg timestamp="20200512 03:28:34.386" level="FAIL">TypeError: sequence item 0: expected str instance, NoneType found</msg>
<status status="FAIL" starttime="20200512 03:28:33.906" endtime="20200512 03:28:34.386"></status>
</kw>
<status status="FAIL" starttime="20200512 03:28:33.906" endtime="20200512 03:28:34.387"></status>
</kw>
<status status="FAIL" starttime="20200512 03:28:32.419" endtime="20200512 03:28:34.387"></status>
</kw>
<status status="FAIL" starttime="20200512 03:28:01.834" endtime="20200512 03:28:34.387"></status>
</kw>
<status status="FAIL" starttime="20200512 03:28:01.831" endtime="20200512 03:28:34.387"></status>
</kw>
<doc>PRUEBA SSJAE 004 (HAPPY PATH EXCEL)</doc>
<tags>
<tag>ss04</tag>
</tags>
<status status="FAIL" starttime="20200512 03:27:36.286" endtime="20200512 03:28:34.389" critical="yes">TypeError: sequence item 0: expected str instance, NoneType found</status>
</test>
<doc>Casos de Prueba Proyecto SSJAE</doc>
<status status="FAIL" starttime="20200512 03:27:34.691" endtime="20200512 03:28:34.398"></status>
</suite>
<statistics>
<total>
<stat pass="0" fail="1">Critical Tests</stat>
<stat pass="0" fail="1">All Tests</stat>
</total>
<tag>
<stat pass="0" fail="1">ss04</stat>
</tag>
<suite>
<stat pass="0" fail="1" id="s1" name="Ssjae">Ssjae</stat>
</suite>
</statistics>
<errors>
</errors>
</robot>
