<?xml version="1.0" encoding="UTF-8"?>
<robot generator="Robot 3.1.2 (Python 3.7.6 on win32)" generated="20200516 17:57:21.853" rpa="false">
<suite id="s1" name="Ssjae" source="C:\Test_ssjae\test\ssjae.robot">
<test id="s1-t1" name="CC004 SSJAE (SISTEMA SSJAE 004)(HAPPY PATH EXCEL)">
<kw name="Esperar Iniciar ok" library="recursos">
<arguments>
<arg>25</arg>
</arguments>
<kw name="Set Selenium Timeout" library="SeleniumLibrary">
<doc>Sets the timeout that is used by various keywords.</doc>
<arguments>
<arg>${arg1} seconds</arg>
</arguments>
<status status="PASS" starttime="20200516 17:57:23.465" endtime="20200516 17:57:23.465"></status>
</kw>
<status status="PASS" starttime="20200516 17:57:23.464" endtime="20200516 17:57:23.465"></status>
</kw>
<kw name="Video Iniciar" library="recursos">
<kw name="Start Video Recording" library="ScreenCapLibrary">
<doc>Starts the recording of a video in the background with the specified ``name``.
The recording can be stopped by calling the `Stop Video Recording` keyword.</doc>
<status status="PASS" starttime="20200516 17:57:23.466" endtime="20200516 17:57:23.468"></status>
</kw>
<status status="PASS" starttime="20200516 17:57:23.465" endtime="20200516 17:57:23.468"></status>
</kw>
<kw name="Login" library="casos">
<arguments>
<arg>${url}</arg>
<arg>${navegador}</arg>
</arguments>
<kw name="Esperar Iniciar Forzar" library="recursos">
<arguments>
<arg>10</arg>
</arguments>
<kw name="Set Selenium Implicit Wait" library="SeleniumLibrary">
<doc>Sets the implicit wait value used by Selenium.</doc>
<arguments>
<arg>${arg1} seconds</arg>
</arguments>
<status status="PASS" starttime="20200516 17:57:23.470" endtime="20200516 17:57:23.470"></status>
</kw>
<status status="PASS" starttime="20200516 17:57:23.469" endtime="20200516 17:57:23.470"></status>
</kw>
<kw name="Esperar Iniciar ok" library="recursos">
<arguments>
<arg>5</arg>
</arguments>
<kw name="Set Selenium Timeout" library="SeleniumLibrary">
<doc>Sets the timeout that is used by various keywords.</doc>
<arguments>
<arg>${arg1} seconds</arg>
</arguments>
<status status="PASS" starttime="20200516 17:57:23.470" endtime="20200516 17:57:23.471"></status>
</kw>
<status status="PASS" starttime="20200516 17:57:23.470" endtime="20200516 17:57:23.471"></status>
</kw>
<kw name="Dormir Todos" library="recursos">
<arguments>
<arg>${tiempo}</arg>
</arguments>
<kw name="Set Selenium Speed" library="SeleniumLibrary">
<doc>Sets the delay that is waited after each Selenium command.</doc>
<arguments>
<arg>${arg1} seconds</arg>
</arguments>
<status status="PASS" starttime="20200516 17:57:23.471" endtime="20200516 17:57:23.472"></status>
</kw>
<status status="PASS" starttime="20200516 17:57:23.471" endtime="20200516 17:57:23.472"></status>
</kw>
<kw name="Abrir navegador" library="recursos">
<arguments>
<arg>${arg1}</arg>
<arg>${arg2}</arg>
</arguments>
<kw name="Open Browser" library="SeleniumLibrary">
<doc>Opens a new browser instance to the optional ``url``.</doc>
<arguments>
<arg>${arg1}</arg>
<arg>${arg2}</arg>
</arguments>
<msg timestamp="20200516 17:57:23.473" level="INFO">Opening browser 'chrome' to base url 'https://dessistemas.senasica.gob.mx/SSJAEWeb/login.xhtml'.</msg>
<status status="PASS" starttime="20200516 17:57:23.472" endtime="20200516 17:57:31.132"></status>
</kw>
<status status="PASS" starttime="20200516 17:57:23.472" endtime="20200516 17:57:31.132"></status>
</kw>
<kw name="Maximizar" library="recursos">
<kw name="Maximize Browser Window" library="SeleniumLibrary">
<doc>Maximizes current browser window.</doc>
<status status="PASS" starttime="20200516 17:57:31.132" endtime="20200516 17:57:35.422"></status>
</kw>
<status status="PASS" starttime="20200516 17:57:31.132" endtime="20200516 17:57:35.422"></status>
</kw>
<kw name="Click" library="recursos">
<arguments>
<arg>//*[@id="details-button"]</arg>
</arguments>
<kw name="Click Element" library="SeleniumLibrary">
<doc>Click the element identified by ``locator``.</doc>
<arguments>
<arg>xpath=${arg1}</arg>
</arguments>
<msg timestamp="20200516 17:57:35.422" level="INFO">Clicking element 'xpath=//*[@id="details-button"]'.</msg>
<status status="PASS" starttime="20200516 17:57:35.422" endtime="20200516 17:57:35.697"></status>
</kw>
<status status="PASS" starttime="20200516 17:57:35.422" endtime="20200516 17:57:35.697"></status>
</kw>
<kw name="Click" library="recursos">
<arguments>
<arg>//*[@id="proceed-link"]</arg>
</arguments>
<kw name="Click Element" library="SeleniumLibrary">
<doc>Click the element identified by ``locator``.</doc>
<arguments>
<arg>xpath=${arg1}</arg>
</arguments>
<msg timestamp="20200516 17:57:35.697" level="INFO">Clicking element 'xpath=//*[@id="proceed-link"]'.</msg>
<status status="PASS" starttime="20200516 17:57:35.697" endtime="20200516 17:57:37.560"></status>
</kw>
<status status="PASS" starttime="20200516 17:57:35.697" endtime="20200516 17:57:37.560"></status>
</kw>
<kw name="Texto" library="recursos">
<arguments>
<arg>//input[contains(@id,'j_username')]</arg>
<arg>rodrigo</arg>
</arguments>
<kw name="Input Text" library="SeleniumLibrary">
<doc>Types the given ``text`` into the text field identified by ``locator``.</doc>
<arguments>
<arg>xpath=${arg1}</arg>
<arg>${arg2}</arg>
</arguments>
<msg timestamp="20200516 17:57:37.562" level="INFO">Typing text 'rodrigo' into text field 'xpath=//input[contains(@id,'j_username')]'.</msg>
<status status="PASS" starttime="20200516 17:57:37.561" endtime="20200516 17:57:38.007"></status>
</kw>
<status status="PASS" starttime="20200516 17:57:37.561" endtime="20200516 17:57:38.007"></status>
</kw>
<kw name="Texto" library="recursos">
<arguments>
<arg>//input[contains(@id,'j_password')]</arg>
<arg>villanueva</arg>
</arguments>
<kw name="Input Text" library="SeleniumLibrary">
<doc>Types the given ``text`` into the text field identified by ``locator``.</doc>
<arguments>
<arg>xpath=${arg1}</arg>
<arg>${arg2}</arg>
</arguments>
<msg timestamp="20200516 17:57:38.007" level="INFO">Typing text 'villanueva' into text field 'xpath=//input[contains(@id,'j_password')]'.</msg>
<status status="PASS" starttime="20200516 17:57:38.007" endtime="20200516 17:57:38.425"></status>
</kw>
<status status="PASS" starttime="20200516 17:57:38.007" endtime="20200516 17:57:38.425"></status>
</kw>
<kw name="Click" library="recursos">
<arguments>
<arg>(//button[contains(.,'Enviar')])[1]</arg>
</arguments>
<kw name="Click Element" library="SeleniumLibrary">
<doc>Click the element identified by ``locator``.</doc>
<arguments>
<arg>xpath=${arg1}</arg>
</arguments>
<msg timestamp="20200516 17:57:38.426" level="INFO">Clicking element 'xpath=(//button[contains(.,'Enviar')])[1]'.</msg>
<status status="PASS" starttime="20200516 17:57:38.425" endtime="20200516 17:57:39.206"></status>
</kw>
<status status="PASS" starttime="20200516 17:57:38.425" endtime="20200516 17:57:39.206"></status>
</kw>
<kw name="Dormir" library="recursos">
<arguments>
<arg>3</arg>
</arguments>
<kw name="Sleep" library="BuiltIn">
<doc>Pauses the test executed for the given time.</doc>
<arguments>
<arg>${arg1}</arg>
</arguments>
<msg timestamp="20200516 17:57:42.213" level="INFO">Slept 3 seconds</msg>
<status status="PASS" starttime="20200516 17:57:39.206" endtime="20200516 17:57:42.213"></status>
</kw>
<status status="PASS" starttime="20200516 17:57:39.206" endtime="20200516 17:57:42.213"></status>
</kw>
<kw name="Scroll" library="recursos">
<arguments>
<arg>0</arg>
<arg>250</arg>
</arguments>
<kw name="Execute Javascript" library="SeleniumLibrary">
<doc>Executes the given JavaScript code with possible arguments.</doc>
<arguments>
<arg>window.scrollTo(${arg1},${arg2})</arg>
</arguments>
<msg timestamp="20200516 17:57:42.213" level="INFO">Executing JavaScript:
window.scrollTo(0,250)
Without any arguments.</msg>
<status status="PASS" starttime="20200516 17:57:42.213" endtime="20200516 17:57:42.327"></status>
</kw>
<status status="PASS" starttime="20200516 17:57:42.213" endtime="20200516 17:57:42.327"></status>
</kw>
<kw name="Texto" library="recursos">
<arguments>
<arg>//input[contains(@id,'j_username')]</arg>
<arg>olivia.rodriguez</arg>
</arguments>
<kw name="Input Text" library="SeleniumLibrary">
<doc>Types the given ``text`` into the text field identified by ``locator``.</doc>
<arguments>
<arg>xpath=${arg1}</arg>
<arg>${arg2}</arg>
</arguments>
<msg timestamp="20200516 17:57:42.327" level="INFO">Typing text 'olivia.rodriguez' into text field 'xpath=//input[contains(@id,'j_username')]'.</msg>
<status status="PASS" starttime="20200516 17:57:42.327" endtime="20200516 17:57:42.759"></status>
</kw>
<status status="PASS" starttime="20200516 17:57:42.327" endtime="20200516 17:57:42.759"></status>
</kw>
<kw name="Texto" library="recursos">
<arguments>
<arg>//input[contains(@id,'j_password')]</arg>
<arg>senades2020</arg>
</arguments>
<kw name="Input Text" library="SeleniumLibrary">
<doc>Types the given ``text`` into the text field identified by ``locator``.</doc>
<arguments>
<arg>xpath=${arg1}</arg>
<arg>${arg2}</arg>
</arguments>
<msg timestamp="20200516 17:57:42.759" level="INFO">Typing text 'senades2020' into text field 'xpath=//input[contains(@id,'j_password')]'.</msg>
<status status="PASS" starttime="20200516 17:57:42.759" endtime="20200516 17:57:43.159"></status>
</kw>
<status status="PASS" starttime="20200516 17:57:42.759" endtime="20200516 17:57:43.159"></status>
</kw>
<kw name="Resultado" library="recursos">
<arguments>
<arg>.5</arg>
<arg>${dir}/Login_password.png</arg>
<arg>Se introducen los datos para el Login</arg>
</arguments>
<kw name="Sleep" library="BuiltIn">
<doc>Pauses the test executed for the given time.</doc>
<arguments>
<arg>${tiempo}</arg>
</arguments>
<msg timestamp="20200516 17:57:43.672" level="INFO">Slept 500 milliseconds</msg>
<status status="PASS" starttime="20200516 17:57:43.159" endtime="20200516 17:57:43.672"></status>
</kw>
<kw name="Capture Page Screenshot" library="SeleniumLibrary">
<doc>Takes a screenshot of the current page and embeds it into a log file.</doc>
<arguments>
<arg>${dir}</arg>
</arguments>
<msg timestamp="20200516 17:57:44.152" level="INFO" html="yes">&lt;/td&gt;&lt;/tr&gt;&lt;tr&gt;&lt;td colspan="3"&gt;&lt;a href="Img/Login_password.png"&gt;&lt;img src="Img/Login_password.png" width="800px"&gt;&lt;/a&gt;</msg>
<status status="PASS" starttime="20200516 17:57:43.672" endtime="20200516 17:57:44.152"></status>
</kw>
<kw name="Log" library="BuiltIn">
<doc>Logs the given message with the given level.</doc>
<arguments>
<arg>${print}</arg>
</arguments>
<msg timestamp="20200516 17:57:44.153" level="INFO">Se introducen los datos para el Login</msg>
<status status="PASS" starttime="20200516 17:57:44.152" endtime="20200516 17:57:44.153"></status>
</kw>
<status status="PASS" starttime="20200516 17:57:43.159" endtime="20200516 17:57:44.153"></status>
</kw>
<kw name="Click" library="recursos">
<arguments>
<arg>(//button[contains(.,'Enviar')])[1]</arg>
</arguments>
<kw name="Click Element" library="SeleniumLibrary">
<doc>Click the element identified by ``locator``.</doc>
<arguments>
<arg>xpath=${arg1}</arg>
</arguments>
<msg timestamp="20200516 17:57:44.153" level="INFO">Clicking element 'xpath=(//button[contains(.,'Enviar')])[1]'.</msg>
<status status="PASS" starttime="20200516 17:57:44.153" endtime="20200516 17:57:46.190"></status>
</kw>
<status status="PASS" starttime="20200516 17:57:44.153" endtime="20200516 17:57:46.190"></status>
</kw>
<kw name="Scroll" library="recursos">
<arguments>
<arg>0</arg>
<arg>500</arg>
</arguments>
<kw name="Execute Javascript" library="SeleniumLibrary">
<doc>Executes the given JavaScript code with possible arguments.</doc>
<arguments>
<arg>window.scrollTo(${arg1},${arg2})</arg>
</arguments>
<msg timestamp="20200516 17:57:46.191" level="INFO">Executing JavaScript:
window.scrollTo(0,500)
Without any arguments.</msg>
<status status="PASS" starttime="20200516 17:57:46.190" endtime="20200516 17:57:46.313"></status>
</kw>
<status status="PASS" starttime="20200516 17:57:46.190" endtime="20200516 17:57:46.313"></status>
</kw>
<kw name="Dormir" library="recursos">
<arguments>
<arg>1</arg>
</arguments>
<kw name="Sleep" library="BuiltIn">
<doc>Pauses the test executed for the given time.</doc>
<arguments>
<arg>${arg1}</arg>
</arguments>
<msg timestamp="20200516 17:57:47.318" level="INFO">Slept 1 second</msg>
<status status="PASS" starttime="20200516 17:57:46.314" endtime="20200516 17:57:47.318"></status>
</kw>
<status status="PASS" starttime="20200516 17:57:46.313" endtime="20200516 17:57:47.318"></status>
</kw>
<kw name="Scroll" library="recursos">
<arguments>
<arg>0</arg>
<arg>150</arg>
</arguments>
<kw name="Execute Javascript" library="SeleniumLibrary">
<doc>Executes the given JavaScript code with possible arguments.</doc>
<arguments>
<arg>window.scrollTo(${arg1},${arg2})</arg>
</arguments>
<msg timestamp="20200516 17:57:47.318" level="INFO">Executing JavaScript:
window.scrollTo(0,150)
Without any arguments.</msg>
<status status="PASS" starttime="20200516 17:57:47.318" endtime="20200516 17:57:47.435"></status>
</kw>
<status status="PASS" starttime="20200516 17:57:47.318" endtime="20200516 17:57:47.435"></status>
</kw>
<kw name="Resultado" library="recursos">
<arguments>
<arg>.5</arg>
<arg>${dir}/Calendario.png</arg>
<arg>Se muestra el calendario</arg>
</arguments>
<kw name="Sleep" library="BuiltIn">
<doc>Pauses the test executed for the given time.</doc>
<arguments>
<arg>${tiempo}</arg>
</arguments>
<msg timestamp="20200516 17:57:47.950" level="INFO">Slept 500 milliseconds</msg>
<status status="PASS" starttime="20200516 17:57:47.435" endtime="20200516 17:57:47.950"></status>
</kw>
<kw name="Capture Page Screenshot" library="SeleniumLibrary">
<doc>Takes a screenshot of the current page and embeds it into a log file.</doc>
<arguments>
<arg>${dir}</arg>
</arguments>
<msg timestamp="20200516 17:57:48.404" level="INFO" html="yes">&lt;/td&gt;&lt;/tr&gt;&lt;tr&gt;&lt;td colspan="3"&gt;&lt;a href="Img/Calendario.png"&gt;&lt;img src="Img/Calendario.png" width="800px"&gt;&lt;/a&gt;</msg>
<status status="PASS" starttime="20200516 17:57:47.950" endtime="20200516 17:57:48.404"></status>
</kw>
<kw name="Log" library="BuiltIn">
<doc>Logs the given message with the given level.</doc>
<arguments>
<arg>${print}</arg>
</arguments>
<msg timestamp="20200516 17:57:48.404" level="INFO">Se muestra el calendario</msg>
<status status="PASS" starttime="20200516 17:57:48.404" endtime="20200516 17:57:48.404"></status>
</kw>
<status status="PASS" starttime="20200516 17:57:47.435" endtime="20200516 17:57:48.404"></status>
</kw>
<status status="PASS" starttime="20200516 17:57:23.469" endtime="20200516 17:57:48.404"></status>
</kw>
<kw name="Calendario" library="casos">
<kw name="Esperar Iniciar Forzar" library="recursos">
<arguments>
<arg>10</arg>
</arguments>
<kw name="Set Selenium Implicit Wait" library="SeleniumLibrary">
<doc>Sets the implicit wait value used by Selenium.</doc>
<arguments>
<arg>${arg1} seconds</arg>
</arguments>
<status status="PASS" starttime="20200516 17:57:48.408" endtime="20200516 17:57:48.522"></status>
</kw>
<status status="PASS" starttime="20200516 17:57:48.408" endtime="20200516 17:57:48.522"></status>
</kw>
<kw name="Esperar Iniciar ok" library="recursos">
<arguments>
<arg>5</arg>
</arguments>
<kw name="Set Selenium Timeout" library="SeleniumLibrary">
<doc>Sets the timeout that is used by various keywords.</doc>
<arguments>
<arg>${arg1} seconds</arg>
</arguments>
<status status="PASS" starttime="20200516 17:57:48.522" endtime="20200516 17:57:48.622"></status>
</kw>
<status status="PASS" starttime="20200516 17:57:48.522" endtime="20200516 17:57:48.622"></status>
</kw>
<kw name="Texto" library="recursos">
<arguments>
<arg>//input[contains(@id,'buscarfecha:anio')]</arg>
<arg>2018</arg>
</arguments>
<kw name="Input Text" library="SeleniumLibrary">
<doc>Types the given ``text`` into the text field identified by ``locator``.</doc>
<arguments>
<arg>xpath=${arg1}</arg>
<arg>${arg2}</arg>
</arguments>
<msg timestamp="20200516 17:57:48.622" level="INFO">Typing text '2018' into text field 'xpath=//input[contains(@id,'buscarfecha:anio')]'.</msg>
<status status="PASS" starttime="20200516 17:57:48.622" endtime="20200516 17:57:49.050"></status>
</kw>
<status status="PASS" starttime="20200516 17:57:48.622" endtime="20200516 17:57:49.050"></status>
</kw>
<kw name="Dormir" library="recursos">
<arguments>
<arg>1</arg>
</arguments>
<kw name="Sleep" library="BuiltIn">
<doc>Pauses the test executed for the given time.</doc>
<arguments>
<arg>${arg1}</arg>
</arguments>
<msg timestamp="20200516 17:57:50.050" level="INFO">Slept 1 second</msg>
<status status="PASS" starttime="20200516 17:57:49.050" endtime="20200516 17:57:50.050"></status>
</kw>
<status status="PASS" starttime="20200516 17:57:49.050" endtime="20200516 17:57:50.050"></status>
</kw>
<kw name="Texto" library="recursos">
<arguments>
<arg>//input[contains(@id,'buscarfecha:anio')]</arg>
<arg>2020</arg>
</arguments>
<kw name="Input Text" library="SeleniumLibrary">
<doc>Types the given ``text`` into the text field identified by ``locator``.</doc>
<arguments>
<arg>xpath=${arg1}</arg>
<arg>${arg2}</arg>
</arguments>
<msg timestamp="20200516 17:57:50.051" level="INFO">Typing text '2020' into text field 'xpath=//input[contains(@id,'buscarfecha:anio')]'.</msg>
<status status="PASS" starttime="20200516 17:57:50.051" endtime="20200516 17:57:50.436"></status>
</kw>
<status status="PASS" starttime="20200516 17:57:50.050" endtime="20200516 17:57:50.436"></status>
</kw>
<kw name="SLI" library="recursos">
<arguments>
<arg>//select[@id='buscarfecha:idMes']</arg>
<arg>4</arg>
</arguments>
<kw name="Select From List By Index" library="SeleniumLibrary">
<doc>Selects options from selection list ``locator`` by ``indexes``.</doc>
<arguments>
<arg>${arg1}</arg>
<arg>${arg2}</arg>
</arguments>
<msg timestamp="20200516 17:57:50.437" level="INFO">Selecting options from selection list '//select[@id='buscarfecha:idMes']' by index 4.</msg>
<status status="PASS" starttime="20200516 17:57:50.437" endtime="20200516 17:57:52.500"></status>
</kw>
<status status="PASS" starttime="20200516 17:57:50.436" endtime="20200516 17:57:52.500"></status>
</kw>
<kw name="Resultado" library="recursos">
<arguments>
<arg>.5</arg>
<arg>${dir}/Buscar_2020.png</arg>
<arg>Buscar</arg>
</arguments>
<kw name="Sleep" library="BuiltIn">
<doc>Pauses the test executed for the given time.</doc>
<arguments>
<arg>${tiempo}</arg>
</arguments>
<msg timestamp="20200516 17:57:53.005" level="INFO">Slept 500 milliseconds</msg>
<status status="PASS" starttime="20200516 17:57:52.500" endtime="20200516 17:57:53.005"></status>
</kw>
<kw name="Capture Page Screenshot" library="SeleniumLibrary">
<doc>Takes a screenshot of the current page and embeds it into a log file.</doc>
<arguments>
<arg>${dir}</arg>
</arguments>
<msg timestamp="20200516 17:57:53.506" level="INFO" html="yes">&lt;/td&gt;&lt;/tr&gt;&lt;tr&gt;&lt;td colspan="3"&gt;&lt;a href="Img/Buscar_2020.png"&gt;&lt;img src="Img/Buscar_2020.png" width="800px"&gt;&lt;/a&gt;</msg>
<status status="PASS" starttime="20200516 17:57:53.005" endtime="20200516 17:57:53.506"></status>
</kw>
<kw name="Log" library="BuiltIn">
<doc>Logs the given message with the given level.</doc>
<arguments>
<arg>${print}</arg>
</arguments>
<msg timestamp="20200516 17:57:53.506" level="INFO">Buscar</msg>
<status status="PASS" starttime="20200516 17:57:53.506" endtime="20200516 17:57:53.506"></status>
</kw>
<status status="PASS" starttime="20200516 17:57:52.500" endtime="20200516 17:57:53.506"></status>
</kw>
<kw name="Dormir" library="recursos">
<arguments>
<arg>.5</arg>
</arguments>
<kw name="Sleep" library="BuiltIn">
<doc>Pauses the test executed for the given time.</doc>
<arguments>
<arg>${arg1}</arg>
</arguments>
<msg timestamp="20200516 17:57:54.008" level="INFO">Slept 500 milliseconds</msg>
<status status="PASS" starttime="20200516 17:57:53.506" endtime="20200516 17:57:54.008"></status>
</kw>
<status status="PASS" starttime="20200516 17:57:53.506" endtime="20200516 17:57:54.008"></status>
</kw>
<kw name="Click" library="recursos">
<arguments>
<arg>//a[@href='#'][contains(.,'Buscar')]</arg>
</arguments>
<kw name="Click Element" library="SeleniumLibrary">
<doc>Click the element identified by ``locator``.</doc>
<arguments>
<arg>xpath=${arg1}</arg>
</arguments>
<msg timestamp="20200516 17:57:54.008" level="INFO">Clicking element 'xpath=//a[@href='#'][contains(.,'Buscar')]'.</msg>
<status status="PASS" starttime="20200516 17:57:54.008" endtime="20200516 17:57:54.969"></status>
</kw>
<status status="PASS" starttime="20200516 17:57:54.008" endtime="20200516 17:57:54.969"></status>
</kw>
<kw name="Scroll" library="recursos">
<arguments>
<arg>0</arg>
<arg>600</arg>
</arguments>
<kw name="Execute Javascript" library="SeleniumLibrary">
<doc>Executes the given JavaScript code with possible arguments.</doc>
<arguments>
<arg>window.scrollTo(${arg1},${arg2})</arg>
</arguments>
<msg timestamp="20200516 17:57:54.970" level="INFO">Executing JavaScript:
window.scrollTo(0,600)
Without any arguments.</msg>
<status status="PASS" starttime="20200516 17:57:54.969" endtime="20200516 17:57:55.078"></status>
</kw>
<status status="PASS" starttime="20200516 17:57:54.969" endtime="20200516 17:57:55.078"></status>
</kw>
<kw name="Resultado" library="recursos">
<arguments>
<arg>.5</arg>
<arg>${dir}/Calendario_resultado.png</arg>
<arg>Calendario Resultados</arg>
</arguments>
<kw name="Sleep" library="BuiltIn">
<doc>Pauses the test executed for the given time.</doc>
<arguments>
<arg>${tiempo}</arg>
</arguments>
<msg timestamp="20200516 17:57:55.583" level="INFO">Slept 500 milliseconds</msg>
<status status="PASS" starttime="20200516 17:57:55.079" endtime="20200516 17:57:55.583"></status>
</kw>
<kw name="Capture Page Screenshot" library="SeleniumLibrary">
<doc>Takes a screenshot of the current page and embeds it into a log file.</doc>
<arguments>
<arg>${dir}</arg>
</arguments>
<msg timestamp="20200516 17:57:56.054" level="INFO" html="yes">&lt;/td&gt;&lt;/tr&gt;&lt;tr&gt;&lt;td colspan="3"&gt;&lt;a href="Img/Calendario_resultado.png"&gt;&lt;img src="Img/Calendario_resultado.png" width="800px"&gt;&lt;/a&gt;</msg>
<status status="PASS" starttime="20200516 17:57:55.583" endtime="20200516 17:57:56.054"></status>
</kw>
<kw name="Log" library="BuiltIn">
<doc>Logs the given message with the given level.</doc>
<arguments>
<arg>${print}</arg>
</arguments>
<msg timestamp="20200516 17:57:56.055" level="INFO">Calendario Resultados</msg>
<status status="PASS" starttime="20200516 17:57:56.054" endtime="20200516 17:57:56.055"></status>
</kw>
<status status="PASS" starttime="20200516 17:57:55.078" endtime="20200516 17:57:56.055"></status>
</kw>
<kw name="Click" library="recursos">
<arguments>
<arg>//a[@href='#'][contains(.,'Semana')]</arg>
</arguments>
<kw name="Click Element" library="SeleniumLibrary">
<doc>Click the element identified by ``locator``.</doc>
<arguments>
<arg>xpath=${arg1}</arg>
</arguments>
<msg timestamp="20200516 17:57:56.055" level="INFO">Clicking element 'xpath=//a[@href='#'][contains(.,'Semana')]'.</msg>
<status status="PASS" starttime="20200516 17:57:56.055" endtime="20200516 17:57:56.800"></status>
</kw>
<status status="PASS" starttime="20200516 17:57:56.055" endtime="20200516 17:57:56.800"></status>
</kw>
<kw name="Scroll" library="recursos">
<arguments>
<arg>0</arg>
<arg>600</arg>
</arguments>
<kw name="Execute Javascript" library="SeleniumLibrary">
<doc>Executes the given JavaScript code with possible arguments.</doc>
<arguments>
<arg>window.scrollTo(${arg1},${arg2})</arg>
</arguments>
<msg timestamp="20200516 17:57:56.801" level="INFO">Executing JavaScript:
window.scrollTo(0,600)
Without any arguments.</msg>
<status status="PASS" starttime="20200516 17:57:56.800" endtime="20200516 17:57:56.908"></status>
</kw>
<status status="PASS" starttime="20200516 17:57:56.800" endtime="20200516 17:57:56.908"></status>
</kw>
<kw name="Resultado" library="recursos">
<arguments>
<arg>.5</arg>
<arg>${dir}/Calendario_semana.png</arg>
<arg>Calendario por Semana</arg>
</arguments>
<kw name="Sleep" library="BuiltIn">
<doc>Pauses the test executed for the given time.</doc>
<arguments>
<arg>${tiempo}</arg>
</arguments>
<msg timestamp="20200516 17:57:57.422" level="INFO">Slept 500 milliseconds</msg>
<status status="PASS" starttime="20200516 17:57:56.908" endtime="20200516 17:57:57.422"></status>
</kw>
<kw name="Capture Page Screenshot" library="SeleniumLibrary">
<doc>Takes a screenshot of the current page and embeds it into a log file.</doc>
<arguments>
<arg>${dir}</arg>
</arguments>
<msg timestamp="20200516 17:57:57.890" level="INFO" html="yes">&lt;/td&gt;&lt;/tr&gt;&lt;tr&gt;&lt;td colspan="3"&gt;&lt;a href="Img/Calendario_semana.png"&gt;&lt;img src="Img/Calendario_semana.png" width="800px"&gt;&lt;/a&gt;</msg>
<status status="PASS" starttime="20200516 17:57:57.422" endtime="20200516 17:57:57.890"></status>
</kw>
<kw name="Log" library="BuiltIn">
<doc>Logs the given message with the given level.</doc>
<arguments>
<arg>${print}</arg>
</arguments>
<msg timestamp="20200516 17:57:57.890" level="INFO">Calendario por Semana</msg>
<status status="PASS" starttime="20200516 17:57:57.890" endtime="20200516 17:57:57.890"></status>
</kw>
<status status="PASS" starttime="20200516 17:57:56.908" endtime="20200516 17:57:57.890"></status>
</kw>
<kw name="Scroll" library="recursos">
<arguments>
<arg>0</arg>
<arg>100</arg>
</arguments>
<kw name="Execute Javascript" library="SeleniumLibrary">
<doc>Executes the given JavaScript code with possible arguments.</doc>
<arguments>
<arg>window.scrollTo(${arg1},${arg2})</arg>
</arguments>
<msg timestamp="20200516 17:57:57.890" level="INFO">Executing JavaScript:
window.scrollTo(0,100)
Without any arguments.</msg>
<status status="PASS" starttime="20200516 17:57:57.890" endtime="20200516 17:57:58.007"></status>
</kw>
<status status="PASS" starttime="20200516 17:57:57.890" endtime="20200516 17:57:58.007"></status>
</kw>
<status status="PASS" starttime="20200516 17:57:48.408" endtime="20200516 17:57:58.007"></status>
</kw>
<kw name="Catalagos Categorías Excel" library="casos">
<kw name="Leer numero de filas" library="recursos">
<arguments>
<arg>Hoja1</arg>
</arguments>
<assign>
<var>${rows}</var>
</assign>
<kw name="Numero De Filas" library="ReadData">
<arguments>
<arg>${hoja}</arg>
</arguments>
<assign>
<var>${maxr}</var>
</assign>
<msg timestamp="20200516 17:57:58.009" level="INFO">${maxr} = 5</msg>
<status status="PASS" starttime="20200516 17:57:58.009" endtime="20200516 17:57:58.010"></status>
</kw>
<msg timestamp="20200516 17:57:58.010" level="INFO">${rows} = 5</msg>
<status status="PASS" starttime="20200516 17:57:58.009" endtime="20200516 17:57:58.010"></status>
</kw>
<kw name="${i} IN RANGE [ 1 | ${rows}+1 ]" type="for">
<kw name="${i} = 1" type="foritem">
<kw name="Click" library="recursos">
<arguments>
<arg>//a[contains(@id,'j_idt9:linkCatalogos')]</arg>
</arguments>
<kw name="Click Element" library="SeleniumLibrary">
<doc>Click the element identified by ``locator``.</doc>
<arguments>
<arg>xpath=${arg1}</arg>
</arguments>
<msg timestamp="20200516 17:57:58.010" level="INFO">Clicking element 'xpath=//a[contains(@id,'j_idt9:linkCatalogos')]'.</msg>
<status status="PASS" starttime="20200516 17:57:58.010" endtime="20200516 17:57:58.596"></status>
</kw>
<status status="PASS" starttime="20200516 17:57:58.010" endtime="20200516 17:57:58.596"></status>
</kw>
<kw name="Scroll" library="recursos">
<arguments>
<arg>0</arg>
<arg>150</arg>
</arguments>
<kw name="Execute Javascript" library="SeleniumLibrary">
<doc>Executes the given JavaScript code with possible arguments.</doc>
<arguments>
<arg>window.scrollTo(${arg1},${arg2})</arg>
</arguments>
<msg timestamp="20200516 17:57:58.597" level="INFO">Executing JavaScript:
window.scrollTo(0,150)
Without any arguments.</msg>
<status status="PASS" starttime="20200516 17:57:58.596" endtime="20200516 17:57:58.703"></status>
</kw>
<status status="PASS" starttime="20200516 17:57:58.596" endtime="20200516 17:57:58.703"></status>
</kw>
<kw name="Click" library="recursos">
<arguments>
<arg>//a[@href='#'][contains(.,'Categorías')]</arg>
</arguments>
<kw name="Click Element" library="SeleniumLibrary">
<doc>Click the element identified by ``locator``.</doc>
<arguments>
<arg>xpath=${arg1}</arg>
</arguments>
<msg timestamp="20200516 17:57:58.703" level="INFO">Clicking element 'xpath=//a[@href='#'][contains(.,'Categorías')]'.</msg>
<status status="PASS" starttime="20200516 17:57:58.703" endtime="20200516 17:57:59.231"></status>
</kw>
<status status="PASS" starttime="20200516 17:57:58.703" endtime="20200516 17:57:59.231"></status>
</kw>
<kw name="Click" library="recursos">
<arguments>
<arg>//a[@href='#'][contains(.,'Agregar categoría')]</arg>
</arguments>
<kw name="Click Element" library="SeleniumLibrary">
<doc>Click the element identified by ``locator``.</doc>
<arguments>
<arg>xpath=${arg1}</arg>
</arguments>
<msg timestamp="20200516 17:57:59.231" level="INFO">Clicking element 'xpath=//a[@href='#'][contains(.,'Agregar categoría')]'.</msg>
<status status="PASS" starttime="20200516 17:57:59.231" endtime="20200516 17:57:59.910"></status>
</kw>
<status status="PASS" starttime="20200516 17:57:59.231" endtime="20200516 17:57:59.910"></status>
</kw>
<kw name="Scroll" library="recursos">
<arguments>
<arg>0</arg>
<arg>250</arg>
</arguments>
<kw name="Execute Javascript" library="SeleniumLibrary">
<doc>Executes the given JavaScript code with possible arguments.</doc>
<arguments>
<arg>window.scrollTo(${arg1},${arg2})</arg>
</arguments>
<msg timestamp="20200516 17:57:59.912" level="INFO">Executing JavaScript:
window.scrollTo(0,250)
Without any arguments.</msg>
<status status="PASS" starttime="20200516 17:57:59.911" endtime="20200516 17:58:00.021"></status>
</kw>
<status status="PASS" starttime="20200516 17:57:59.911" endtime="20200516 17:58:00.021"></status>
</kw>
<kw name="Leer celda" library="recursos">
<arguments>
<arg>Hoja1</arg>
<arg>${i}</arg>
<arg>13</arg>
</arguments>
<assign>
<var>${categoria}</var>
</assign>
<kw name="Cell Data" library="ReadData">
<arguments>
<arg>${hoja}</arg>
<arg>${fila}</arg>
<arg>${celda}</arg>
</arguments>
<assign>
<var>${celldata}</var>
</assign>
<msg timestamp="20200516 17:58:00.022" level="INFO">${celldata} = Corny</msg>
<status status="PASS" starttime="20200516 17:58:00.021" endtime="20200516 17:58:00.022"></status>
</kw>
<msg timestamp="20200516 17:58:00.022" level="INFO">${categoria} = Corny</msg>
<status status="PASS" starttime="20200516 17:58:00.021" endtime="20200516 17:58:00.022"></status>
</kw>
<kw name="Leer celda" library="recursos">
<arguments>
<arg>Hoja1</arg>
<arg>${i}</arg>
<arg>14</arg>
</arguments>
<assign>
<var>${siglas}</var>
</assign>
<kw name="Cell Data" library="ReadData">
<arguments>
<arg>${hoja}</arg>
<arg>${fila}</arg>
<arg>${celda}</arg>
</arguments>
<assign>
<var>${celldata}</var>
</assign>
<msg timestamp="20200516 17:58:00.023" level="INFO">${celldata} = PNC^Q</msg>
<status status="PASS" starttime="20200516 17:58:00.022" endtime="20200516 17:58:00.023"></status>
</kw>
<msg timestamp="20200516 17:58:00.023" level="INFO">${siglas} = PNC^Q</msg>
<status status="PASS" starttime="20200516 17:58:00.022" endtime="20200516 17:58:00.023"></status>
</kw>
<kw name="Texto" library="recursos">
<arguments>
<arg>//input[@id='busquedaAltaForm:idDependencia']</arg>
<arg>${categoria}</arg>
</arguments>
<kw name="Input Text" library="SeleniumLibrary">
<doc>Types the given ``text`` into the text field identified by ``locator``.</doc>
<arguments>
<arg>xpath=${arg1}</arg>
<arg>${arg2}</arg>
</arguments>
<msg timestamp="20200516 17:58:00.024" level="INFO">Typing text 'Corny' into text field 'xpath=//input[@id='busquedaAltaForm:idDependencia']'.</msg>
<status status="PASS" starttime="20200516 17:58:00.023" endtime="20200516 17:58:00.421"></status>
</kw>
<status status="PASS" starttime="20200516 17:58:00.023" endtime="20200516 17:58:00.421"></status>
</kw>
<kw name="Texto" library="recursos">
<arguments>
<arg>//input[contains(@id,'busquedaAltaForm:idSiglas')]</arg>
<arg>${siglas}</arg>
</arguments>
<kw name="Input Text" library="SeleniumLibrary">
<doc>Types the given ``text`` into the text field identified by ``locator``.</doc>
<arguments>
<arg>xpath=${arg1}</arg>
<arg>${arg2}</arg>
</arguments>
<msg timestamp="20200516 17:58:00.422" level="INFO">Typing text 'PNC^Q' into text field 'xpath=//input[contains(@id,'busquedaAltaForm:idSiglas')]'.</msg>
<status status="PASS" starttime="20200516 17:58:00.421" endtime="20200516 17:58:00.831"></status>
</kw>
<status status="PASS" starttime="20200516 17:58:00.421" endtime="20200516 17:58:00.831"></status>
</kw>
<kw name="Dormir" library="recursos">
<arguments>
<arg>2</arg>
</arguments>
<kw name="Sleep" library="BuiltIn">
<doc>Pauses the test executed for the given time.</doc>
<arguments>
<arg>${arg1}</arg>
</arguments>
<msg timestamp="20200516 17:58:02.843" level="INFO">Slept 2 seconds</msg>
<status status="PASS" starttime="20200516 17:58:00.831" endtime="20200516 17:58:02.843"></status>
</kw>
<status status="PASS" starttime="20200516 17:58:00.831" endtime="20200516 17:58:02.843"></status>
</kw>
<kw name="Log" library="BuiltIn">
<doc>Logs the given message with the given level.</doc>
<arguments>
<arg>${i}</arg>
</arguments>
<msg timestamp="20200516 17:58:02.843" level="INFO">1</msg>
<status status="PASS" starttime="20200516 17:58:02.843" endtime="20200516 17:58:02.843"></status>
</kw>
<kw name="Click" library="recursos">
<arguments>
<arg>//a[@href='#'][contains(.,'Guardar')]</arg>
</arguments>
<kw name="Click Element" library="SeleniumLibrary">
<doc>Click the element identified by ``locator``.</doc>
<arguments>
<arg>xpath=${arg1}</arg>
</arguments>
<msg timestamp="20200516 17:58:02.843" level="INFO">Clicking element 'xpath=//a[@href='#'][contains(.,'Guardar')]'.</msg>
<status status="PASS" starttime="20200516 17:58:02.843" endtime="20200516 17:58:03.496"></status>
</kw>
<status status="PASS" starttime="20200516 17:58:02.843" endtime="20200516 17:58:03.496"></status>
</kw>
<kw name="Run Keyword If" library="BuiltIn">
<doc>Runs the given keyword with the given arguments, if ``condition`` is true.</doc>
<arguments>
<arg>'${i}'=='${reg}'</arg>
<arg>Exit For Loop</arg>
</arguments>
<status status="PASS" starttime="20200516 17:58:03.496" endtime="20200516 17:58:03.496"></status>
</kw>
<status status="PASS" starttime="20200516 17:57:58.010" endtime="20200516 17:58:03.496"></status>
</kw>
<kw name="${i} = 2" type="foritem">
<kw name="Click" library="recursos">
<arguments>
<arg>//a[contains(@id,'j_idt9:linkCatalogos')]</arg>
</arguments>
<kw name="Click Element" library="SeleniumLibrary">
<doc>Click the element identified by ``locator``.</doc>
<arguments>
<arg>xpath=${arg1}</arg>
</arguments>
<msg timestamp="20200516 17:58:03.497" level="INFO">Clicking element 'xpath=//a[contains(@id,'j_idt9:linkCatalogos')]'.</msg>
<status status="PASS" starttime="20200516 17:58:03.497" endtime="20200516 17:58:04.287"></status>
</kw>
<status status="PASS" starttime="20200516 17:58:03.496" endtime="20200516 17:58:04.287"></status>
</kw>
<kw name="Scroll" library="recursos">
<arguments>
<arg>0</arg>
<arg>150</arg>
</arguments>
<kw name="Execute Javascript" library="SeleniumLibrary">
<doc>Executes the given JavaScript code with possible arguments.</doc>
<arguments>
<arg>window.scrollTo(${arg1},${arg2})</arg>
</arguments>
<msg timestamp="20200516 17:58:04.288" level="INFO">Executing JavaScript:
window.scrollTo(0,150)
Without any arguments.</msg>
<status status="PASS" starttime="20200516 17:58:04.287" endtime="20200516 17:58:04.395"></status>
</kw>
<status status="PASS" starttime="20200516 17:58:04.287" endtime="20200516 17:58:04.395"></status>
</kw>
<kw name="Click" library="recursos">
<arguments>
<arg>//a[@href='#'][contains(.,'Categorías')]</arg>
</arguments>
<kw name="Click Element" library="SeleniumLibrary">
<doc>Click the element identified by ``locator``.</doc>
<arguments>
<arg>xpath=${arg1}</arg>
</arguments>
<msg timestamp="20200516 17:58:04.395" level="INFO">Clicking element 'xpath=//a[@href='#'][contains(.,'Categorías')]'.</msg>
<status status="PASS" starttime="20200516 17:58:04.395" endtime="20200516 17:58:04.936"></status>
</kw>
<status status="PASS" starttime="20200516 17:58:04.395" endtime="20200516 17:58:04.936"></status>
</kw>
<kw name="Click" library="recursos">
<arguments>
<arg>//a[@href='#'][contains(.,'Agregar categoría')]</arg>
</arguments>
<kw name="Click Element" library="SeleniumLibrary">
<doc>Click the element identified by ``locator``.</doc>
<arguments>
<arg>xpath=${arg1}</arg>
</arguments>
<msg timestamp="20200516 17:58:04.936" level="INFO">Clicking element 'xpath=//a[@href='#'][contains(.,'Agregar categoría')]'.</msg>
<status status="PASS" starttime="20200516 17:58:04.936" endtime="20200516 17:58:05.535"></status>
</kw>
<status status="PASS" starttime="20200516 17:58:04.936" endtime="20200516 17:58:05.535"></status>
</kw>
<kw name="Scroll" library="recursos">
<arguments>
<arg>0</arg>
<arg>250</arg>
</arguments>
<kw name="Execute Javascript" library="SeleniumLibrary">
<doc>Executes the given JavaScript code with possible arguments.</doc>
<arguments>
<arg>window.scrollTo(${arg1},${arg2})</arg>
</arguments>
<msg timestamp="20200516 17:58:05.536" level="INFO">Executing JavaScript:
window.scrollTo(0,250)
Without any arguments.</msg>
<status status="PASS" starttime="20200516 17:58:05.535" endtime="20200516 17:58:05.644"></status>
</kw>
<status status="PASS" starttime="20200516 17:58:05.535" endtime="20200516 17:58:05.644"></status>
</kw>
<kw name="Leer celda" library="recursos">
<arguments>
<arg>Hoja1</arg>
<arg>${i}</arg>
<arg>13</arg>
</arguments>
<assign>
<var>${categoria}</var>
</assign>
<kw name="Cell Data" library="ReadData">
<arguments>
<arg>${hoja}</arg>
<arg>${fila}</arg>
<arg>${celda}</arg>
</arguments>
<assign>
<var>${celldata}</var>
</assign>
<msg timestamp="20200516 17:58:05.646" level="INFO">${celldata} = Jessee</msg>
<status status="PASS" starttime="20200516 17:58:05.645" endtime="20200516 17:58:05.646"></status>
</kw>
<msg timestamp="20200516 17:58:05.646" level="INFO">${categoria} = Jessee</msg>
<status status="PASS" starttime="20200516 17:58:05.644" endtime="20200516 17:58:05.646"></status>
</kw>
<kw name="Leer celda" library="recursos">
<arguments>
<arg>Hoja1</arg>
<arg>${i}</arg>
<arg>14</arg>
</arguments>
<assign>
<var>${siglas}</var>
</assign>
<kw name="Cell Data" library="ReadData">
<arguments>
<arg>${hoja}</arg>
<arg>${fila}</arg>
<arg>${celda}</arg>
</arguments>
<assign>
<var>${celldata}</var>
</assign>
<msg timestamp="20200516 17:58:05.647" level="INFO">${celldata} = BIB</msg>
<status status="PASS" starttime="20200516 17:58:05.647" endtime="20200516 17:58:05.647"></status>
</kw>
<msg timestamp="20200516 17:58:05.647" level="INFO">${siglas} = BIB</msg>
<status status="PASS" starttime="20200516 17:58:05.646" endtime="20200516 17:58:05.648"></status>
</kw>
<kw name="Texto" library="recursos">
<arguments>
<arg>//input[@id='busquedaAltaForm:idDependencia']</arg>
<arg>${categoria}</arg>
</arguments>
<kw name="Input Text" library="SeleniumLibrary">
<doc>Types the given ``text`` into the text field identified by ``locator``.</doc>
<arguments>
<arg>xpath=${arg1}</arg>
<arg>${arg2}</arg>
</arguments>
<msg timestamp="20200516 17:58:05.649" level="INFO">Typing text 'Jessee' into text field 'xpath=//input[@id='busquedaAltaForm:idDependencia']'.</msg>
<status status="PASS" starttime="20200516 17:58:05.648" endtime="20200516 17:58:06.049"></status>
</kw>
<status status="PASS" starttime="20200516 17:58:05.648" endtime="20200516 17:58:06.049"></status>
</kw>
<kw name="Texto" library="recursos">
<arguments>
<arg>//input[contains(@id,'busquedaAltaForm:idSiglas')]</arg>
<arg>${siglas}</arg>
</arguments>
<kw name="Input Text" library="SeleniumLibrary">
<doc>Types the given ``text`` into the text field identified by ``locator``.</doc>
<arguments>
<arg>xpath=${arg1}</arg>
<arg>${arg2}</arg>
</arguments>
<msg timestamp="20200516 17:58:06.050" level="INFO">Typing text 'BIB' into text field 'xpath=//input[contains(@id,'busquedaAltaForm:idSiglas')]'.</msg>
<status status="PASS" starttime="20200516 17:58:06.049" endtime="20200516 17:58:06.446"></status>
</kw>
<status status="PASS" starttime="20200516 17:58:06.049" endtime="20200516 17:58:06.446"></status>
</kw>
<kw name="Dormir" library="recursos">
<arguments>
<arg>2</arg>
</arguments>
<kw name="Sleep" library="BuiltIn">
<doc>Pauses the test executed for the given time.</doc>
<arguments>
<arg>${arg1}</arg>
</arguments>
<msg timestamp="20200516 17:58:08.456" level="INFO">Slept 2 seconds</msg>
<status status="PASS" starttime="20200516 17:58:06.446" endtime="20200516 17:58:08.456"></status>
</kw>
<status status="PASS" starttime="20200516 17:58:06.446" endtime="20200516 17:58:08.456"></status>
</kw>
<kw name="Log" library="BuiltIn">
<doc>Logs the given message with the given level.</doc>
<arguments>
<arg>${i}</arg>
</arguments>
<msg timestamp="20200516 17:58:08.456" level="INFO">2</msg>
<status status="PASS" starttime="20200516 17:58:08.456" endtime="20200516 17:58:08.456"></status>
</kw>
<kw name="Click" library="recursos">
<arguments>
<arg>//a[@href='#'][contains(.,'Guardar')]</arg>
</arguments>
<kw name="Click Element" library="SeleniumLibrary">
<doc>Click the element identified by ``locator``.</doc>
<arguments>
<arg>xpath=${arg1}</arg>
</arguments>
<msg timestamp="20200516 17:58:08.456" level="INFO">Clicking element 'xpath=//a[@href='#'][contains(.,'Guardar')]'.</msg>
<status status="PASS" starttime="20200516 17:58:08.456" endtime="20200516 17:58:09.081"></status>
</kw>
<status status="PASS" starttime="20200516 17:58:08.456" endtime="20200516 17:58:09.081"></status>
</kw>
<kw name="Run Keyword If" library="BuiltIn">
<doc>Runs the given keyword with the given arguments, if ``condition`` is true.</doc>
<arguments>
<arg>'${i}'=='${reg}'</arg>
<arg>Exit For Loop</arg>
</arguments>
<status status="PASS" starttime="20200516 17:58:09.081" endtime="20200516 17:58:09.081"></status>
</kw>
<status status="PASS" starttime="20200516 17:58:03.496" endtime="20200516 17:58:09.081"></status>
</kw>
<kw name="${i} = 3" type="foritem">
<kw name="Click" library="recursos">
<arguments>
<arg>//a[contains(@id,'j_idt9:linkCatalogos')]</arg>
</arguments>
<kw name="Click Element" library="SeleniumLibrary">
<doc>Click the element identified by ``locator``.</doc>
<arguments>
<arg>xpath=${arg1}</arg>
</arguments>
<msg timestamp="20200516 17:58:09.082" level="INFO">Clicking element 'xpath=//a[contains(@id,'j_idt9:linkCatalogos')]'.</msg>
<status status="PASS" starttime="20200516 17:58:09.082" endtime="20200516 17:58:09.664"></status>
</kw>
<status status="PASS" starttime="20200516 17:58:09.081" endtime="20200516 17:58:09.664"></status>
</kw>
<kw name="Scroll" library="recursos">
<arguments>
<arg>0</arg>
<arg>150</arg>
</arguments>
<kw name="Execute Javascript" library="SeleniumLibrary">
<doc>Executes the given JavaScript code with possible arguments.</doc>
<arguments>
<arg>window.scrollTo(${arg1},${arg2})</arg>
</arguments>
<msg timestamp="20200516 17:58:09.665" level="INFO">Executing JavaScript:
window.scrollTo(0,150)
Without any arguments.</msg>
<status status="PASS" starttime="20200516 17:58:09.664" endtime="20200516 17:58:09.771"></status>
</kw>
<status status="PASS" starttime="20200516 17:58:09.664" endtime="20200516 17:58:09.771"></status>
</kw>
<kw name="Click" library="recursos">
<arguments>
<arg>//a[@href='#'][contains(.,'Categorías')]</arg>
</arguments>
<kw name="Click Element" library="SeleniumLibrary">
<doc>Click the element identified by ``locator``.</doc>
<arguments>
<arg>xpath=${arg1}</arg>
</arguments>
<msg timestamp="20200516 17:58:09.772" level="INFO">Clicking element 'xpath=//a[@href='#'][contains(.,'Categorías')]'.</msg>
<status status="PASS" starttime="20200516 17:58:09.772" endtime="20200516 17:58:10.270"></status>
</kw>
<status status="PASS" starttime="20200516 17:58:09.771" endtime="20200516 17:58:10.270"></status>
</kw>
<kw name="Click" library="recursos">
<arguments>
<arg>//a[@href='#'][contains(.,'Agregar categoría')]</arg>
</arguments>
<kw name="Click Element" library="SeleniumLibrary">
<doc>Click the element identified by ``locator``.</doc>
<arguments>
<arg>xpath=${arg1}</arg>
</arguments>
<msg timestamp="20200516 17:58:10.270" level="INFO">Clicking element 'xpath=//a[@href='#'][contains(.,'Agregar categoría')]'.</msg>
<status status="PASS" starttime="20200516 17:58:10.270" endtime="20200516 17:58:10.822"></status>
</kw>
<status status="PASS" starttime="20200516 17:58:10.270" endtime="20200516 17:58:10.822"></status>
</kw>
<kw name="Scroll" library="recursos">
<arguments>
<arg>0</arg>
<arg>250</arg>
</arguments>
<kw name="Execute Javascript" library="SeleniumLibrary">
<doc>Executes the given JavaScript code with possible arguments.</doc>
<arguments>
<arg>window.scrollTo(${arg1},${arg2})</arg>
</arguments>
<msg timestamp="20200516 17:58:10.823" level="INFO">Executing JavaScript:
window.scrollTo(0,250)
Without any arguments.</msg>
<status status="PASS" starttime="20200516 17:58:10.822" endtime="20200516 17:58:10.930"></status>
</kw>
<status status="PASS" starttime="20200516 17:58:10.822" endtime="20200516 17:58:10.930"></status>
</kw>
<kw name="Leer celda" library="recursos">
<arguments>
<arg>Hoja1</arg>
<arg>${i}</arg>
<arg>13</arg>
</arguments>
<assign>
<var>${categoria}</var>
</assign>
<kw name="Cell Data" library="ReadData">
<arguments>
<arg>${hoja}</arg>
<arg>${fila}</arg>
<arg>${celda}</arg>
</arguments>
<assign>
<var>${celldata}</var>
</assign>
<msg timestamp="20200516 17:58:10.931" level="INFO">${celldata} = Jeri</msg>
<status status="PASS" starttime="20200516 17:58:10.931" endtime="20200516 17:58:10.931"></status>
</kw>
<msg timestamp="20200516 17:58:10.931" level="INFO">${categoria} = Jeri</msg>
<status status="PASS" starttime="20200516 17:58:10.930" endtime="20200516 17:58:10.931"></status>
</kw>
<kw name="Leer celda" library="recursos">
<arguments>
<arg>Hoja1</arg>
<arg>${i}</arg>
<arg>14</arg>
</arguments>
<assign>
<var>${siglas}</var>
</assign>
<kw name="Cell Data" library="ReadData">
<arguments>
<arg>${hoja}</arg>
<arg>${fila}</arg>
<arg>${celda}</arg>
</arguments>
<assign>
<var>${celldata}</var>
</assign>
<msg timestamp="20200516 17:58:10.932" level="INFO">${celldata} = LBTYB</msg>
<status status="PASS" starttime="20200516 17:58:10.931" endtime="20200516 17:58:10.932"></status>
</kw>
<msg timestamp="20200516 17:58:10.932" level="INFO">${siglas} = LBTYB</msg>
<status status="PASS" starttime="20200516 17:58:10.931" endtime="20200516 17:58:10.932"></status>
</kw>
<kw name="Texto" library="recursos">
<arguments>
<arg>//input[@id='busquedaAltaForm:idDependencia']</arg>
<arg>${categoria}</arg>
</arguments>
<kw name="Input Text" library="SeleniumLibrary">
<doc>Types the given ``text`` into the text field identified by ``locator``.</doc>
<arguments>
<arg>xpath=${arg1}</arg>
<arg>${arg2}</arg>
</arguments>
<msg timestamp="20200516 17:58:10.933" level="INFO">Typing text 'Jeri' into text field 'xpath=//input[@id='busquedaAltaForm:idDependencia']'.</msg>
<status status="PASS" starttime="20200516 17:58:10.932" endtime="20200516 17:58:11.323"></status>
</kw>
<status status="PASS" starttime="20200516 17:58:10.932" endtime="20200516 17:58:11.323"></status>
</kw>
<kw name="Texto" library="recursos">
<arguments>
<arg>//input[contains(@id,'busquedaAltaForm:idSiglas')]</arg>
<arg>${siglas}</arg>
</arguments>
<kw name="Input Text" library="SeleniumLibrary">
<doc>Types the given ``text`` into the text field identified by ``locator``.</doc>
<arguments>
<arg>xpath=${arg1}</arg>
<arg>${arg2}</arg>
</arguments>
<msg timestamp="20200516 17:58:11.324" level="INFO">Typing text 'LBTYB' into text field 'xpath=//input[contains(@id,'busquedaAltaForm:idSiglas')]'.</msg>
<status status="PASS" starttime="20200516 17:58:11.324" endtime="20200516 17:58:11.727"></status>
</kw>
<status status="PASS" starttime="20200516 17:58:11.323" endtime="20200516 17:58:11.727"></status>
</kw>
<kw name="Dormir" library="recursos">
<arguments>
<arg>2</arg>
</arguments>
<kw name="Sleep" library="BuiltIn">
<doc>Pauses the test executed for the given time.</doc>
<arguments>
<arg>${arg1}</arg>
</arguments>
<msg timestamp="20200516 17:58:13.732" level="INFO">Slept 2 seconds</msg>
<status status="PASS" starttime="20200516 17:58:11.727" endtime="20200516 17:58:13.732"></status>
</kw>
<status status="PASS" starttime="20200516 17:58:11.727" endtime="20200516 17:58:13.732"></status>
</kw>
<kw name="Log" library="BuiltIn">
<doc>Logs the given message with the given level.</doc>
<arguments>
<arg>${i}</arg>
</arguments>
<msg timestamp="20200516 17:58:13.732" level="INFO">3</msg>
<status status="PASS" starttime="20200516 17:58:13.732" endtime="20200516 17:58:13.732"></status>
</kw>
<kw name="Click" library="recursos">
<arguments>
<arg>//a[@href='#'][contains(.,'Guardar')]</arg>
</arguments>
<kw name="Click Element" library="SeleniumLibrary">
<doc>Click the element identified by ``locator``.</doc>
<arguments>
<arg>xpath=${arg1}</arg>
</arguments>
<msg timestamp="20200516 17:58:13.732" level="INFO">Clicking element 'xpath=//a[@href='#'][contains(.,'Guardar')]'.</msg>
<status status="PASS" starttime="20200516 17:58:13.732" endtime="20200516 17:58:14.399"></status>
</kw>
<status status="PASS" starttime="20200516 17:58:13.732" endtime="20200516 17:58:14.399"></status>
</kw>
<kw name="Run Keyword If" library="BuiltIn">
<doc>Runs the given keyword with the given arguments, if ``condition`` is true.</doc>
<arguments>
<arg>'${i}'=='${reg}'</arg>
<arg>Exit For Loop</arg>
</arguments>
<status status="PASS" starttime="20200516 17:58:14.399" endtime="20200516 17:58:14.399"></status>
</kw>
<status status="PASS" starttime="20200516 17:58:09.081" endtime="20200516 17:58:14.399"></status>
</kw>
<kw name="${i} = 4" type="foritem">
<kw name="Click" library="recursos">
<arguments>
<arg>//a[contains(@id,'j_idt9:linkCatalogos')]</arg>
</arguments>
<kw name="Click Element" library="SeleniumLibrary">
<doc>Click the element identified by ``locator``.</doc>
<arguments>
<arg>xpath=${arg1}</arg>
</arguments>
<msg timestamp="20200516 17:58:14.400" level="INFO">Clicking element 'xpath=//a[contains(@id,'j_idt9:linkCatalogos')]'.</msg>
<status status="PASS" starttime="20200516 17:58:14.400" endtime="20200516 17:58:14.949"></status>
</kw>
<status status="PASS" starttime="20200516 17:58:14.399" endtime="20200516 17:58:14.949"></status>
</kw>
<kw name="Scroll" library="recursos">
<arguments>
<arg>0</arg>
<arg>150</arg>
</arguments>
<kw name="Execute Javascript" library="SeleniumLibrary">
<doc>Executes the given JavaScript code with possible arguments.</doc>
<arguments>
<arg>window.scrollTo(${arg1},${arg2})</arg>
</arguments>
<msg timestamp="20200516 17:58:14.950" level="INFO">Executing JavaScript:
window.scrollTo(0,150)
Without any arguments.</msg>
<status status="PASS" starttime="20200516 17:58:14.949" endtime="20200516 17:58:15.056"></status>
</kw>
<status status="PASS" starttime="20200516 17:58:14.949" endtime="20200516 17:58:15.056"></status>
</kw>
<kw name="Click" library="recursos">
<arguments>
<arg>//a[@href='#'][contains(.,'Categorías')]</arg>
</arguments>
<kw name="Click Element" library="SeleniumLibrary">
<doc>Click the element identified by ``locator``.</doc>
<arguments>
<arg>xpath=${arg1}</arg>
</arguments>
<msg timestamp="20200516 17:58:15.056" level="INFO">Clicking element 'xpath=//a[@href='#'][contains(.,'Categorías')]'.</msg>
<status status="PASS" starttime="20200516 17:58:15.056" endtime="20200516 17:58:15.559"></status>
</kw>
<status status="PASS" starttime="20200516 17:58:15.056" endtime="20200516 17:58:15.559"></status>
</kw>
<kw name="Click" library="recursos">
<arguments>
<arg>//a[@href='#'][contains(.,'Agregar categoría')]</arg>
</arguments>
<kw name="Click Element" library="SeleniumLibrary">
<doc>Click the element identified by ``locator``.</doc>
<arguments>
<arg>xpath=${arg1}</arg>
</arguments>
<msg timestamp="20200516 17:58:15.559" level="INFO">Clicking element 'xpath=//a[@href='#'][contains(.,'Agregar categoría')]'.</msg>
<status status="PASS" starttime="20200516 17:58:15.559" endtime="20200516 17:58:16.154"></status>
</kw>
<status status="PASS" starttime="20200516 17:58:15.559" endtime="20200516 17:58:16.154"></status>
</kw>
<kw name="Scroll" library="recursos">
<arguments>
<arg>0</arg>
<arg>250</arg>
</arguments>
<kw name="Execute Javascript" library="SeleniumLibrary">
<doc>Executes the given JavaScript code with possible arguments.</doc>
<arguments>
<arg>window.scrollTo(${arg1},${arg2})</arg>
</arguments>
<msg timestamp="20200516 17:58:16.155" level="INFO">Executing JavaScript:
window.scrollTo(0,250)
Without any arguments.</msg>
<status status="PASS" starttime="20200516 17:58:16.154" endtime="20200516 17:58:16.262"></status>
</kw>
<status status="PASS" starttime="20200516 17:58:16.154" endtime="20200516 17:58:16.262"></status>
</kw>
<kw name="Leer celda" library="recursos">
<arguments>
<arg>Hoja1</arg>
<arg>${i}</arg>
<arg>13</arg>
</arguments>
<assign>
<var>${categoria}</var>
</assign>
<kw name="Cell Data" library="ReadData">
<arguments>
<arg>${hoja}</arg>
<arg>${fila}</arg>
<arg>${celda}</arg>
</arguments>
<assign>
<var>${celldata}</var>
</assign>
<msg timestamp="20200516 17:58:16.263" level="INFO">${celldata} = Kalle</msg>
<status status="PASS" starttime="20200516 17:58:16.263" endtime="20200516 17:58:16.263"></status>
</kw>
<msg timestamp="20200516 17:58:16.263" level="INFO">${categoria} = Kalle</msg>
<status status="PASS" starttime="20200516 17:58:16.262" endtime="20200516 17:58:16.263"></status>
</kw>
<kw name="Leer celda" library="recursos">
<arguments>
<arg>Hoja1</arg>
<arg>${i}</arg>
<arg>14</arg>
</arguments>
<assign>
<var>${siglas}</var>
</assign>
<kw name="Cell Data" library="ReadData">
<arguments>
<arg>${hoja}</arg>
<arg>${fila}</arg>
<arg>${celda}</arg>
</arguments>
<assign>
<var>${celldata}</var>
</assign>
<msg timestamp="20200516 17:58:16.264" level="INFO">${celldata} = TRVN</msg>
<status status="PASS" starttime="20200516 17:58:16.264" endtime="20200516 17:58:16.264"></status>
</kw>
<msg timestamp="20200516 17:58:16.264" level="INFO">${siglas} = TRVN</msg>
<status status="PASS" starttime="20200516 17:58:16.263" endtime="20200516 17:58:16.264"></status>
</kw>
<kw name="Texto" library="recursos">
<arguments>
<arg>//input[@id='busquedaAltaForm:idDependencia']</arg>
<arg>${categoria}</arg>
</arguments>
<kw name="Input Text" library="SeleniumLibrary">
<doc>Types the given ``text`` into the text field identified by ``locator``.</doc>
<arguments>
<arg>xpath=${arg1}</arg>
<arg>${arg2}</arg>
</arguments>
<msg timestamp="20200516 17:58:16.265" level="INFO">Typing text 'Kalle' into text field 'xpath=//input[@id='busquedaAltaForm:idDependencia']'.</msg>
<status status="PASS" starttime="20200516 17:58:16.264" endtime="20200516 17:58:16.655"></status>
</kw>
<status status="PASS" starttime="20200516 17:58:16.264" endtime="20200516 17:58:16.655"></status>
</kw>
<kw name="Texto" library="recursos">
<arguments>
<arg>//input[contains(@id,'busquedaAltaForm:idSiglas')]</arg>
<arg>${siglas}</arg>
</arguments>
<kw name="Input Text" library="SeleniumLibrary">
<doc>Types the given ``text`` into the text field identified by ``locator``.</doc>
<arguments>
<arg>xpath=${arg1}</arg>
<arg>${arg2}</arg>
</arguments>
<msg timestamp="20200516 17:58:16.656" level="INFO">Typing text 'TRVN' into text field 'xpath=//input[contains(@id,'busquedaAltaForm:idSiglas')]'.</msg>
<status status="PASS" starttime="20200516 17:58:16.656" endtime="20200516 17:58:17.040"></status>
</kw>
<status status="PASS" starttime="20200516 17:58:16.655" endtime="20200516 17:58:17.040"></status>
</kw>
<kw name="Dormir" library="recursos">
<arguments>
<arg>2</arg>
</arguments>
<kw name="Sleep" library="BuiltIn">
<doc>Pauses the test executed for the given time.</doc>
<arguments>
<arg>${arg1}</arg>
</arguments>
<msg timestamp="20200516 17:58:19.049" level="INFO">Slept 2 seconds</msg>
<status status="PASS" starttime="20200516 17:58:17.040" endtime="20200516 17:58:19.049"></status>
</kw>
<status status="PASS" starttime="20200516 17:58:17.040" endtime="20200516 17:58:19.049"></status>
</kw>
<kw name="Log" library="BuiltIn">
<doc>Logs the given message with the given level.</doc>
<arguments>
<arg>${i}</arg>
</arguments>
<msg timestamp="20200516 17:58:19.049" level="INFO">4</msg>
<status status="PASS" starttime="20200516 17:58:19.049" endtime="20200516 17:58:19.049"></status>
</kw>
<kw name="Click" library="recursos">
<arguments>
<arg>//a[@href='#'][contains(.,'Guardar')]</arg>
</arguments>
<kw name="Click Element" library="SeleniumLibrary">
<doc>Click the element identified by ``locator``.</doc>
<arguments>
<arg>xpath=${arg1}</arg>
</arguments>
<msg timestamp="20200516 17:58:19.049" level="INFO">Clicking element 'xpath=//a[@href='#'][contains(.,'Guardar')]'.</msg>
<status status="PASS" starttime="20200516 17:58:19.049" endtime="20200516 17:58:19.716"></status>
</kw>
<status status="PASS" starttime="20200516 17:58:19.049" endtime="20200516 17:58:19.716"></status>
</kw>
<kw name="Run Keyword If" library="BuiltIn">
<doc>Runs the given keyword with the given arguments, if ``condition`` is true.</doc>
<arguments>
<arg>'${i}'=='${reg}'</arg>
<arg>Exit For Loop</arg>
</arguments>
<status status="PASS" starttime="20200516 17:58:19.716" endtime="20200516 17:58:19.716"></status>
</kw>
<status status="PASS" starttime="20200516 17:58:14.399" endtime="20200516 17:58:19.716"></status>
</kw>
<kw name="${i} = 5" type="foritem">
<kw name="Click" library="recursos">
<arguments>
<arg>//a[contains(@id,'j_idt9:linkCatalogos')]</arg>
</arguments>
<kw name="Click Element" library="SeleniumLibrary">
<doc>Click the element identified by ``locator``.</doc>
<arguments>
<arg>xpath=${arg1}</arg>
</arguments>
<msg timestamp="20200516 17:58:19.717" level="INFO">Clicking element 'xpath=//a[contains(@id,'j_idt9:linkCatalogos')]'.</msg>
<status status="PASS" starttime="20200516 17:58:19.717" endtime="20200516 17:58:20.303"></status>
</kw>
<status status="PASS" starttime="20200516 17:58:19.716" endtime="20200516 17:58:20.303"></status>
</kw>
<kw name="Scroll" library="recursos">
<arguments>
<arg>0</arg>
<arg>150</arg>
</arguments>
<kw name="Execute Javascript" library="SeleniumLibrary">
<doc>Executes the given JavaScript code with possible arguments.</doc>
<arguments>
<arg>window.scrollTo(${arg1},${arg2})</arg>
</arguments>
<msg timestamp="20200516 17:58:20.305" level="INFO">Executing JavaScript:
window.scrollTo(0,150)
Without any arguments.</msg>
<status status="PASS" starttime="20200516 17:58:20.304" endtime="20200516 17:58:20.412"></status>
</kw>
<status status="PASS" starttime="20200516 17:58:20.303" endtime="20200516 17:58:20.412"></status>
</kw>
<kw name="Click" library="recursos">
<arguments>
<arg>//a[@href='#'][contains(.,'Categorías')]</arg>
</arguments>
<kw name="Click Element" library="SeleniumLibrary">
<doc>Click the element identified by ``locator``.</doc>
<arguments>
<arg>xpath=${arg1}</arg>
</arguments>
<msg timestamp="20200516 17:58:20.413" level="INFO">Clicking element 'xpath=//a[@href='#'][contains(.,'Categorías')]'.</msg>
<status status="PASS" starttime="20200516 17:58:20.412" endtime="20200516 17:58:20.933"></status>
</kw>
<status status="PASS" starttime="20200516 17:58:20.412" endtime="20200516 17:58:20.933"></status>
</kw>
<kw name="Click" library="recursos">
<arguments>
<arg>//a[@href='#'][contains(.,'Agregar categoría')]</arg>
</arguments>
<kw name="Click Element" library="SeleniumLibrary">
<doc>Click the element identified by ``locator``.</doc>
<arguments>
<arg>xpath=${arg1}</arg>
</arguments>
<msg timestamp="20200516 17:58:20.933" level="INFO">Clicking element 'xpath=//a[@href='#'][contains(.,'Agregar categoría')]'.</msg>
<status status="PASS" starttime="20200516 17:58:20.933" endtime="20200516 17:58:21.567"></status>
</kw>
<status status="PASS" starttime="20200516 17:58:20.933" endtime="20200516 17:58:21.567"></status>
</kw>
<kw name="Scroll" library="recursos">
<arguments>
<arg>0</arg>
<arg>250</arg>
</arguments>
<kw name="Execute Javascript" library="SeleniumLibrary">
<doc>Executes the given JavaScript code with possible arguments.</doc>
<arguments>
<arg>window.scrollTo(${arg1},${arg2})</arg>
</arguments>
<msg timestamp="20200516 17:58:21.569" level="INFO">Executing JavaScript:
window.scrollTo(0,250)
Without any arguments.</msg>
<status status="PASS" starttime="20200516 17:58:21.568" endtime="20200516 17:58:21.677"></status>
</kw>
<status status="PASS" starttime="20200516 17:58:21.568" endtime="20200516 17:58:21.677"></status>
</kw>
<kw name="Leer celda" library="recursos">
<arguments>
<arg>Hoja1</arg>
<arg>${i}</arg>
<arg>13</arg>
</arguments>
<assign>
<var>${categoria}</var>
</assign>
<kw name="Cell Data" library="ReadData">
<arguments>
<arg>${hoja}</arg>
<arg>${fila}</arg>
<arg>${celda}</arg>
</arguments>
<assign>
<var>${celldata}</var>
</assign>
<msg timestamp="20200516 17:58:21.678" level="INFO">${celldata} = Courtney</msg>
<status status="PASS" starttime="20200516 17:58:21.677" endtime="20200516 17:58:21.678"></status>
</kw>
<msg timestamp="20200516 17:58:21.678" level="INFO">${categoria} = Courtney</msg>
<status status="PASS" starttime="20200516 17:58:21.677" endtime="20200516 17:58:21.678"></status>
</kw>
<kw name="Leer celda" library="recursos">
<arguments>
<arg>Hoja1</arg>
<arg>${i}</arg>
<arg>14</arg>
</arguments>
<assign>
<var>${siglas}</var>
</assign>
<kw name="Cell Data" library="ReadData">
<arguments>
<arg>${hoja}</arg>
<arg>${fila}</arg>
<arg>${celda}</arg>
</arguments>
<assign>
<var>${celldata}</var>
</assign>
<msg timestamp="20200516 17:58:21.679" level="INFO">${celldata} = MYRG</msg>
<status status="PASS" starttime="20200516 17:58:21.678" endtime="20200516 17:58:21.679"></status>
</kw>
<msg timestamp="20200516 17:58:21.679" level="INFO">${siglas} = MYRG</msg>
<status status="PASS" starttime="20200516 17:58:21.678" endtime="20200516 17:58:21.679"></status>
</kw>
<kw name="Texto" library="recursos">
<arguments>
<arg>//input[@id='busquedaAltaForm:idDependencia']</arg>
<arg>${categoria}</arg>
</arguments>
<kw name="Input Text" library="SeleniumLibrary">
<doc>Types the given ``text`` into the text field identified by ``locator``.</doc>
<arguments>
<arg>xpath=${arg1}</arg>
<arg>${arg2}</arg>
</arguments>
<msg timestamp="20200516 17:58:21.680" level="INFO">Typing text 'Courtney' into text field 'xpath=//input[@id='busquedaAltaForm:idDependencia']'.</msg>
<status status="PASS" starttime="20200516 17:58:21.679" endtime="20200516 17:58:22.093"></status>
</kw>
<status status="PASS" starttime="20200516 17:58:21.679" endtime="20200516 17:58:22.093"></status>
</kw>
<kw name="Texto" library="recursos">
<arguments>
<arg>//input[contains(@id,'busquedaAltaForm:idSiglas')]</arg>
<arg>${siglas}</arg>
</arguments>
<kw name="Input Text" library="SeleniumLibrary">
<doc>Types the given ``text`` into the text field identified by ``locator``.</doc>
<arguments>
<arg>xpath=${arg1}</arg>
<arg>${arg2}</arg>
</arguments>
<msg timestamp="20200516 17:58:22.094" level="INFO">Typing text 'MYRG' into text field 'xpath=//input[contains(@id,'busquedaAltaForm:idSiglas')]'.</msg>
<status status="PASS" starttime="20200516 17:58:22.093" endtime="20200516 17:58:22.501"></status>
</kw>
<status status="PASS" starttime="20200516 17:58:22.093" endtime="20200516 17:58:22.501"></status>
</kw>
<kw name="Dormir" library="recursos">
<arguments>
<arg>2</arg>
</arguments>
<kw name="Sleep" library="BuiltIn">
<doc>Pauses the test executed for the given time.</doc>
<arguments>
<arg>${arg1}</arg>
</arguments>
<msg timestamp="20200516 17:58:24.509" level="INFO">Slept 2 seconds</msg>
<status status="PASS" starttime="20200516 17:58:22.501" endtime="20200516 17:58:24.509"></status>
</kw>
<status status="PASS" starttime="20200516 17:58:22.501" endtime="20200516 17:58:24.509"></status>
</kw>
<kw name="Log" library="BuiltIn">
<doc>Logs the given message with the given level.</doc>
<arguments>
<arg>${i}</arg>
</arguments>
<msg timestamp="20200516 17:58:24.509" level="INFO">5</msg>
<status status="PASS" starttime="20200516 17:58:24.509" endtime="20200516 17:58:24.509"></status>
</kw>
<kw name="Click" library="recursos">
<arguments>
<arg>//a[@href='#'][contains(.,'Guardar')]</arg>
</arguments>
<kw name="Click Element" library="SeleniumLibrary">
<doc>Click the element identified by ``locator``.</doc>
<arguments>
<arg>xpath=${arg1}</arg>
</arguments>
<msg timestamp="20200516 17:58:24.509" level="INFO">Clicking element 'xpath=//a[@href='#'][contains(.,'Guardar')]'.</msg>
<status status="PASS" starttime="20200516 17:58:24.509" endtime="20200516 17:58:25.156"></status>
</kw>
<status status="PASS" starttime="20200516 17:58:24.509" endtime="20200516 17:58:25.156"></status>
</kw>
<kw name="Run Keyword If" library="BuiltIn">
<doc>Runs the given keyword with the given arguments, if ``condition`` is true.</doc>
<arguments>
<arg>'${i}'=='${reg}'</arg>
<arg>Exit For Loop</arg>
</arguments>
<kw name="Exit For Loop" library="BuiltIn">
<doc>Stops executing the enclosing for loop.</doc>
<msg timestamp="20200516 17:58:25.156" level="INFO">Exiting for loop altogether.</msg>
<status status="PASS" starttime="20200516 17:58:25.156" endtime="20200516 17:58:25.157"></status>
</kw>
<status status="PASS" starttime="20200516 17:58:25.156" endtime="20200516 17:58:25.157"></status>
</kw>
<status status="PASS" starttime="20200516 17:58:19.716" endtime="20200516 17:58:25.157"></status>
</kw>
<status status="PASS" starttime="20200516 17:57:58.010" endtime="20200516 17:58:25.157"></status>
</kw>
<status status="PASS" starttime="20200516 17:57:58.009" endtime="20200516 17:58:25.157"></status>
</kw>
<kw name="Catalogos Organizaciones Excel" library="casos">
<kw name="Leer numero de filas" library="recursos">
<arguments>
<arg>Hoja1</arg>
</arguments>
<assign>
<var>${rows}</var>
</assign>
<kw name="Numero De Filas" library="ReadData">
<arguments>
<arg>${hoja}</arg>
</arguments>
<assign>
<var>${maxr}</var>
</assign>
<msg timestamp="20200516 17:58:25.158" level="INFO">${maxr} = 5</msg>
<status status="PASS" starttime="20200516 17:58:25.158" endtime="20200516 17:58:25.158"></status>
</kw>
<msg timestamp="20200516 17:58:25.159" level="INFO">${rows} = 5</msg>
<status status="PASS" starttime="20200516 17:58:25.158" endtime="20200516 17:58:25.159"></status>
</kw>
<kw name="${i} IN RANGE [ 1 | ${rows}+1 ]" type="for">
<kw name="${i} = 1" type="foritem">
<kw name="Click" library="recursos">
<arguments>
<arg>//a[contains(@id,'j_idt9:linkCatalogos')]</arg>
</arguments>
<kw name="Click Element" library="SeleniumLibrary">
<doc>Click the element identified by ``locator``.</doc>
<arguments>
<arg>xpath=${arg1}</arg>
</arguments>
<msg timestamp="20200516 17:58:25.159" level="INFO">Clicking element 'xpath=//a[contains(@id,'j_idt9:linkCatalogos')]'.</msg>
<status status="PASS" starttime="20200516 17:58:25.159" endtime="20200516 17:58:25.705"></status>
</kw>
<status status="PASS" starttime="20200516 17:58:25.159" endtime="20200516 17:58:25.705"></status>
</kw>
<kw name="Scroll" library="recursos">
<arguments>
<arg>0</arg>
<arg>150</arg>
</arguments>
<kw name="Execute Javascript" library="SeleniumLibrary">
<doc>Executes the given JavaScript code with possible arguments.</doc>
<arguments>
<arg>window.scrollTo(${arg1},${arg2})</arg>
</arguments>
<msg timestamp="20200516 17:58:25.706" level="INFO">Executing JavaScript:
window.scrollTo(0,150)
Without any arguments.</msg>
<status status="PASS" starttime="20200516 17:58:25.705" endtime="20200516 17:58:25.813"></status>
</kw>
<status status="PASS" starttime="20200516 17:58:25.705" endtime="20200516 17:58:25.813"></status>
</kw>
<kw name="Click" library="recursos">
<arguments>
<arg>//a[@href='#'][contains(.,'Organizaciones')]</arg>
</arguments>
<kw name="Click Element" library="SeleniumLibrary">
<doc>Click the element identified by ``locator``.</doc>
<arguments>
<arg>xpath=${arg1}</arg>
</arguments>
<msg timestamp="20200516 17:58:25.813" level="INFO">Clicking element 'xpath=//a[@href='#'][contains(.,'Organizaciones')]'.</msg>
<status status="PASS" starttime="20200516 17:58:25.813" endtime="20200516 17:58:26.563"></status>
</kw>
<status status="PASS" starttime="20200516 17:58:25.813" endtime="20200516 17:58:26.563"></status>
</kw>
<kw name="Scroll" library="recursos">
<arguments>
<arg>0</arg>
<arg>250</arg>
</arguments>
<kw name="Execute Javascript" library="SeleniumLibrary">
<doc>Executes the given JavaScript code with possible arguments.</doc>
<arguments>
<arg>window.scrollTo(${arg1},${arg2})</arg>
</arguments>
<msg timestamp="20200516 17:58:26.564" level="INFO">Executing JavaScript:
window.scrollTo(0,250)
Without any arguments.</msg>
<status status="PASS" starttime="20200516 17:58:26.563" endtime="20200516 17:58:26.670"></status>
</kw>
<status status="PASS" starttime="20200516 17:58:26.563" endtime="20200516 17:58:26.670"></status>
</kw>
<kw name="Click" library="recursos">
<arguments>
<arg>//a[@href='#'][contains(.,'Agregar organización')]</arg>
</arguments>
<kw name="Click Element" library="SeleniumLibrary">
<doc>Click the element identified by ``locator``.</doc>
<arguments>
<arg>xpath=${arg1}</arg>
</arguments>
<msg timestamp="20200516 17:58:26.670" level="INFO">Clicking element 'xpath=//a[@href='#'][contains(.,'Agregar organización')]'.</msg>
<status status="PASS" starttime="20200516 17:58:26.670" endtime="20200516 17:58:27.462"></status>
</kw>
<status status="PASS" starttime="20200516 17:58:26.670" endtime="20200516 17:58:27.462"></status>
</kw>
<kw name="Scroll" library="recursos">
<arguments>
<arg>0</arg>
<arg>250</arg>
</arguments>
<kw name="Execute Javascript" library="SeleniumLibrary">
<doc>Executes the given JavaScript code with possible arguments.</doc>
<arguments>
<arg>window.scrollTo(${arg1},${arg2})</arg>
</arguments>
<msg timestamp="20200516 17:58:27.463" level="INFO">Executing JavaScript:
window.scrollTo(0,250)
Without any arguments.</msg>
<status status="PASS" starttime="20200516 17:58:27.462" endtime="20200516 17:58:27.569"></status>
</kw>
<status status="PASS" starttime="20200516 17:58:27.462" endtime="20200516 17:58:27.569"></status>
</kw>
<kw name="Leer celda" library="recursos">
<arguments>
<arg>Hoja1</arg>
<arg>${i}</arg>
<arg>13</arg>
</arguments>
<assign>
<var>${categoria_org}</var>
</assign>
<kw name="Cell Data" library="ReadData">
<arguments>
<arg>${hoja}</arg>
<arg>${fila}</arg>
<arg>${celda}</arg>
</arguments>
<assign>
<var>${celldata}</var>
</assign>
<msg timestamp="20200516 17:58:27.570" level="INFO">${celldata} = Corny</msg>
<status status="PASS" starttime="20200516 17:58:27.570" endtime="20200516 17:58:27.570"></status>
</kw>
<msg timestamp="20200516 17:58:27.570" level="INFO">${categoria_org} = Corny</msg>
<status status="PASS" starttime="20200516 17:58:27.569" endtime="20200516 17:58:27.570"></status>
</kw>
<kw name="Leer celda" library="recursos">
<arguments>
<arg>Hoja1</arg>
<arg>${i}</arg>
<arg>15</arg>
</arguments>
<assign>
<var>${nombre_organizacion}</var>
</assign>
<kw name="Cell Data" library="ReadData">
<arguments>
<arg>${hoja}</arg>
<arg>${fila}</arg>
<arg>${celda}</arg>
</arguments>
<assign>
<var>${celldata}</var>
</assign>
<msg timestamp="20200516 17:58:27.571" level="INFO">${celldata} = PNC Financial Services Group, Inc. (The)</msg>
<status status="PASS" starttime="20200516 17:58:27.570" endtime="20200516 17:58:27.571"></status>
</kw>
<msg timestamp="20200516 17:58:27.571" level="INFO">${nombre_organizacion} = PNC Financial Services Group, Inc. (The)</msg>
<status status="PASS" starttime="20200516 17:58:27.570" endtime="20200516 17:58:27.571"></status>
</kw>
<kw name="Leer celda" library="recursos">
<arguments>
<arg>Hoja1</arg>
<arg>${i}</arg>
<arg>16</arg>
</arguments>
<assign>
<var>${siglas_organizacion}</var>
</assign>
<kw name="Cell Data" library="ReadData">
<arguments>
<arg>${hoja}</arg>
<arg>${fila}</arg>
<arg>${celda}</arg>
</arguments>
<assign>
<var>${celldata}</var>
</assign>
<msg timestamp="20200516 17:58:27.572" level="INFO">${celldata} = KNX</msg>
<status status="PASS" starttime="20200516 17:58:27.571" endtime="20200516 17:58:27.572"></status>
</kw>
<msg timestamp="20200516 17:58:27.572" level="INFO">${siglas_organizacion} = KNX</msg>
<status status="PASS" starttime="20200516 17:58:27.571" endtime="20200516 17:58:27.572"></status>
</kw>
<kw name="SLL" library="recursos">
<arguments>
<arg>//select[contains(@name,'busquedaAltaForm:idDependencia')]</arg>
<arg>${categoria_org}</arg>
</arguments>
<kw name="Select From List By Label" library="SeleniumLibrary">
<doc>Selects options from selection list ``locator`` by ``labels``.</doc>
<arguments>
<arg>${arg1}</arg>
<arg>${arg2}</arg>
</arguments>
<msg timestamp="20200516 17:58:27.572" level="INFO">Selecting options from selection list '//select[contains(@name,'busquedaAltaForm:idDependencia')]' by label Corny.</msg>
<status status="PASS" starttime="20200516 17:58:27.572" endtime="20200516 17:58:28.348"></status>
</kw>
<status status="PASS" starttime="20200516 17:58:27.572" endtime="20200516 17:58:28.348"></status>
</kw>
<kw name="Texto" library="recursos">
<arguments>
<arg>//input[contains(@id,'busquedaAltaForm:idOrganizacion')]</arg>
<arg>${nombre_organizacion}</arg>
</arguments>
<kw name="Input Text" library="SeleniumLibrary">
<doc>Types the given ``text`` into the text field identified by ``locator``.</doc>
<arguments>
<arg>xpath=${arg1}</arg>
<arg>${arg2}</arg>
</arguments>
<msg timestamp="20200516 17:58:28.349" level="INFO">Typing text 'PNC Financial Services Group, Inc. (The)' into text field 'xpath=//input[contains(@id,'busquedaAltaForm:idOrganizacion')]'.</msg>
<status status="PASS" starttime="20200516 17:58:28.348" endtime="20200516 17:58:28.908"></status>
</kw>
<status status="PASS" starttime="20200516 17:58:28.348" endtime="20200516 17:58:28.908"></status>
</kw>
<kw name="Texto" library="recursos">
<arguments>
<arg>//input[@id='busquedaAltaForm:idSiglas']</arg>
<arg>${siglas_organizacion}</arg>
</arguments>
<kw name="Input Text" library="SeleniumLibrary">
<doc>Types the given ``text`` into the text field identified by ``locator``.</doc>
<arguments>
<arg>xpath=${arg1}</arg>
<arg>${arg2}</arg>
</arguments>
<msg timestamp="20200516 17:58:28.908" level="INFO">Typing text 'KNX' into text field 'xpath=//input[@id='busquedaAltaForm:idSiglas']'.</msg>
<status status="PASS" starttime="20200516 17:58:28.908" endtime="20200516 17:58:29.295"></status>
</kw>
<status status="PASS" starttime="20200516 17:58:28.908" endtime="20200516 17:58:29.295"></status>
</kw>
<kw name="Dormir" library="recursos">
<arguments>
<arg>2</arg>
</arguments>
<kw name="Sleep" library="BuiltIn">
<doc>Pauses the test executed for the given time.</doc>
<arguments>
<arg>${arg1}</arg>
</arguments>
<msg timestamp="20200516 17:58:31.314" level="INFO">Slept 2 seconds</msg>
<status status="PASS" starttime="20200516 17:58:29.296" endtime="20200516 17:58:31.314"></status>
</kw>
<status status="PASS" starttime="20200516 17:58:29.296" endtime="20200516 17:58:31.314"></status>
</kw>
<kw name="Click" library="recursos">
<arguments>
<arg>//a[@href='#'][contains(.,'Guardar')]</arg>
</arguments>
<kw name="Click Element" library="SeleniumLibrary">
<doc>Click the element identified by ``locator``.</doc>
<arguments>
<arg>xpath=${arg1}</arg>
</arguments>
<msg timestamp="20200516 17:58:31.314" level="INFO">Clicking element 'xpath=//a[@href='#'][contains(.,'Guardar')]'.</msg>
<status status="PASS" starttime="20200516 17:58:31.314" endtime="20200516 17:58:32.195"></status>
</kw>
<status status="PASS" starttime="20200516 17:58:31.314" endtime="20200516 17:58:32.195"></status>
</kw>
<kw name="Dormir" library="recursos">
<arguments>
<arg>1</arg>
</arguments>
<kw name="Sleep" library="BuiltIn">
<doc>Pauses the test executed for the given time.</doc>
<arguments>
<arg>${arg1}</arg>
</arguments>
<msg timestamp="20200516 17:58:33.205" level="INFO">Slept 1 second</msg>
<status status="PASS" starttime="20200516 17:58:32.195" endtime="20200516 17:58:33.205"></status>
</kw>
<status status="PASS" starttime="20200516 17:58:32.195" endtime="20200516 17:58:33.205"></status>
</kw>
<kw name="Click" library="recursos">
<arguments>
<arg>//a[contains(@id,'j_idt9:linkCatalogos')]</arg>
</arguments>
<kw name="Click Element" library="SeleniumLibrary">
<doc>Click the element identified by ``locator``.</doc>
<arguments>
<arg>xpath=${arg1}</arg>
</arguments>
<msg timestamp="20200516 17:58:33.205" level="INFO">Clicking element 'xpath=//a[contains(@id,'j_idt9:linkCatalogos')]'.</msg>
<status status="PASS" starttime="20200516 17:58:33.205" endtime="20200516 17:58:33.742"></status>
</kw>
<status status="PASS" starttime="20200516 17:58:33.205" endtime="20200516 17:58:33.742"></status>
</kw>
<kw name="Scroll" library="recursos">
<arguments>
<arg>0</arg>
<arg>150</arg>
</arguments>
<kw name="Execute Javascript" library="SeleniumLibrary">
<doc>Executes the given JavaScript code with possible arguments.</doc>
<arguments>
<arg>window.scrollTo(${arg1},${arg2})</arg>
</arguments>
<msg timestamp="20200516 17:58:33.743" level="INFO">Executing JavaScript:
window.scrollTo(0,150)
Without any arguments.</msg>
<status status="PASS" starttime="20200516 17:58:33.742" endtime="20200516 17:58:33.851"></status>
</kw>
<status status="PASS" starttime="20200516 17:58:33.742" endtime="20200516 17:58:33.851"></status>
</kw>
<kw name="Click" library="recursos">
<arguments>
<arg>//a[@href='#'][contains(.,'Organizaciones')]</arg>
</arguments>
<kw name="Click Element" library="SeleniumLibrary">
<doc>Click the element identified by ``locator``.</doc>
<arguments>
<arg>xpath=${arg1}</arg>
</arguments>
<msg timestamp="20200516 17:58:33.851" level="INFO">Clicking element 'xpath=//a[@href='#'][contains(.,'Organizaciones')]'.</msg>
<status status="PASS" starttime="20200516 17:58:33.851" endtime="20200516 17:58:34.597"></status>
</kw>
<status status="PASS" starttime="20200516 17:58:33.851" endtime="20200516 17:58:34.597"></status>
</kw>
<kw name="Scroll" library="recursos">
<arguments>
<arg>0</arg>
<arg>300</arg>
</arguments>
<kw name="Execute Javascript" library="SeleniumLibrary">
<doc>Executes the given JavaScript code with possible arguments.</doc>
<arguments>
<arg>window.scrollTo(${arg1},${arg2})</arg>
</arguments>
<msg timestamp="20200516 17:58:34.598" level="INFO">Executing JavaScript:
window.scrollTo(0,300)
Without any arguments.</msg>
<status status="PASS" starttime="20200516 17:58:34.598" endtime="20200516 17:58:34.705"></status>
</kw>
<status status="PASS" starttime="20200516 17:58:34.597" endtime="20200516 17:58:34.705"></status>
</kw>
<kw name="SLL" library="recursos">
<arguments>
<arg>//select[@name='busquedaForm:idDependenciaS']</arg>
<arg>${categoria_org}</arg>
</arguments>
<kw name="Select From List By Label" library="SeleniumLibrary">
<doc>Selects options from selection list ``locator`` by ``labels``.</doc>
<arguments>
<arg>${arg1}</arg>
<arg>${arg2}</arg>
</arguments>
<msg timestamp="20200516 17:58:34.705" level="INFO">Selecting options from selection list '//select[@name='busquedaForm:idDependenciaS']' by label Corny.</msg>
<status status="PASS" starttime="20200516 17:58:34.705" endtime="20200516 17:58:35.510"></status>
</kw>
<status status="PASS" starttime="20200516 17:58:34.705" endtime="20200516 17:58:35.510"></status>
</kw>
<kw name="Click" library="recursos">
<arguments>
<arg>//a[@href='#'][contains(.,'Buscar')]</arg>
</arguments>
<kw name="Click Element" library="SeleniumLibrary">
<doc>Click the element identified by ``locator``.</doc>
<arguments>
<arg>xpath=${arg1}</arg>
</arguments>
<msg timestamp="20200516 17:58:35.510" level="INFO">Clicking element 'xpath=//a[@href='#'][contains(.,'Buscar')]'.</msg>
<status status="PASS" starttime="20200516 17:58:35.510" endtime="20200516 17:58:36.271"></status>
</kw>
<status status="PASS" starttime="20200516 17:58:35.510" endtime="20200516 17:58:36.271"></status>
</kw>
[...]
<arg>${i}</arg>
<arg>13</arg>
</arguments>
<assign>
<var>${categoria}</var>
</assign>
<kw name="Cell Data" library="ReadData">
<arguments>
<arg>${hoja}</arg>
<arg>${fila}</arg>
<arg>${celda}</arg>
</arguments>
<assign>
<var>${celldata}</var>
</assign>
<msg timestamp="20200516 18:02:12.466" level="INFO">${celldata} = Jessee</msg>
<status status="PASS" starttime="20200516 18:02:12.465" endtime="20200516 18:02:12.466"></status>
</kw>
<msg timestamp="20200516 18:02:12.466" level="INFO">${categoria} = Jessee</msg>
<status status="PASS" starttime="20200516 18:02:12.465" endtime="20200516 18:02:12.466"></status>
</kw>
<kw name="Leer celda" library="recursos">
<arguments>
<arg>Hoja1</arg>
<arg>${i}</arg>
<arg>15</arg>
</arguments>
<assign>
<var>${organizacion}</var>
</assign>
<kw name="Cell Data" library="ReadData">
<arguments>
<arg>${hoja}</arg>
<arg>${fila}</arg>
<arg>${celda}</arg>
</arguments>
<assign>
<var>${celldata}</var>
</assign>
<msg timestamp="20200516 18:02:12.466" level="INFO">${celldata} = ProShares Ultra Nasdaq Biotechnology</msg>
<status status="PASS" starttime="20200516 18:02:12.466" endtime="20200516 18:02:12.466"></status>
</kw>
<msg timestamp="20200516 18:02:12.467" level="INFO">${organizacion} = ProShares Ultra Nasdaq Biotechnology</msg>
<status status="PASS" starttime="20200516 18:02:12.466" endtime="20200516 18:02:12.467"></status>
</kw>
<kw name="Leer celda" library="recursos">
<arguments>
<arg>Hoja1</arg>
<arg>${i}</arg>
<arg>18</arg>
</arguments>
<assign>
<var>${nom_rep}</var>
</assign>
<kw name="Cell Data" library="ReadData">
<arguments>
<arg>${hoja}</arg>
<arg>${fila}</arg>
<arg>${celda}</arg>
</arguments>
<assign>
<var>${celldata}</var>
</assign>
<msg timestamp="20200516 18:02:12.467" level="INFO">${celldata} = Steve</msg>
<status status="PASS" starttime="20200516 18:02:12.467" endtime="20200516 18:02:12.467"></status>
</kw>
<msg timestamp="20200516 18:02:12.467" level="INFO">${nom_rep} = Steve</msg>
<status status="PASS" starttime="20200516 18:02:12.467" endtime="20200516 18:02:12.468"></status>
</kw>
<kw name="Leer celda" library="recursos">
<arguments>
<arg>Hoja1</arg>
<arg>${i}</arg>
<arg>19</arg>
</arguments>
<assign>
<var>${pri_rep}</var>
</assign>
<kw name="Cell Data" library="ReadData">
<arguments>
<arg>${hoja}</arg>
<arg>${fila}</arg>
<arg>${celda}</arg>
</arguments>
<assign>
<var>${celldata}</var>
</assign>
<msg timestamp="20200516 18:02:12.468" level="INFO">${celldata} = Townsley</msg>
<status status="PASS" starttime="20200516 18:02:12.468" endtime="20200516 18:02:12.468"></status>
</kw>
<msg timestamp="20200516 18:02:12.468" level="INFO">${pri_rep} = Townsley</msg>
<status status="PASS" starttime="20200516 18:02:12.468" endtime="20200516 18:02:12.468"></status>
</kw>
<kw name="Leer celda" library="recursos">
<arguments>
<arg>Hoja1</arg>
<arg>${i}</arg>
<arg>20</arg>
</arguments>
<assign>
<var>${seg_rep}</var>
</assign>
<kw name="Cell Data" library="ReadData">
<arguments>
<arg>${hoja}</arg>
<arg>${fila}</arg>
<arg>${celda}</arg>
</arguments>
<assign>
<var>${celldata}</var>
</assign>
<msg timestamp="20200516 18:02:12.469" level="INFO">${celldata} = Carroll</msg>
<status status="PASS" starttime="20200516 18:02:12.469" endtime="20200516 18:02:12.469"></status>
</kw>
<msg timestamp="20200516 18:02:12.469" level="INFO">${seg_rep} = Carroll</msg>
<status status="PASS" starttime="20200516 18:02:12.468" endtime="20200516 18:02:12.469"></status>
</kw>
<kw name="Leer celda" library="recursos">
<arguments>
<arg>Hoja1</arg>
<arg>${i}</arg>
<arg>17</arg>
</arguments>
<assign>
<var>${cargo}</var>
</assign>
<kw name="Cell Data" library="ReadData">
<arguments>
<arg>${hoja}</arg>
<arg>${fila}</arg>
<arg>${celda}</arg>
</arguments>
<assign>
<var>${celldata}</var>
</assign>
<msg timestamp="20200516 18:02:12.470" level="INFO">${celldata} = SFE</msg>
<status status="PASS" starttime="20200516 18:02:12.470" endtime="20200516 18:02:12.470"></status>
</kw>
<msg timestamp="20200516 18:02:12.471" level="INFO">${cargo} = SFE</msg>
<status status="PASS" starttime="20200516 18:02:12.469" endtime="20200516 18:02:12.471"></status>
</kw>
<kw name="Leer celda" library="recursos">
<arguments>
<arg>Hoja1</arg>
<arg>${i}</arg>
<arg>21</arg>
</arguments>
<assign>
<var>${repres}</var>
</assign>
<kw name="Cell Data" library="ReadData">
<arguments>
<arg>${hoja}</arg>
<arg>${fila}</arg>
<arg>${celda}</arg>
</arguments>
<assign>
<var>${celldata}</var>
</assign>
<msg timestamp="20200516 18:02:12.472" level="INFO">${celldata} = Steve Townsley Carroll | SFE</msg>
<status status="PASS" starttime="20200516 18:02:12.471" endtime="20200516 18:02:12.472"></status>
</kw>
<msg timestamp="20200516 18:02:12.472" level="INFO">${repres} = Steve Townsley Carroll | SFE</msg>
<status status="PASS" starttime="20200516 18:02:12.471" endtime="20200516 18:02:12.472"></status>
</kw>
<kw name="Leer celda" library="recursos">
<arguments>
<arg>Hoja1</arg>
<arg>${i}</arg>
<arg>11</arg>
</arguments>
<assign>
<var>${acuerdo}</var>
</assign>
<kw name="Cell Data" library="ReadData">
<arguments>
<arg>${hoja}</arg>
<arg>${fila}</arg>
<arg>${celda}</arg>
</arguments>
<assign>
<var>${celldata}</var>
</assign>
<msg timestamp="20200516 18:02:12.473" level="INFO">${celldata} = n/a</msg>
<status status="PASS" starttime="20200516 18:02:12.472" endtime="20200516 18:02:12.473"></status>
</kw>
<msg timestamp="20200516 18:02:12.473" level="INFO">${acuerdo} = n/a</msg>
<status status="PASS" starttime="20200516 18:02:12.472" endtime="20200516 18:02:12.473"></status>
</kw>
<kw name="Leer celda" library="recursos">
<arguments>
<arg>Hoja1</arg>
<arg>${i}</arg>
<arg>12</arg>
</arguments>
<assign>
<var>${estatus}</var>
</assign>
<kw name="Cell Data" library="ReadData">
<arguments>
<arg>${hoja}</arg>
<arg>${fila}</arg>
<arg>${celda}</arg>
</arguments>
<assign>
<var>${celldata}</var>
</assign>
<msg timestamp="20200516 18:02:12.474" level="INFO">${celldata} = Iniciado</msg>
<status status="PASS" starttime="20200516 18:02:12.474" endtime="20200516 18:02:12.474"></status>
</kw>
<msg timestamp="20200516 18:02:12.474" level="INFO">${estatus} = Iniciado</msg>
<status status="PASS" starttime="20200516 18:02:12.473" endtime="20200516 18:02:12.474"></status>
</kw>
<kw name="SLL" library="recursos">
<arguments>
<arg>//select[@id='busquedaAltaForm:idSlcTipoEvento']</arg>
<arg>${tipo}</arg>
</arguments>
<kw name="Select From List By Label" library="SeleniumLibrary">
<doc>Selects options from selection list ``locator`` by ``labels``.</doc>
<arguments>
<arg>${arg1}</arg>
<arg>${arg2}</arg>
</arguments>
<msg timestamp="20200516 18:02:12.475" level="INFO">Selecting options from selection list '//select[@id='busquedaAltaForm:idSlcTipoEvento']' by label Proyecto Estratégico.</msg>
<status status="PASS" starttime="20200516 18:02:12.475" endtime="20200516 18:02:13.278"></status>
</kw>
<status status="PASS" starttime="20200516 18:02:12.474" endtime="20200516 18:02:13.278"></status>
</kw>
<kw name="SLL" library="recursos">
<arguments>
<arg>//select[contains(@id,'busquedaAltaForm:idSlcEstatus')]</arg>
<arg>${estatus}</arg>
</arguments>
<kw name="Select From List By Label" library="SeleniumLibrary">
<doc>Selects options from selection list ``locator`` by ``labels``.</doc>
<arguments>
<arg>${arg1}</arg>
<arg>${arg2}</arg>
</arguments>
<msg timestamp="20200516 18:02:13.278" level="INFO">Selecting options from selection list '//select[contains(@id,'busquedaAltaForm:idSlcEstatus')]' by label Iniciado.</msg>
<status status="PASS" starttime="20200516 18:02:13.278" endtime="20200516 18:02:14.076"></status>
</kw>
<status status="PASS" starttime="20200516 18:02:13.278" endtime="20200516 18:02:14.076"></status>
</kw>
<kw name="Texto" library="recursos">
<arguments>
<arg>//input[@id='busquedaAltaForm:idInputTitulo']</arg>
<arg>${nombre_evento}</arg>
</arguments>
<kw name="Input Text" library="SeleniumLibrary">
<doc>Types the given ``text`` into the text field identified by ``locator``.</doc>
<arguments>
<arg>xpath=${arg1}</arg>
<arg>${arg2}</arg>
</arguments>
<msg timestamp="20200516 18:02:14.077" level="INFO">Typing text 'ID' into text field 'xpath=//input[@id='busquedaAltaForm:idInputTitulo']'.</msg>
<status status="PASS" starttime="20200516 18:02:14.076" endtime="20200516 18:02:14.479"></status>
</kw>
<status status="PASS" starttime="20200516 18:02:14.076" endtime="20200516 18:02:14.479"></status>
</kw>
<kw name="Click" library="recursos">
<arguments>
<arg>//input[@id='busquedaAltaForm:idInputFecha']</arg>
</arguments>
<kw name="Click Element" library="SeleniumLibrary">
<doc>Click the element identified by ``locator``.</doc>
<arguments>
<arg>xpath=${arg1}</arg>
</arguments>
<msg timestamp="20200516 18:02:14.479" level="INFO">Clicking element 'xpath=//input[@id='busquedaAltaForm:idInputFecha']'.</msg>
<status status="PASS" starttime="20200516 18:02:14.479" endtime="20200516 18:02:14.761"></status>
</kw>
<status status="PASS" starttime="20200516 18:02:14.479" endtime="20200516 18:02:14.761"></status>
</kw>
<kw name="Click" library="recursos">
<arguments>
<arg>(//a[@href='#'])[${fecha}]</arg>
</arguments>
<kw name="Click Element" library="SeleniumLibrary">
<doc>Click the element identified by ``locator``.</doc>
<arguments>
<arg>xpath=${arg1}</arg>
</arguments>
<msg timestamp="20200516 18:02:14.762" level="INFO">Clicking element 'xpath=(//a[@href='#'])[17]'.</msg>
<status status="PASS" starttime="20200516 18:02:14.761" endtime="20200516 18:02:15.044"></status>
</kw>
<status status="PASS" starttime="20200516 18:02:14.761" endtime="20200516 18:02:15.044"></status>
</kw>
<kw name="Click" library="recursos">
<arguments>
<arg>(//input[contains(@type,'text')])[4]</arg>
</arguments>
<kw name="Click Element" library="SeleniumLibrary">
<doc>Click the element identified by ``locator``.</doc>
<arguments>
<arg>xpath=${arg1}</arg>
</arguments>
<msg timestamp="20200516 18:02:15.045" level="INFO">Clicking element 'xpath=(//input[contains(@type,'text')])[4]'.</msg>
<status status="PASS" starttime="20200516 18:02:15.045" endtime="20200516 18:02:15.301"></status>
</kw>
<status status="PASS" starttime="20200516 18:02:15.044" endtime="20200516 18:02:15.301"></status>
</kw>
<kw name="Click" library="recursos">
<arguments>
<arg>//div[@class='Hunter-hour-name'][contains(.,'${hora}')]</arg>
</arguments>
<kw name="Click Element" library="SeleniumLibrary">
<doc>Click the element identified by ``locator``.</doc>
<arguments>
<arg>xpath=${arg1}</arg>
</arguments>
<msg timestamp="20200516 18:02:15.302" level="INFO">Clicking element 'xpath=//div[@class='Hunter-hour-name'][contains(.,'12')]'.</msg>
<status status="PASS" starttime="20200516 18:02:15.301" endtime="20200516 18:02:15.568"></status>
</kw>
<status status="PASS" starttime="20200516 18:02:15.301" endtime="20200516 18:02:15.569"></status>
</kw>
<kw name="Click" library="recursos">
<arguments>
<arg>//li[@class='Hunter-minute'][contains(.,'${minuto}')]</arg>
</arguments>
<kw name="Click Element" library="SeleniumLibrary">
<doc>Click the element identified by ``locator``.</doc>
<arguments>
<arg>xpath=${arg1}</arg>
</arguments>
<msg timestamp="20200516 18:02:15.570" level="INFO">Clicking element 'xpath=//li[@class='Hunter-minute'][contains(.,'35')]'.</msg>
<status status="PASS" starttime="20200516 18:02:15.570" endtime="20200516 18:02:15.841"></status>
</kw>
<status status="PASS" starttime="20200516 18:02:15.569" endtime="20200516 18:02:15.841"></status>
</kw>
<kw name="Resultado" library="recursos">
<arguments>
<arg>.5</arg>
<arg>${dir}/Evento_excel.png</arg>
<arg>Datos del evento por excel.</arg>
</arguments>
<kw name="Sleep" library="BuiltIn">
<doc>Pauses the test executed for the given time.</doc>
<arguments>
<arg>${tiempo}</arg>
</arguments>
<msg timestamp="20200516 18:02:16.343" level="INFO">Slept 500 milliseconds</msg>
<status status="PASS" starttime="20200516 18:02:15.842" endtime="20200516 18:02:16.343"></status>
</kw>
<kw name="Capture Page Screenshot" library="SeleniumLibrary">
<doc>Takes a screenshot of the current page and embeds it into a log file.</doc>
<arguments>
<arg>${dir}</arg>
</arguments>
<msg timestamp="20200516 18:02:16.819" level="INFO" html="yes">&lt;/td&gt;&lt;/tr&gt;&lt;tr&gt;&lt;td colspan="3"&gt;&lt;a href="Img/Evento_excel.png"&gt;&lt;img src="Img/Evento_excel.png" width="800px"&gt;&lt;/a&gt;</msg>
<status status="PASS" starttime="20200516 18:02:16.343" endtime="20200516 18:02:16.819"></status>
</kw>
<kw name="Log" library="BuiltIn">
<doc>Logs the given message with the given level.</doc>
<arguments>
<arg>${print}</arg>
</arguments>
<msg timestamp="20200516 18:02:16.819" level="INFO">Datos del evento por excel.</msg>
<status status="PASS" starttime="20200516 18:02:16.819" endtime="20200516 18:02:16.819"></status>
</kw>
<status status="PASS" starttime="20200516 18:02:15.841" endtime="20200516 18:02:16.819"></status>
</kw>
<kw name="Scroll" library="recursos">
<arguments>
<arg>0</arg>
<arg>400</arg>
</arguments>
<kw name="Execute Javascript" library="SeleniumLibrary">
<doc>Executes the given JavaScript code with possible arguments.</doc>
<arguments>
<arg>window.scrollTo(${arg1},${arg2})</arg>
</arguments>
<msg timestamp="20200516 18:02:16.819" level="INFO">Executing JavaScript:
window.scrollTo(0,400)
Without any arguments.</msg>
<status status="PASS" starttime="20200516 18:02:16.819" endtime="20200516 18:02:16.957"></status>
</kw>
<status status="PASS" starttime="20200516 18:02:16.819" endtime="20200516 18:02:16.957"></status>
</kw>
<kw name="Texto" library="recursos">
<arguments>
<arg>//div[contains(@id,'textBox')]</arg>
<arg>${informacion}.</arg>
</arguments>
<kw name="Input Text" library="SeleniumLibrary">
<doc>Types the given ``text`` into the text field identified by ``locator``.</doc>
<arguments>
<arg>xpath=${arg1}</arg>
<arg>${arg2}</arg>
</arguments>
<msg timestamp="20200516 18:02:16.957" level="INFO">Typing text '356 Veith Court.' into text field 'xpath=//div[contains(@id,'textBox')]'.</msg>
<status status="PASS" starttime="20200516 18:02:16.957" endtime="20200516 18:02:17.444"></status>
</kw>
<status status="PASS" starttime="20200516 18:02:16.957" endtime="20200516 18:02:17.444"></status>
</kw>
<kw name="Scroll" library="recursos">
<arguments>
<arg>0</arg>
<arg>800</arg>
</arguments>
<kw name="Execute Javascript" library="SeleniumLibrary">
<doc>Executes the given JavaScript code with possible arguments.</doc>
<arguments>
<arg>window.scrollTo(${arg1},${arg2})</arg>
</arguments>
<msg timestamp="20200516 18:02:17.444" level="INFO">Executing JavaScript:
window.scrollTo(0,800)
Without any arguments.</msg>
<status status="PASS" starttime="20200516 18:02:17.444" endtime="20200516 18:02:17.559"></status>
</kw>
<status status="PASS" starttime="20200516 18:02:17.444" endtime="20200516 18:02:17.559"></status>
</kw>
<kw name="SLL" library="recursos">
<arguments>
<arg>//select[contains(@id,'busquedaAltaForm:idDependencia')]</arg>
<arg>${categoria}</arg>
</arguments>
<kw name="Select From List By Label" library="SeleniumLibrary">
<doc>Selects options from selection list ``locator`` by ``labels``.</doc>
<arguments>
<arg>${arg1}</arg>
<arg>${arg2}</arg>
</arguments>
<msg timestamp="20200516 18:02:17.559" level="INFO">Selecting options from selection list '//select[contains(@id,'busquedaAltaForm:idDependencia')]' by label Jessee.</msg>
<status status="PASS" starttime="20200516 18:02:17.559" endtime="20200516 18:02:18.358"></status>
</kw>
<status status="PASS" starttime="20200516 18:02:17.559" endtime="20200516 18:02:18.358"></status>
</kw>
<kw name="Dormir" library="recursos">
<arguments>
<arg>2</arg>
</arguments>
<kw name="Sleep" library="BuiltIn">
<doc>Pauses the test executed for the given time.</doc>
<arguments>
<arg>${arg1}</arg>
</arguments>
<msg timestamp="20200516 18:02:20.360" level="INFO">Slept 2 seconds</msg>
<status status="PASS" starttime="20200516 18:02:18.358" endtime="20200516 18:02:20.360"></status>
</kw>
<status status="PASS" starttime="20200516 18:02:18.358" endtime="20200516 18:02:20.360"></status>
</kw>
<kw name="Scroll" library="recursos">
<arguments>
<arg>0</arg>
<arg>900</arg>
</arguments>
<kw name="Execute Javascript" library="SeleniumLibrary">
<doc>Executes the given JavaScript code with possible arguments.</doc>
<arguments>
<arg>window.scrollTo(${arg1},${arg2})</arg>
</arguments>
<msg timestamp="20200516 18:02:20.361" level="INFO">Executing JavaScript:
window.scrollTo(0,900)
Without any arguments.</msg>
<status status="PASS" starttime="20200516 18:02:20.360" endtime="20200516 18:02:20.468"></status>
</kw>
<status status="PASS" starttime="20200516 18:02:20.360" endtime="20200516 18:02:20.468"></status>
</kw>
<kw name="SLL" library="recursos">
<arguments>
<arg>//select[contains(@id,'busquedaAltaForm:idOrganizacion')]</arg>
<arg>${organizacion}</arg>
</arguments>
<kw name="Select From List By Label" library="SeleniumLibrary">
<doc>Selects options from selection list ``locator`` by ``labels``.</doc>
<arguments>
<arg>${arg1}</arg>
<arg>${arg2}</arg>
</arguments>
<msg timestamp="20200516 18:02:20.469" level="INFO">Selecting options from selection list '//select[contains(@id,'busquedaAltaForm:idOrganizacion')]' by label ProShares Ultra Nasdaq Biotechnology.</msg>
<status status="PASS" starttime="20200516 18:02:20.469" endtime="20200516 18:02:21.282"></status>
</kw>
<status status="PASS" starttime="20200516 18:02:20.468" endtime="20200516 18:02:21.282"></status>
</kw>
<kw name="Click" library="recursos">
<arguments>
<arg>(//a[@href='#'][contains(.,'Agregar')])[2]</arg>
</arguments>
<kw name="Click Element" library="SeleniumLibrary">
<doc>Click the element identified by ``locator``.</doc>
<arguments>
<arg>xpath=${arg1}</arg>
</arguments>
<msg timestamp="20200516 18:02:21.283" level="INFO">Clicking element 'xpath=(//a[@href='#'][contains(.,'Agregar')])[2]'.</msg>
<status status="PASS" starttime="20200516 18:02:21.282" endtime="20200516 18:02:22.222"></status>
</kw>
<status status="PASS" starttime="20200516 18:02:21.282" endtime="20200516 18:02:22.222"></status>
</kw>
<kw name="Scroll" library="recursos">
<arguments>
<arg>0</arg>
<arg>1600</arg>
</arguments>
<kw name="Execute Javascript" library="SeleniumLibrary">
<doc>Executes the given JavaScript code with possible arguments.</doc>
<arguments>
<arg>window.scrollTo(${arg1},${arg2})</arg>
</arguments>
<msg timestamp="20200516 18:02:22.223" level="INFO">Executing JavaScript:
window.scrollTo(0,1600)
Without any arguments.</msg>
<status status="PASS" starttime="20200516 18:02:22.222" endtime="20200516 18:02:22.331"></status>
</kw>
<status status="PASS" starttime="20200516 18:02:22.222" endtime="20200516 18:02:22.331"></status>
</kw>
<kw name="Dormir" library="recursos">
<arguments>
<arg>1.5</arg>
</arguments>
<kw name="Sleep" library="BuiltIn">
<doc>Pauses the test executed for the given time.</doc>
<arguments>
<arg>${arg1}</arg>
</arguments>
<status status="FAIL" starttime="20200516 18:02:22.332" endtime="20200516 18:02:22.466"></status>
</kw>
<status status="FAIL" starttime="20200516 18:02:22.331" endtime="20200516 18:02:22.467"></status>
</kw>
<status status="FAIL" starttime="20200516 18:02:11.017" endtime="20200516 18:02:22.467"></status>
</kw>
<status status="FAIL" starttime="20200516 18:01:12.661" endtime="20200516 18:02:22.467"></status>
</kw>
<status status="FAIL" starttime="20200516 18:01:12.657" endtime="20200516 18:02:22.467"></status>
</kw>
<doc>PRUEBA SSJAE 004 (HAPPY PATH EXCEL)</doc>
<tags>
<tag>ss04</tag>
</tags>
<status status="FAIL" starttime="20200516 17:57:23.464" endtime="20200516 18:02:22.467" critical="yes">Execution terminated by signal</status>
</test>
<doc>Casos de Prueba Proyecto SSJAE</doc>
<status status="FAIL" starttime="20200516 17:57:21.853" endtime="20200516 18:02:22.492"></status>
</suite>
<statistics>
<total>
<stat pass="0" fail="1">Critical Tests</stat>
<stat pass="0" fail="1">All Tests</stat>
</total>
<tag>
<stat pass="0" fail="1">ss04</stat>
</tag>
<suite>
<stat pass="0" fail="1" id="s1" name="Ssjae">Ssjae</stat>
</suite>
</statistics>
<errors>
</errors>
</robot>
