<?xml version="1.0" encoding="UTF-8"?>
<robot generator="Robot 3.1.2 (Python 3.7.6 on win32)" generated="20200516 18:10:00.903" rpa="false">
<suite id="s1" name="Suites">
<suite id="s1-s1" name="Ssjae Copy 2" source="C:\Test_ssjae\test\ssjae copy 2.robot">
<test id="s1-s1-t1" name="CC004 SSJAE (SISTEMA SSJAE 004)(HAPPY PATH EXCEL)">
<kw name="Esperar Iniciar ok" library="recursos">
<arguments>
<arg>25</arg>
</arguments>
<kw name="Set Selenium Timeout" library="SeleniumLibrary">
<doc>Sets the timeout that is used by various keywords.</doc>
<arguments>
<arg>${arg1} seconds</arg>
</arguments>
<status status="PASS" starttime="20200516 18:10:02.660" endtime="20200516 18:10:02.660"></status>
</kw>
<status status="PASS" starttime="20200516 18:10:02.660" endtime="20200516 18:10:02.661"></status>
</kw>
<kw name="Video Iniciar" library="recursos">
<kw name="Start Video Recording" library="ScreenCapLibrary">
<doc>Starts the recording of a video in the background with the specified ``name``.
The recording can be stopped by calling the `Stop Video Recording` keyword.</doc>
<status status="PASS" starttime="20200516 18:10:02.661" endtime="20200516 18:10:02.663"></status>
</kw>
<status status="PASS" starttime="20200516 18:10:02.661" endtime="20200516 18:10:02.663"></status>
</kw>
<kw name="Login" library="casos">
<arguments>
<arg>${url}</arg>
<arg>${navegador}</arg>
</arguments>
<kw name="Esperar Iniciar Forzar" library="recursos">
<arguments>
<arg>10</arg>
</arguments>
<kw name="Set Selenium Implicit Wait" library="SeleniumLibrary">
<doc>Sets the implicit wait value used by Selenium.</doc>
<arguments>
<arg>${arg1} seconds</arg>
</arguments>
<status status="PASS" starttime="20200516 18:10:02.664" endtime="20200516 18:10:02.664"></status>
</kw>
<status status="PASS" starttime="20200516 18:10:02.664" endtime="20200516 18:10:02.664"></status>
</kw>
<kw name="Esperar Iniciar ok" library="recursos">
<arguments>
<arg>5</arg>
</arguments>
<kw name="Set Selenium Timeout" library="SeleniumLibrary">
<doc>Sets the timeout that is used by various keywords.</doc>
<arguments>
<arg>${arg1} seconds</arg>
</arguments>
<status status="PASS" starttime="20200516 18:10:02.665" endtime="20200516 18:10:02.665"></status>
</kw>
<status status="PASS" starttime="20200516 18:10:02.664" endtime="20200516 18:10:02.665"></status>
</kw>
<kw name="Dormir Todos" library="recursos">
<arguments>
<arg>${tiempo}</arg>
</arguments>
<kw name="Set Selenium Speed" library="SeleniumLibrary">
<doc>Sets the delay that is waited after each Selenium command.</doc>
<arguments>
<arg>${arg1} seconds</arg>
</arguments>
<status status="PASS" starttime="20200516 18:10:02.665" endtime="20200516 18:10:02.665"></status>
</kw>
<status status="PASS" starttime="20200516 18:10:02.665" endtime="20200516 18:10:02.666"></status>
</kw>
<kw name="Abrir navegador" library="recursos">
<arguments>
<arg>${arg1}</arg>
<arg>${arg2}</arg>
</arguments>
<kw name="Open Browser" library="SeleniumLibrary">
<doc>Opens a new browser instance to the optional ``url``.</doc>
<arguments>
<arg>${arg1}</arg>
<arg>${arg2}</arg>
</arguments>
<msg timestamp="20200516 18:10:02.666" level="INFO">Opening browser 'chrome' to base url 'https://dessistemas.senasica.gob.mx/SSJAEWeb/login.xhtml'.</msg>
<status status="PASS" starttime="20200516 18:10:02.666" endtime="20200516 18:10:10.316"></status>
</kw>
<status status="PASS" starttime="20200516 18:10:02.666" endtime="20200516 18:10:10.316"></status>
</kw>
<kw name="Maximizar" library="recursos">
<kw name="Maximize Browser Window" library="SeleniumLibrary">
<doc>Maximizes current browser window.</doc>
<status status="PASS" starttime="20200516 18:10:10.316" endtime="20200516 18:10:14.591"></status>
</kw>
<status status="PASS" starttime="20200516 18:10:10.316" endtime="20200516 18:10:14.591"></status>
</kw>
<kw name="Click" library="recursos">
<arguments>
<arg>//*[@id="details-button"]</arg>
</arguments>
<kw name="Click Element" library="SeleniumLibrary">
<doc>Click the element identified by ``locator``.</doc>
<arguments>
<arg>xpath=${arg1}</arg>
</arguments>
<msg timestamp="20200516 18:10:14.592" level="INFO">Clicking element 'xpath=//*[@id="details-button"]'.</msg>
<status status="PASS" starttime="20200516 18:10:14.592" endtime="20200516 18:10:14.849"></status>
</kw>
<status status="PASS" starttime="20200516 18:10:14.591" endtime="20200516 18:10:14.849"></status>
</kw>
<kw name="Click" library="recursos">
<arguments>
<arg>//*[@id="proceed-link"]</arg>
</arguments>
<kw name="Click Element" library="SeleniumLibrary">
<doc>Click the element identified by ``locator``.</doc>
<arguments>
<arg>xpath=${arg1}</arg>
</arguments>
<msg timestamp="20200516 18:10:14.850" level="INFO">Clicking element 'xpath=//*[@id="proceed-link"]'.</msg>
<status status="PASS" starttime="20200516 18:10:14.849" endtime="20200516 18:10:16.725"></status>
</kw>
<status status="PASS" starttime="20200516 18:10:14.849" endtime="20200516 18:10:16.725"></status>
</kw>
<kw name="Texto" library="recursos">
<arguments>
<arg>//input[contains(@id,'j_username')]</arg>
<arg>rodrigo</arg>
</arguments>
<kw name="Input Text" library="SeleniumLibrary">
<doc>Types the given ``text`` into the text field identified by ``locator``.</doc>
<arguments>
<arg>xpath=${arg1}</arg>
<arg>${arg2}</arg>
</arguments>
<msg timestamp="20200516 18:10:16.726" level="INFO">Typing text 'rodrigo' into text field 'xpath=//input[contains(@id,'j_username')]'.</msg>
<status status="PASS" starttime="20200516 18:10:16.726" endtime="20200516 18:10:17.171"></status>
</kw>
<status status="PASS" starttime="20200516 18:10:16.725" endtime="20200516 18:10:17.171"></status>
</kw>
<kw name="Texto" library="recursos">
<arguments>
<arg>//input[contains(@id,'j_password')]</arg>
<arg>villanueva</arg>
</arguments>
<kw name="Input Text" library="SeleniumLibrary">
<doc>Types the given ``text`` into the text field identified by ``locator``.</doc>
<arguments>
<arg>xpath=${arg1}</arg>
<arg>${arg2}</arg>
</arguments>
<msg timestamp="20200516 18:10:17.172" level="INFO">Typing text 'villanueva' into text field 'xpath=//input[contains(@id,'j_password')]'.</msg>
<status status="PASS" starttime="20200516 18:10:17.171" endtime="20200516 18:10:17.625"></status>
</kw>
<status status="PASS" starttime="20200516 18:10:17.171" endtime="20200516 18:10:17.625"></status>
</kw>
<kw name="Click" library="recursos">
<arguments>
<arg>(//button[contains(.,'Enviar')])[1]</arg>
</arguments>
<kw name="Click Element" library="SeleniumLibrary">
<doc>Click the element identified by ``locator``.</doc>
<arguments>
<arg>xpath=${arg1}</arg>
</arguments>
<msg timestamp="20200516 18:10:17.625" level="INFO">Clicking element 'xpath=(//button[contains(.,'Enviar')])[1]'.</msg>
<status status="PASS" starttime="20200516 18:10:17.625" endtime="20200516 18:10:18.449"></status>
</kw>
<status status="PASS" starttime="20200516 18:10:17.625" endtime="20200516 18:10:18.449"></status>
</kw>
<kw name="Dormir" library="recursos">
<arguments>
<arg>3</arg>
</arguments>
<kw name="Sleep" library="BuiltIn">
<doc>Pauses the test executed for the given time.</doc>
<arguments>
<arg>${arg1}</arg>
</arguments>
<msg timestamp="20200516 18:10:21.452" level="INFO">Slept 3 seconds</msg>
<status status="PASS" starttime="20200516 18:10:18.450" endtime="20200516 18:10:21.452"></status>
</kw>
<status status="PASS" starttime="20200516 18:10:18.449" endtime="20200516 18:10:21.452"></status>
</kw>
<kw name="Scroll" library="recursos">
<arguments>
<arg>0</arg>
<arg>250</arg>
</arguments>
<kw name="Execute Javascript" library="SeleniumLibrary">
<doc>Executes the given JavaScript code with possible arguments.</doc>
<arguments>
<arg>window.scrollTo(${arg1},${arg2})</arg>
</arguments>
<msg timestamp="20200516 18:10:21.453" level="INFO">Executing JavaScript:
window.scrollTo(0,250)
Without any arguments.</msg>
<status status="PASS" starttime="20200516 18:10:21.453" endtime="20200516 18:10:21.562"></status>
</kw>
<status status="PASS" starttime="20200516 18:10:21.452" endtime="20200516 18:10:21.562"></status>
</kw>
<kw name="Texto" library="recursos">
<arguments>
<arg>//input[contains(@id,'j_username')]</arg>
<arg>olivia.rodriguez</arg>
</arguments>
<kw name="Input Text" library="SeleniumLibrary">
<doc>Types the given ``text`` into the text field identified by ``locator``.</doc>
<arguments>
<arg>xpath=${arg1}</arg>
<arg>${arg2}</arg>
</arguments>
<msg timestamp="20200516 18:10:21.563" level="INFO">Typing text 'olivia.rodriguez' into text field 'xpath=//input[contains(@id,'j_username')]'.</msg>
<status status="PASS" starttime="20200516 18:10:21.562" endtime="20200516 18:10:21.995"></status>
</kw>
<status status="PASS" starttime="20200516 18:10:21.562" endtime="20200516 18:10:21.995"></status>
</kw>
<kw name="Texto" library="recursos">
<arguments>
<arg>//input[contains(@id,'j_password')]</arg>
<arg>senades2020</arg>
</arguments>
<kw name="Input Text" library="SeleniumLibrary">
<doc>Types the given ``text`` into the text field identified by ``locator``.</doc>
<arguments>
<arg>xpath=${arg1}</arg>
<arg>${arg2}</arg>
</arguments>
<msg timestamp="20200516 18:10:21.995" level="INFO">Typing text 'senades2020' into text field 'xpath=//input[contains(@id,'j_password')]'.</msg>
<status status="PASS" starttime="20200516 18:10:21.995" endtime="20200516 18:10:22.430"></status>
</kw>
<status status="PASS" starttime="20200516 18:10:21.995" endtime="20200516 18:10:22.430"></status>
</kw>
<kw name="Resultado" library="recursos">
<arguments>
<arg>.5</arg>
<arg>${dir}/Login_password.png</arg>
<arg>Se introducen los datos para el Login</arg>
</arguments>
<kw name="Sleep" library="BuiltIn">
<doc>Pauses the test executed for the given time.</doc>
<arguments>
<arg>${tiempo}</arg>
</arguments>
<msg timestamp="20200516 18:10:22.943" level="INFO">Slept 500 milliseconds</msg>
<status status="PASS" starttime="20200516 18:10:22.430" endtime="20200516 18:10:22.943"></status>
</kw>
<kw name="Capture Page Screenshot" library="SeleniumLibrary">
<doc>Takes a screenshot of the current page and embeds it into a log file.</doc>
<arguments>
<arg>${dir}</arg>
</arguments>
<msg timestamp="20200516 18:10:23.440" level="INFO" html="yes">&lt;/td&gt;&lt;/tr&gt;&lt;tr&gt;&lt;td colspan="3"&gt;&lt;a href="Img/Login_password.png"&gt;&lt;img src="Img/Login_password.png" width="800px"&gt;&lt;/a&gt;</msg>
<status status="PASS" starttime="20200516 18:10:22.943" endtime="20200516 18:10:23.440"></status>
</kw>
<kw name="Log" library="BuiltIn">
<doc>Logs the given message with the given level.</doc>
<arguments>
<arg>${print}</arg>
</arguments>
<msg timestamp="20200516 18:10:23.440" level="INFO">Se introducen los datos para el Login</msg>
<status status="PASS" starttime="20200516 18:10:23.440" endtime="20200516 18:10:23.440"></status>
</kw>
<status status="PASS" starttime="20200516 18:10:22.430" endtime="20200516 18:10:23.440"></status>
</kw>
<kw name="Click" library="recursos">
<arguments>
<arg>(//button[contains(.,'Enviar')])[1]</arg>
</arguments>
<kw name="Click Element" library="SeleniumLibrary">
<doc>Click the element identified by ``locator``.</doc>
<arguments>
<arg>xpath=${arg1}</arg>
</arguments>
<msg timestamp="20200516 18:10:23.441" level="INFO">Clicking element 'xpath=(//button[contains(.,'Enviar')])[1]'.</msg>
<status status="PASS" starttime="20200516 18:10:23.441" endtime="20200516 18:10:27.453"></status>
</kw>
<status status="PASS" starttime="20200516 18:10:23.441" endtime="20200516 18:10:27.453"></status>
</kw>
<kw name="Scroll" library="recursos">
<arguments>
<arg>0</arg>
<arg>500</arg>
</arguments>
<kw name="Execute Javascript" library="SeleniumLibrary">
<doc>Executes the given JavaScript code with possible arguments.</doc>
<arguments>
<arg>window.scrollTo(${arg1},${arg2})</arg>
</arguments>
<msg timestamp="20200516 18:10:27.454" level="INFO">Executing JavaScript:
window.scrollTo(0,500)
Without any arguments.</msg>
<status status="PASS" starttime="20200516 18:10:27.453" endtime="20200516 18:10:27.578"></status>
</kw>
<status status="PASS" starttime="20200516 18:10:27.453" endtime="20200516 18:10:27.578"></status>
</kw>
<kw name="Dormir" library="recursos">
<arguments>
<arg>1</arg>
</arguments>
<kw name="Sleep" library="BuiltIn">
<doc>Pauses the test executed for the given time.</doc>
<arguments>
<arg>${arg1}</arg>
</arguments>
<msg timestamp="20200516 18:10:28.579" level="INFO">Slept 1 second</msg>
<status status="PASS" starttime="20200516 18:10:27.578" endtime="20200516 18:10:28.579"></status>
</kw>
<status status="PASS" starttime="20200516 18:10:27.578" endtime="20200516 18:10:28.579"></status>
</kw>
<kw name="Scroll" library="recursos">
<arguments>
<arg>0</arg>
<arg>150</arg>
</arguments>
<kw name="Execute Javascript" library="SeleniumLibrary">
<doc>Executes the given JavaScript code with possible arguments.</doc>
<arguments>
<arg>window.scrollTo(${arg1},${arg2})</arg>
</arguments>
<msg timestamp="20200516 18:10:28.580" level="INFO">Executing JavaScript:
window.scrollTo(0,150)
Without any arguments.</msg>
<status status="PASS" starttime="20200516 18:10:28.579" endtime="20200516 18:10:28.689"></status>
</kw>
<status status="PASS" starttime="20200516 18:10:28.579" endtime="20200516 18:10:28.689"></status>
</kw>
<kw name="Resultado" library="recursos">
<arguments>
<arg>.5</arg>
<arg>${dir}/Calendario.png</arg>
<arg>Se muestra el calendario</arg>
</arguments>
<kw name="Sleep" library="BuiltIn">
<doc>Pauses the test executed for the given time.</doc>
<arguments>
<arg>${tiempo}</arg>
</arguments>
<msg timestamp="20200516 18:10:29.191" level="INFO">Slept 500 milliseconds</msg>
<status status="PASS" starttime="20200516 18:10:28.690" endtime="20200516 18:10:29.191"></status>
</kw>
<kw name="Capture Page Screenshot" library="SeleniumLibrary">
<doc>Takes a screenshot of the current page and embeds it into a log file.</doc>
<arguments>
<arg>${dir}</arg>
</arguments>
<msg timestamp="20200516 18:10:29.679" level="INFO" html="yes">&lt;/td&gt;&lt;/tr&gt;&lt;tr&gt;&lt;td colspan="3"&gt;&lt;a href="Img/Calendario.png"&gt;&lt;img src="Img/Calendario.png" width="800px"&gt;&lt;/a&gt;</msg>
<status status="PASS" starttime="20200516 18:10:29.191" endtime="20200516 18:10:29.679"></status>
</kw>
<kw name="Log" library="BuiltIn">
<doc>Logs the given message with the given level.</doc>
<arguments>
<arg>${print}</arg>
</arguments>
<msg timestamp="20200516 18:10:29.680" level="INFO">Se muestra el calendario</msg>
<status status="PASS" starttime="20200516 18:10:29.679" endtime="20200516 18:10:29.680"></status>
</kw>
<status status="PASS" starttime="20200516 18:10:28.689" endtime="20200516 18:10:29.680"></status>
</kw>
<status status="PASS" starttime="20200516 18:10:02.663" endtime="20200516 18:10:29.680"></status>
</kw>
<kw name="Calendario" library="casos">
<kw name="Esperar Iniciar Forzar" library="recursos">
<arguments>
<arg>10</arg>
</arguments>
<kw name="Set Selenium Implicit Wait" library="SeleniumLibrary">
<doc>Sets the implicit wait value used by Selenium.</doc>
<arguments>
<arg>${arg1} seconds</arg>
</arguments>
<status status="PASS" starttime="20200516 18:10:29.681" endtime="20200516 18:10:29.784"></status>
</kw>
<status status="PASS" starttime="20200516 18:10:29.681" endtime="20200516 18:10:29.784"></status>
</kw>
<kw name="Esperar Iniciar ok" library="recursos">
<arguments>
<arg>5</arg>
</arguments>
<kw name="Set Selenium Timeout" library="SeleniumLibrary">
<doc>Sets the timeout that is used by various keywords.</doc>
<arguments>
<arg>${arg1} seconds</arg>
</arguments>
<status status="PASS" starttime="20200516 18:10:29.784" endtime="20200516 18:10:29.886"></status>
</kw>
<status status="PASS" starttime="20200516 18:10:29.784" endtime="20200516 18:10:29.886"></status>
</kw>
<kw name="Texto" library="recursos">
<arguments>
<arg>//input[contains(@id,'buscarfecha:anio')]</arg>
<arg>2018</arg>
</arguments>
<kw name="Input Text" library="SeleniumLibrary">
<doc>Types the given ``text`` into the text field identified by ``locator``.</doc>
<arguments>
<arg>xpath=${arg1}</arg>
<arg>${arg2}</arg>
</arguments>
<msg timestamp="20200516 18:10:29.887" level="INFO">Typing text '2018' into text field 'xpath=//input[contains(@id,'buscarfecha:anio')]'.</msg>
<status status="PASS" starttime="20200516 18:10:29.886" endtime="20200516 18:10:30.302"></status>
</kw>
<status status="PASS" starttime="20200516 18:10:29.886" endtime="20200516 18:10:30.302"></status>
</kw>
<kw name="Dormir" library="recursos">
<arguments>
<arg>1</arg>
</arguments>
<kw name="Sleep" library="BuiltIn">
<doc>Pauses the test executed for the given time.</doc>
<arguments>
<arg>${arg1}</arg>
</arguments>
<msg timestamp="20200516 18:10:31.312" level="INFO">Slept 1 second</msg>
<status status="PASS" starttime="20200516 18:10:30.302" endtime="20200516 18:10:31.312"></status>
</kw>
<status status="PASS" starttime="20200516 18:10:30.302" endtime="20200516 18:10:31.312"></status>
</kw>
<kw name="Texto" library="recursos">
<arguments>
<arg>//input[contains(@id,'buscarfecha:anio')]</arg>
<arg>2020</arg>
</arguments>
<kw name="Input Text" library="SeleniumLibrary">
<doc>Types the given ``text`` into the text field identified by ``locator``.</doc>
<arguments>
<arg>xpath=${arg1}</arg>
<arg>${arg2}</arg>
</arguments>
<msg timestamp="20200516 18:10:31.312" level="INFO">Typing text '2020' into text field 'xpath=//input[contains(@id,'buscarfecha:anio')]'.</msg>
<status status="PASS" starttime="20200516 18:10:31.312" endtime="20200516 18:10:31.675"></status>
</kw>
<status status="PASS" starttime="20200516 18:10:31.312" endtime="20200516 18:10:31.675"></status>
</kw>
<kw name="SLI" library="recursos">
<arguments>
<arg>//select[@id='buscarfecha:idMes']</arg>
<arg>4</arg>
</arguments>
<kw name="Select From List By Index" library="SeleniumLibrary">
<doc>Selects options from selection list ``locator`` by ``indexes``.</doc>
<arguments>
<arg>${arg1}</arg>
<arg>${arg2}</arg>
</arguments>
<msg timestamp="20200516 18:10:31.675" level="INFO">Selecting options from selection list '//select[@id='buscarfecha:idMes']' by index 4.</msg>
<status status="PASS" starttime="20200516 18:10:31.675" endtime="20200516 18:10:33.789"></status>
</kw>
<status status="PASS" starttime="20200516 18:10:31.675" endtime="20200516 18:10:33.789"></status>
</kw>
<kw name="Resultado" library="recursos">
<arguments>
<arg>.5</arg>
<arg>${dir}/Buscar_2020.png</arg>
<arg>Buscar</arg>
</arguments>
<kw name="Sleep" library="BuiltIn">
<doc>Pauses the test executed for the given time.</doc>
<arguments>
<arg>${tiempo}</arg>
</arguments>
<msg timestamp="20200516 18:10:34.311" level="INFO">Slept 500 milliseconds</msg>
<status status="PASS" starttime="20200516 18:10:33.790" endtime="20200516 18:10:34.311"></status>
</kw>
<kw name="Capture Page Screenshot" library="SeleniumLibrary">
<doc>Takes a screenshot of the current page and embeds it into a log file.</doc>
<arguments>
<arg>${dir}</arg>
</arguments>
<msg timestamp="20200516 18:10:34.787" level="INFO" html="yes">&lt;/td&gt;&lt;/tr&gt;&lt;tr&gt;&lt;td colspan="3"&gt;&lt;a href="Img/Buscar_2020.png"&gt;&lt;img src="Img/Buscar_2020.png" width="800px"&gt;&lt;/a&gt;</msg>
<status status="PASS" starttime="20200516 18:10:34.311" endtime="20200516 18:10:34.787"></status>
</kw>
<kw name="Log" library="BuiltIn">
<doc>Logs the given message with the given level.</doc>
<arguments>
<arg>${print}</arg>
</arguments>
<msg timestamp="20200516 18:10:34.788" level="INFO">Buscar</msg>
<status status="PASS" starttime="20200516 18:10:34.787" endtime="20200516 18:10:34.788"></status>
</kw>
<status status="PASS" starttime="20200516 18:10:33.789" endtime="20200516 18:10:34.788"></status>
</kw>
<kw name="Dormir" library="recursos">
<arguments>
<arg>.5</arg>
</arguments>
<kw name="Sleep" library="BuiltIn">
<doc>Pauses the test executed for the given time.</doc>
<arguments>
<arg>${arg1}</arg>
</arguments>
<msg timestamp="20200516 18:10:35.289" level="INFO">Slept 500 milliseconds</msg>
<status status="PASS" starttime="20200516 18:10:34.788" endtime="20200516 18:10:35.289"></status>
</kw>
<status status="PASS" starttime="20200516 18:10:34.788" endtime="20200516 18:10:35.289"></status>
</kw>
<kw name="Click" library="recursos">
<arguments>
<arg>//a[@href='#'][contains(.,'Buscar')]</arg>
</arguments>
<kw name="Click Element" library="SeleniumLibrary">
<doc>Click the element identified by ``locator``.</doc>
<arguments>
<arg>xpath=${arg1}</arg>
</arguments>
<msg timestamp="20200516 18:10:35.290" level="INFO">Clicking element 'xpath=//a[@href='#'][contains(.,'Buscar')]'.</msg>
<status status="PASS" starttime="20200516 18:10:35.289" endtime="20200516 18:10:36.382"></status>
</kw>
<status status="PASS" starttime="20200516 18:10:35.289" endtime="20200516 18:10:36.382"></status>
</kw>
<kw name="Scroll" library="recursos">
<arguments>
<arg>0</arg>
<arg>600</arg>
</arguments>
<kw name="Execute Javascript" library="SeleniumLibrary">
<doc>Executes the given JavaScript code with possible arguments.</doc>
<arguments>
<arg>window.scrollTo(${arg1},${arg2})</arg>
</arguments>
<msg timestamp="20200516 18:10:36.383" level="INFO">Executing JavaScript:
window.scrollTo(0,600)
Without any arguments.</msg>
<status status="PASS" starttime="20200516 18:10:36.382" endtime="20200516 18:10:36.488"></status>
</kw>
<status status="PASS" starttime="20200516 18:10:36.382" endtime="20200516 18:10:36.488"></status>
</kw>
<kw name="Resultado" library="recursos">
<arguments>
<arg>.5</arg>
<arg>${dir}/Calendario_resultado.png</arg>
<arg>Calendario Resultados</arg>
</arguments>
<kw name="Sleep" library="BuiltIn">
<doc>Pauses the test executed for the given time.</doc>
<arguments>
<arg>${tiempo}</arg>
</arguments>
<msg timestamp="20200516 18:10:37.002" level="INFO">Slept 500 milliseconds</msg>
<status status="PASS" starttime="20200516 18:10:36.489" endtime="20200516 18:10:37.002"></status>
</kw>
<kw name="Capture Page Screenshot" library="SeleniumLibrary">
<doc>Takes a screenshot of the current page and embeds it into a log file.</doc>
<arguments>
<arg>${dir}</arg>
</arguments>
<msg timestamp="20200516 18:10:37.505" level="INFO" html="yes">&lt;/td&gt;&lt;/tr&gt;&lt;tr&gt;&lt;td colspan="3"&gt;&lt;a href="Img/Calendario_resultado.png"&gt;&lt;img src="Img/Calendario_resultado.png" width="800px"&gt;&lt;/a&gt;</msg>
<status status="PASS" starttime="20200516 18:10:37.002" endtime="20200516 18:10:37.505"></status>
</kw>
<kw name="Log" library="BuiltIn">
<doc>Logs the given message with the given level.</doc>
<arguments>
<arg>${print}</arg>
</arguments>
<msg timestamp="20200516 18:10:37.506" level="INFO">Calendario Resultados</msg>
<status status="PASS" starttime="20200516 18:10:37.505" endtime="20200516 18:10:37.506"></status>
</kw>
<status status="PASS" starttime="20200516 18:10:36.488" endtime="20200516 18:10:37.506"></status>
</kw>
<kw name="Click" library="recursos">
<arguments>
<arg>//a[@href='#'][contains(.,'Semana')]</arg>
</arguments>
<kw name="Click Element" library="SeleniumLibrary">
<doc>Click the element identified by ``locator``.</doc>
<arguments>
<arg>xpath=${arg1}</arg>
</arguments>
<msg timestamp="20200516 18:10:37.508" level="INFO">Clicking element 'xpath=//a[@href='#'][contains(.,'Semana')]'.</msg>
<status status="PASS" starttime="20200516 18:10:37.507" endtime="20200516 18:10:38.441"></status>
</kw>
<status status="PASS" starttime="20200516 18:10:37.506" endtime="20200516 18:10:38.441"></status>
</kw>
<kw name="Scroll" library="recursos">
<arguments>
<arg>0</arg>
<arg>600</arg>
</arguments>
<kw name="Execute Javascript" library="SeleniumLibrary">
<doc>Executes the given JavaScript code with possible arguments.</doc>
<arguments>
<arg>window.scrollTo(${arg1},${arg2})</arg>
</arguments>
<msg timestamp="20200516 18:10:38.443" level="INFO">Executing JavaScript:
window.scrollTo(0,600)
Without any arguments.</msg>
<status status="PASS" starttime="20200516 18:10:38.441" endtime="20200516 18:10:38.553"></status>
</kw>
<status status="PASS" starttime="20200516 18:10:38.441" endtime="20200516 18:10:38.553"></status>
</kw>
<kw name="Resultado" library="recursos">
<arguments>
<arg>.5</arg>
<arg>${dir}/Calendario_semana.png</arg>
<arg>Calendario por Semana</arg>
</arguments>
<kw name="Sleep" library="BuiltIn">
<doc>Pauses the test executed for the given time.</doc>
<arguments>
<arg>${tiempo}</arg>
</arguments>
<msg timestamp="20200516 18:10:39.056" level="INFO">Slept 500 milliseconds</msg>
<status status="PASS" starttime="20200516 18:10:38.553" endtime="20200516 18:10:39.056"></status>
</kw>
<kw name="Capture Page Screenshot" library="SeleniumLibrary">
<doc>Takes a screenshot of the current page and embeds it into a log file.</doc>
<arguments>
<arg>${dir}</arg>
</arguments>
<msg timestamp="20200516 18:10:39.550" level="INFO" html="yes">&lt;/td&gt;&lt;/tr&gt;&lt;tr&gt;&lt;td colspan="3"&gt;&lt;a href="Img/Calendario_semana.png"&gt;&lt;img src="Img/Calendario_semana.png" width="800px"&gt;&lt;/a&gt;</msg>
<status status="PASS" starttime="20200516 18:10:39.056" endtime="20200516 18:10:39.550"></status>
</kw>
<kw name="Log" library="BuiltIn">
<doc>Logs the given message with the given level.</doc>
<arguments>
<arg>${print}</arg>
</arguments>
<msg timestamp="20200516 18:10:39.550" level="INFO">Calendario por Semana</msg>
<status status="PASS" starttime="20200516 18:10:39.550" endtime="20200516 18:10:39.550"></status>
</kw>
<status status="PASS" starttime="20200516 18:10:38.553" endtime="20200516 18:10:39.551"></status>
</kw>
<kw name="Scroll" library="recursos">
<arguments>
<arg>0</arg>
<arg>100</arg>
</arguments>
<kw name="Execute Javascript" library="SeleniumLibrary">
<doc>Executes the given JavaScript code with possible arguments.</doc>
<arguments>
<arg>window.scrollTo(${arg1},${arg2})</arg>
</arguments>
<msg timestamp="20200516 18:10:39.551" level="INFO">Executing JavaScript:
window.scrollTo(0,100)
Without any arguments.</msg>
<status status="PASS" starttime="20200516 18:10:39.551" endtime="20200516 18:10:39.664"></status>
</kw>
<status status="PASS" starttime="20200516 18:10:39.551" endtime="20200516 18:10:39.664"></status>
</kw>
<status status="PASS" starttime="20200516 18:10:29.681" endtime="20200516 18:10:39.664"></status>
</kw>
<kw name="Catalagos Categorías Excel" library="casos">
<kw name="Leer numero de filas" library="recursos">
<arguments>
<arg>Hoja1</arg>
</arguments>
<assign>
<var>${rows}</var>
</assign>
<kw name="Numero De Filas" library="ReadData">
<arguments>
<arg>${hoja}</arg>
</arguments>
<assign>
<var>${maxr}</var>
</assign>
<msg timestamp="20200516 18:10:39.665" level="INFO">${maxr} = 5</msg>
<status status="PASS" starttime="20200516 18:10:39.665" endtime="20200516 18:10:39.665"></status>
</kw>
<msg timestamp="20200516 18:10:39.665" level="INFO">${rows} = 5</msg>
<status status="PASS" starttime="20200516 18:10:39.664" endtime="20200516 18:10:39.665"></status>
</kw>
<kw name="${i} IN RANGE [ 1 | ${rows}+1 ]" type="for">
<kw name="${i} = 1" type="foritem">
<kw name="Click" library="recursos">
<arguments>
<arg>//a[contains(@id,'j_idt9:linkCatalogos')]</arg>
</arguments>
<kw name="Click Element" library="SeleniumLibrary">
<doc>Click the element identified by ``locator``.</doc>
<arguments>
<arg>xpath=${arg1}</arg>
</arguments>
<msg timestamp="20200516 18:10:39.666" level="INFO">Clicking element 'xpath=//a[contains(@id,'j_idt9:linkCatalogos')]'.</msg>
<status status="PASS" starttime="20200516 18:10:39.666" endtime="20200516 18:10:40.235"></status>
</kw>
<status status="PASS" starttime="20200516 18:10:39.666" endtime="20200516 18:10:40.236"></status>
</kw>
<kw name="Scroll" library="recursos">
<arguments>
<arg>0</arg>
<arg>150</arg>
</arguments>
<kw name="Execute Javascript" library="SeleniumLibrary">
<doc>Executes the given JavaScript code with possible arguments.</doc>
<arguments>
<arg>window.scrollTo(${arg1},${arg2})</arg>
</arguments>
<msg timestamp="20200516 18:10:40.237" level="INFO">Executing JavaScript:
window.scrollTo(0,150)
Without any arguments.</msg>
<status status="PASS" starttime="20200516 18:10:40.236" endtime="20200516 18:10:40.342"></status>
</kw>
<status status="PASS" starttime="20200516 18:10:40.236" endtime="20200516 18:10:40.342"></status>
</kw>
<kw name="Click" library="recursos">
<arguments>
<arg>//a[@href='#'][contains(.,'Categorías')]</arg>
</arguments>
<kw name="Click Element" library="SeleniumLibrary">
<doc>Click the element identified by ``locator``.</doc>
<arguments>
<arg>xpath=${arg1}</arg>
</arguments>
<msg timestamp="20200516 18:10:40.343" level="INFO">Clicking element 'xpath=//a[@href='#'][contains(.,'Categorías')]'.</msg>
<status status="PASS" starttime="20200516 18:10:40.342" endtime="20200516 18:10:40.942"></status>
</kw>
<status status="PASS" starttime="20200516 18:10:40.342" endtime="20200516 18:10:40.942"></status>
</kw>
<kw name="Click" library="recursos">
<arguments>
<arg>//a[@href='#'][contains(.,'Agregar categoría')]</arg>
</arguments>
<kw name="Click Element" library="SeleniumLibrary">
<doc>Click the element identified by ``locator``.</doc>
<arguments>
<arg>xpath=${arg1}</arg>
</arguments>
<msg timestamp="20200516 18:10:40.943" level="INFO">Clicking element 'xpath=//a[@href='#'][contains(.,'Agregar categoría')]'.</msg>
<status status="PASS" starttime="20200516 18:10:40.943" endtime="20200516 18:10:41.764"></status>
</kw>
<status status="PASS" starttime="20200516 18:10:40.942" endtime="20200516 18:10:41.764"></status>
</kw>
<kw name="Scroll" library="recursos">
<arguments>
<arg>0</arg>
<arg>250</arg>
</arguments>
<kw name="Execute Javascript" library="SeleniumLibrary">
<doc>Executes the given JavaScript code with possible arguments.</doc>
<arguments>
<arg>window.scrollTo(${arg1},${arg2})</arg>
</arguments>
<msg timestamp="20200516 18:10:41.766" level="INFO">Executing JavaScript:
window.scrollTo(0,250)
Without any arguments.</msg>
<status status="PASS" starttime="20200516 18:10:41.765" endtime="20200516 18:10:41.874"></status>
</kw>
<status status="PASS" starttime="20200516 18:10:41.764" endtime="20200516 18:10:41.874"></status>
</kw>
<kw name="Leer celda" library="recursos">
<arguments>
<arg>Hoja1</arg>
<arg>${i}</arg>
<arg>13</arg>
</arguments>
<assign>
<var>${categoria}</var>
</assign>
<kw name="Cell Data" library="ReadData">
<arguments>
<arg>${hoja}</arg>
<arg>${fila}</arg>
<arg>${celda}</arg>
</arguments>
<assign>
<var>${celldata}</var>
</assign>
<msg timestamp="20200516 18:10:41.875" level="INFO">${celldata} = Corny</msg>
<status status="PASS" starttime="20200516 18:10:41.874" endtime="20200516 18:10:41.875"></status>
</kw>
<msg timestamp="20200516 18:10:41.875" level="INFO">${categoria} = Corny</msg>
<status status="PASS" starttime="20200516 18:10:41.874" endtime="20200516 18:10:41.875"></status>
</kw>
<kw name="Leer celda" library="recursos">
<arguments>
<arg>Hoja1</arg>
<arg>${i}</arg>
<arg>14</arg>
</arguments>
<assign>
<var>${siglas}</var>
</assign>
<kw name="Cell Data" library="ReadData">
<arguments>
<arg>${hoja}</arg>
<arg>${fila}</arg>
<arg>${celda}</arg>
</arguments>
<assign>
<var>${celldata}</var>
</assign>
<msg timestamp="20200516 18:10:41.875" level="INFO">${celldata} = PNC^Q</msg>
<status status="PASS" starttime="20200516 18:10:41.875" endtime="20200516 18:10:41.876"></status>
</kw>
<msg timestamp="20200516 18:10:41.876" level="INFO">${siglas} = PNC^Q</msg>
<status status="PASS" starttime="20200516 18:10:41.875" endtime="20200516 18:10:41.876"></status>
</kw>
<kw name="Texto" library="recursos">
<arguments>
<arg>//input[@id='busquedaAltaForm:idDependencia']</arg>
<arg>${categoria}</arg>
</arguments>
<kw name="Input Text" library="SeleniumLibrary">
<doc>Types the given ``text`` into the text field identified by ``locator``.</doc>
<arguments>
<arg>xpath=${arg1}</arg>
<arg>${arg2}</arg>
</arguments>
<msg timestamp="20200516 18:10:41.878" level="INFO">Typing text 'Corny' into text field 'xpath=//input[@id='busquedaAltaForm:idDependencia']'.</msg>
<status status="PASS" starttime="20200516 18:10:41.877" endtime="20200516 18:10:42.287"></status>
</kw>
<status status="PASS" starttime="20200516 18:10:41.876" endtime="20200516 18:10:42.287"></status>
</kw>
<kw name="Texto" library="recursos">
<arguments>
<arg>//input[contains(@id,'busquedaAltaForm:idSiglas')]</arg>
<arg>${siglas}</arg>
</arguments>
<kw name="Input Text" library="SeleniumLibrary">
<doc>Types the given ``text`` into the text field identified by ``locator``.</doc>
<arguments>
<arg>xpath=${arg1}</arg>
<arg>${arg2}</arg>
</arguments>
<msg timestamp="20200516 18:10:42.288" level="INFO">Typing text 'PNC^Q' into text field 'xpath=//input[contains(@id,'busquedaAltaForm:idSiglas')]'.</msg>
<status status="PASS" starttime="20200516 18:10:42.288" endtime="20200516 18:10:42.697"></status>
</kw>
<status status="PASS" starttime="20200516 18:10:42.287" endtime="20200516 18:10:42.697"></status>
</kw>
<kw name="Dormir" library="recursos">
<arguments>
<arg>2</arg>
</arguments>
<kw name="Sleep" library="BuiltIn">
<doc>Pauses the test executed for the given time.</doc>
<arguments>
<arg>${arg1}</arg>
</arguments>
<msg timestamp="20200516 18:10:44.700" level="INFO">Slept 2 seconds</msg>
<status status="PASS" starttime="20200516 18:10:42.697" endtime="20200516 18:10:44.700"></status>
</kw>
<status status="PASS" starttime="20200516 18:10:42.697" endtime="20200516 18:10:44.700"></status>
</kw>
<kw name="Log" library="BuiltIn">
<doc>Logs the given message with the given level.</doc>
<arguments>
<arg>${i}</arg>
</arguments>
<msg timestamp="20200516 18:10:44.700" level="INFO">1</msg>
<status status="PASS" starttime="20200516 18:10:44.700" endtime="20200516 18:10:44.700"></status>
</kw>
<kw name="Click" library="recursos">
<arguments>
<arg>//a[@href='#'][contains(.,'Guardar')]</arg>
</arguments>
<kw name="Click Element" library="SeleniumLibrary">
<doc>Click the element identified by ``locator``.</doc>
<arguments>
<arg>xpath=${arg1}</arg>
</arguments>
<msg timestamp="20200516 18:10:44.701" level="INFO">Clicking element 'xpath=//a[@href='#'][contains(.,'Guardar')]'.</msg>
<status status="PASS" starttime="20200516 18:10:44.701" endtime="20200516 18:10:45.349"></status>
</kw>
<status status="PASS" starttime="20200516 18:10:44.700" endtime="20200516 18:10:45.349"></status>
</kw>
<kw name="Run Keyword If" library="BuiltIn">
<doc>Runs the given keyword with the given arguments, if ``condition`` is true.</doc>
<arguments>
<arg>'${i}'=='${reg}'</arg>
<arg>Exit For Loop</arg>
</arguments>
<status status="PASS" starttime="20200516 18:10:45.349" endtime="20200516 18:10:45.349"></status>
</kw>
<status status="PASS" starttime="20200516 18:10:39.666" endtime="20200516 18:10:45.349"></status>
</kw>
<kw name="${i} = 2" type="foritem">
<kw name="Click" library="recursos">
<arguments>
<arg>//a[contains(@id,'j_idt9:linkCatalogos')]</arg>
</arguments>
<kw name="Click Element" library="SeleniumLibrary">
<doc>Click the element identified by ``locator``.</doc>
<arguments>
<arg>xpath=${arg1}</arg>
</arguments>
<msg timestamp="20200516 18:10:45.350" level="INFO">Clicking element 'xpath=//a[contains(@id,'j_idt9:linkCatalogos')]'.</msg>
<status status="PASS" starttime="20200516 18:10:45.350" endtime="20200516 18:10:45.940"></status>
</kw>
<status status="PASS" starttime="20200516 18:10:45.349" endtime="20200516 18:10:45.940"></status>
</kw>
<kw name="Scroll" library="recursos">
<arguments>
<arg>0</arg>
<arg>150</arg>
</arguments>
<kw name="Execute Javascript" library="SeleniumLibrary">
<doc>Executes the given JavaScript code with possible arguments.</doc>
<arguments>
<arg>window.scrollTo(${arg1},${arg2})</arg>
</arguments>
<msg timestamp="20200516 18:10:45.941" level="INFO">Executing JavaScript:
window.scrollTo(0,150)
Without any arguments.</msg>
<status status="PASS" starttime="20200516 18:10:45.940" endtime="20200516 18:10:46.049"></status>
</kw>
<status status="PASS" starttime="20200516 18:10:45.940" endtime="20200516 18:10:46.049"></status>
</kw>
<kw name="Click" library="recursos">
<arguments>
<arg>//a[@href='#'][contains(.,'Categorías')]</arg>
</arguments>
<kw name="Click Element" library="SeleniumLibrary">
<doc>Click the element identified by ``locator``.</doc>
<arguments>
<arg>xpath=${arg1}</arg>
</arguments>
<msg timestamp="20200516 18:10:46.050" level="INFO">Clicking element 'xpath=//a[@href='#'][contains(.,'Categorías')]'.</msg>
<status status="PASS" starttime="20200516 18:10:46.049" endtime="20200516 18:10:46.583"></status>
</kw>
<status status="PASS" starttime="20200516 18:10:46.049" endtime="20200516 18:10:46.583"></status>
</kw>
<kw name="Click" library="recursos">
<arguments>
<arg>//a[@href='#'][contains(.,'Agregar categoría')]</arg>
</arguments>
<kw name="Click Element" library="SeleniumLibrary">
<doc>Click the element identified by ``locator``.</doc>
<arguments>
<arg>xpath=${arg1}</arg>
</arguments>
<msg timestamp="20200516 18:10:46.584" level="INFO">Clicking element 'xpath=//a[@href='#'][contains(.,'Agregar categoría')]'.</msg>
<status status="PASS" starttime="20200516 18:10:46.584" endtime="20200516 18:10:47.145"></status>
</kw>
<status status="PASS" starttime="20200516 18:10:46.583" endtime="20200516 18:10:47.145"></status>
</kw>
<kw name="Scroll" library="recursos">
<arguments>
<arg>0</arg>
<arg>250</arg>
</arguments>
<kw name="Execute Javascript" library="SeleniumLibrary">
<doc>Executes the given JavaScript code with possible arguments.</doc>
<arguments>
<arg>window.scrollTo(${arg1},${arg2})</arg>
</arguments>
<msg timestamp="20200516 18:10:47.146" level="INFO">Executing JavaScript:
window.scrollTo(0,250)
Without any arguments.</msg>
<status status="PASS" starttime="20200516 18:10:47.145" endtime="20200516 18:10:47.252"></status>
</kw>
<status status="PASS" starttime="20200516 18:10:47.145" endtime="20200516 18:10:47.252"></status>
</kw>
<kw name="Leer celda" library="recursos">
<arguments>
<arg>Hoja1</arg>
<arg>${i}</arg>
<arg>13</arg>
</arguments>
<assign>
<var>${categoria}</var>
</assign>
<kw name="Cell Data" library="ReadData">
<arguments>
<arg>${hoja}</arg>
<arg>${fila}</arg>
<arg>${celda}</arg>
</arguments>
<assign>
<var>${celldata}</var>
</assign>
<msg timestamp="20200516 18:10:47.253" level="INFO">${celldata} = Jessee</msg>
<status status="PASS" starttime="20200516 18:10:47.253" endtime="20200516 18:10:47.253"></status>
</kw>
<msg timestamp="20200516 18:10:47.254" level="INFO">${categoria} = Jessee</msg>
<status status="PASS" starttime="20200516 18:10:47.252" endtime="20200516 18:10:47.254"></status>
</kw>
<kw name="Leer celda" library="recursos">
<arguments>
<arg>Hoja1</arg>
<arg>${i}</arg>
<arg>14</arg>
</arguments>
<assign>
<var>${siglas}</var>
</assign>
<kw name="Cell Data" library="ReadData">
<arguments>
<arg>${hoja}</arg>
<arg>${fila}</arg>
<arg>${celda}</arg>
</arguments>
<assign>
<var>${celldata}</var>
</assign>
<msg timestamp="20200516 18:10:47.255" level="INFO">${celldata} = BIB</msg>
<status status="PASS" starttime="20200516 18:10:47.255" endtime="20200516 18:10:47.255"></status>
</kw>
<msg timestamp="20200516 18:10:47.255" level="INFO">${siglas} = BIB</msg>
<status status="PASS" starttime="20200516 18:10:47.254" endtime="20200516 18:10:47.255"></status>
</kw>
<kw name="Texto" library="recursos">
<arguments>
<arg>//input[@id='busquedaAltaForm:idDependencia']</arg>
<arg>${categoria}</arg>
</arguments>
<kw name="Input Text" library="SeleniumLibrary">
<doc>Types the given ``text`` into the text field identified by ``locator``.</doc>
<arguments>
<arg>xpath=${arg1}</arg>
<arg>${arg2}</arg>
</arguments>
<msg timestamp="20200516 18:10:47.256" level="INFO">Typing text 'Jessee' into text field 'xpath=//input[@id='busquedaAltaForm:idDependencia']'.</msg>
<status status="PASS" starttime="20200516 18:10:47.256" endtime="20200516 18:10:47.657"></status>
</kw>
<status status="PASS" starttime="20200516 18:10:47.255" endtime="20200516 18:10:47.657"></status>
</kw>
<kw name="Texto" library="recursos">
<arguments>
<arg>//input[contains(@id,'busquedaAltaForm:idSiglas')]</arg>
<arg>${siglas}</arg>
</arguments>
<kw name="Input Text" library="SeleniumLibrary">
<doc>Types the given ``text`` into the text field identified by ``locator``.</doc>
<arguments>
<arg>xpath=${arg1}</arg>
<arg>${arg2}</arg>
</arguments>
<msg timestamp="20200516 18:10:47.658" level="INFO">Typing text 'BIB' into text field 'xpath=//input[contains(@id,'busquedaAltaForm:idSiglas')]'.</msg>
<status status="PASS" starttime="20200516 18:10:47.658" endtime="20200516 18:10:48.078"></status>
</kw>
<status status="PASS" starttime="20200516 18:10:47.657" endtime="20200516 18:10:48.078"></status>
</kw>
<kw name="Dormir" library="recursos">
<arguments>
<arg>2</arg>
</arguments>
<kw name="Sleep" library="BuiltIn">
<doc>Pauses the test executed for the given time.</doc>
<arguments>
<arg>${arg1}</arg>
</arguments>
<msg timestamp="20200516 18:10:50.080" level="INFO">Slept 2 seconds</msg>
<status status="PASS" starttime="20200516 18:10:48.078" endtime="20200516 18:10:50.080"></status>
</kw>
<status status="PASS" starttime="20200516 18:10:48.078" endtime="20200516 18:10:50.080"></status>
</kw>
<kw name="Log" library="BuiltIn">
<doc>Logs the given message with the given level.</doc>
<arguments>
<arg>${i}</arg>
</arguments>
<msg timestamp="20200516 18:10:50.080" level="INFO">2</msg>
<status status="PASS" starttime="20200516 18:10:50.080" endtime="20200516 18:10:50.080"></status>
</kw>
<kw name="Click" library="recursos">
<arguments>
<arg>//a[@href='#'][contains(.,'Guardar')]</arg>
</arguments>
<kw name="Click Element" library="SeleniumLibrary">
<doc>Click the element identified by ``locator``.</doc>
<arguments>
<arg>xpath=${arg1}</arg>
</arguments>
<msg timestamp="20200516 18:10:50.081" level="INFO">Clicking element 'xpath=//a[@href='#'][contains(.,'Guardar')]'.</msg>
<status status="PASS" starttime="20200516 18:10:50.081" endtime="20200516 18:10:50.758"></status>
</kw>
<status status="PASS" starttime="20200516 18:10:50.080" endtime="20200516 18:10:50.758"></status>
</kw>
<kw name="Run Keyword If" library="BuiltIn">
<doc>Runs the given keyword with the given arguments, if ``condition`` is true.</doc>
<arguments>
<arg>'${i}'=='${reg}'</arg>
<arg>Exit For Loop</arg>
</arguments>
<status status="PASS" starttime="20200516 18:10:50.758" endtime="20200516 18:10:50.758"></status>
</kw>
<status status="PASS" starttime="20200516 18:10:45.349" endtime="20200516 18:10:50.758"></status>
</kw>
<kw name="${i} = 3" type="foritem">
<kw name="Click" library="recursos">
<arguments>
<arg>//a[contains(@id,'j_idt9:linkCatalogos')]</arg>
</arguments>
<kw name="Click Element" library="SeleniumLibrary">
<doc>Click the element identified by ``locator``.</doc>
<arguments>
<arg>xpath=${arg1}</arg>
</arguments>
<msg timestamp="20200516 18:10:50.759" level="INFO">Clicking element 'xpath=//a[contains(@id,'j_idt9:linkCatalogos')]'.</msg>
<status status="PASS" starttime="20200516 18:10:50.759" endtime="20200516 18:10:51.313"></status>
</kw>
<status status="PASS" starttime="20200516 18:10:50.758" endtime="20200516 18:10:51.313"></status>
</kw>
<kw name="Scroll" library="recursos">
<arguments>
<arg>0</arg>
<arg>150</arg>
</arguments>
<kw name="Execute Javascript" library="SeleniumLibrary">
<doc>Executes the given JavaScript code with possible arguments.</doc>
<arguments>
<arg>window.scrollTo(${arg1},${arg2})</arg>
</arguments>
<msg timestamp="20200516 18:10:51.314" level="INFO">Executing JavaScript:
window.scrollTo(0,150)
Without any arguments.</msg>
<status status="PASS" starttime="20200516 18:10:51.314" endtime="20200516 18:10:51.419"></status>
</kw>
<status status="PASS" starttime="20200516 18:10:51.313" endtime="20200516 18:10:51.419"></status>
</kw>
<kw name="Click" library="recursos">
<arguments>
<arg>//a[@href='#'][contains(.,'Categorías')]</arg>
</arguments>
<kw name="Click Element" library="SeleniumLibrary">
<doc>Click the element identified by ``locator``.</doc>
<arguments>
<arg>xpath=${arg1}</arg>
</arguments>
<msg timestamp="20200516 18:10:51.419" level="INFO">Clicking element 'xpath=//a[@href='#'][contains(.,'Categorías')]'.</msg>
<status status="PASS" starttime="20200516 18:10:51.419" endtime="20200516 18:10:51.907"></status>
</kw>
<status status="PASS" starttime="20200516 18:10:51.419" endtime="20200516 18:10:51.907"></status>
</kw>
<kw name="Click" library="recursos">
<arguments>
<arg>//a[@href='#'][contains(.,'Agregar categoría')]</arg>
</arguments>
<kw name="Click Element" library="SeleniumLibrary">
<doc>Click the element identified by ``locator``.</doc>
<arguments>
<arg>xpath=${arg1}</arg>
</arguments>
<msg timestamp="20200516 18:10:51.908" level="INFO">Clicking element 'xpath=//a[@href='#'][contains(.,'Agregar categoría')]'.</msg>
<status status="PASS" starttime="20200516 18:10:51.908" endtime="20200516 18:10:52.588"></status>
</kw>
<status status="PASS" starttime="20200516 18:10:51.907" endtime="20200516 18:10:52.588"></status>
</kw>
<kw name="Scroll" library="recursos">
<arguments>
<arg>0</arg>
<arg>250</arg>
</arguments>
<kw name="Execute Javascript" library="SeleniumLibrary">
<doc>Executes the given JavaScript code with possible arguments.</doc>
<arguments>
<arg>window.scrollTo(${arg1},${arg2})</arg>
</arguments>
<msg timestamp="20200516 18:10:52.589" level="INFO">Executing JavaScript:
window.scrollTo(0,250)
Without any arguments.</msg>
<status status="PASS" starttime="20200516 18:10:52.588" endtime="20200516 18:10:52.695"></status>
</kw>
<status status="PASS" starttime="20200516 18:10:52.588" endtime="20200516 18:10:52.695"></status>
</kw>
<kw name="Leer celda" library="recursos">
<arguments>
<arg>Hoja1</arg>
<arg>${i}</arg>
<arg>13</arg>
</arguments>
<assign>
<var>${categoria}</var>
</assign>
<kw name="Cell Data" library="ReadData">
<arguments>
<arg>${hoja}</arg>
<arg>${fila}</arg>
<arg>${celda}</arg>
</arguments>
<assign>
<var>${celldata}</var>
</assign>
<msg timestamp="20200516 18:10:52.696" level="INFO">${celldata} = Jeri</msg>
<status status="PASS" starttime="20200516 18:10:52.695" endtime="20200516 18:10:52.696"></status>
</kw>
<msg timestamp="20200516 18:10:52.696" level="INFO">${categoria} = Jeri</msg>
<status status="PASS" starttime="20200516 18:10:52.695" endtime="20200516 18:10:52.696"></status>
</kw>
<kw name="Leer celda" library="recursos">
<arguments>
<arg>Hoja1</arg>
<arg>${i}</arg>
<arg>14</arg>
</arguments>
<assign>
<var>${siglas}</var>
</assign>
<kw name="Cell Data" library="ReadData">
<arguments>
<arg>${hoja}</arg>
<arg>${fila}</arg>
<arg>${celda}</arg>
</arguments>
<assign>
<var>${celldata}</var>
</assign>
<msg timestamp="20200516 18:10:52.697" level="INFO">${celldata} = LBTYB</msg>
<status status="PASS" starttime="20200516 18:10:52.697" endtime="20200516 18:10:52.697"></status>
</kw>
<msg timestamp="20200516 18:10:52.697" level="INFO">${siglas} = LBTYB</msg>
<status status="PASS" starttime="20200516 18:10:52.696" endtime="20200516 18:10:52.697"></status>
</kw>
<kw name="Texto" library="recursos">
<arguments>
<arg>//input[@id='busquedaAltaForm:idDependencia']</arg>
<arg>${categoria}</arg>
</arguments>
<kw name="Input Text" library="SeleniumLibrary">
<doc>Types the given ``text`` into the text field identified by ``locator``.</doc>
<arguments>
<arg>xpath=${arg1}</arg>
<arg>${arg2}</arg>
</arguments>
<msg timestamp="20200516 18:10:52.698" level="INFO">Typing text 'Jeri' into text field 'xpath=//input[@id='busquedaAltaForm:idDependencia']'.</msg>
<status status="PASS" starttime="20200516 18:10:52.698" endtime="20200516 18:10:53.107"></status>
</kw>
<status status="PASS" starttime="20200516 18:10:52.697" endtime="20200516 18:10:53.107"></status>
</kw>
<kw name="Texto" library="recursos">
<arguments>
<arg>//input[contains(@id,'busquedaAltaForm:idSiglas')]</arg>
<arg>${siglas}</arg>
</arguments>
<kw name="Input Text" library="SeleniumLibrary">
<doc>Types the given ``text`` into the text field identified by ``locator``.</doc>
<arguments>
<arg>xpath=${arg1}</arg>
<arg>${arg2}</arg>
</arguments>
<msg timestamp="20200516 18:10:53.108" level="INFO">Typing text 'LBTYB' into text field 'xpath=//input[contains(@id,'busquedaAltaForm:idSiglas')]'.</msg>
<status status="PASS" starttime="20200516 18:10:53.108" endtime="20200516 18:10:53.523"></status>
</kw>
<status status="PASS" starttime="20200516 18:10:53.108" endtime="20200516 18:10:53.523"></status>
</kw>
<kw name="Dormir" library="recursos">
<arguments>
<arg>2</arg>
</arguments>
<kw name="Sleep" library="BuiltIn">
<doc>Pauses the test executed for the given time.</doc>
<arguments>
<arg>${arg1}</arg>
</arguments>
<msg timestamp="20200516 18:10:55.529" level="INFO">Slept 2 seconds</msg>
<status status="PASS" starttime="20200516 18:10:53.524" endtime="20200516 18:10:55.529"></status>
</kw>
<status status="PASS" starttime="20200516 18:10:53.523" endtime="20200516 18:10:55.529"></status>
</kw>
<kw name="Log" library="BuiltIn">
<doc>Logs the given message with the given level.</doc>
<arguments>
<arg>${i}</arg>
</arguments>
<msg timestamp="20200516 18:10:55.529" level="INFO">3</msg>
<status status="PASS" starttime="20200516 18:10:55.529" endtime="20200516 18:10:55.529"></status>
</kw>
<kw name="Click" library="recursos">
<arguments>
<arg>//a[@href='#'][contains(.,'Guardar')]</arg>
</arguments>
<kw name="Click Element" library="SeleniumLibrary">
<doc>Click the element identified by ``locator``.</doc>
<arguments>
<arg>xpath=${arg1}</arg>
</arguments>
<msg timestamp="20200516 18:10:55.529" level="INFO">Clicking element 'xpath=//a[@href='#'][contains(.,'Guardar')]'.</msg>
<status status="PASS" starttime="20200516 18:10:55.529" endtime="20200516 18:10:56.291"></status>
</kw>
<status status="PASS" starttime="20200516 18:10:55.529" endtime="20200516 18:10:56.291"></status>
</kw>
<kw name="Run Keyword If" library="BuiltIn">
<doc>Runs the given keyword with the given arguments, if ``condition`` is true.</doc>
<arguments>
<arg>'${i}'=='${reg}'</arg>
<arg>Exit For Loop</arg>
</arguments>
<status status="PASS" starttime="20200516 18:10:56.292" endtime="20200516 18:10:56.292"></status>
</kw>
<status status="PASS" starttime="20200516 18:10:50.758" endtime="20200516 18:10:56.292"></status>
</kw>
<kw name="${i} = 4" type="foritem">
<kw name="Click" library="recursos">
<arguments>
<arg>//a[contains(@id,'j_idt9:linkCatalogos')]</arg>
</arguments>
<kw name="Click Element" library="SeleniumLibrary">
<doc>Click the element identified by ``locator``.</doc>
<arguments>
<arg>xpath=${arg1}</arg>
</arguments>
<msg timestamp="20200516 18:10:56.293" level="INFO">Clicking element 'xpath=//a[contains(@id,'j_idt9:linkCatalogos')]'.</msg>
<status status="PASS" starttime="20200516 18:10:56.293" endtime="20200516 18:10:56.891"></status>
</kw>
<status status="PASS" starttime="20200516 18:10:56.292" endtime="20200516 18:10:56.891"></status>
</kw>
<kw name="Scroll" library="recursos">
<arguments>
<arg>0</arg>
<arg>150</arg>
</arguments>
<kw name="Execute Javascript" library="SeleniumLibrary">
<doc>Executes the given JavaScript code with possible arguments.</doc>
<arguments>
<arg>window.scrollTo(${arg1},${arg2})</arg>
</arguments>
<msg timestamp="20200516 18:10:56.892" level="INFO">Executing JavaScript:
window.scrollTo(0,150)
Without any arguments.</msg>
<status status="PASS" starttime="20200516 18:10:56.891" endtime="20200516 18:10:56.998"></status>
</kw>
<status status="PASS" starttime="20200516 18:10:56.891" endtime="20200516 18:10:56.998"></status>
</kw>
<kw name="Click" library="recursos">
<arguments>
<arg>//a[@href='#'][contains(.,'Categorías')]</arg>
</arguments>
<kw name="Click Element" library="SeleniumLibrary">
<doc>Click the element identified by ``locator``.</doc>
<arguments>
<arg>xpath=${arg1}</arg>
</arguments>
<msg timestamp="20200516 18:10:56.999" level="INFO">Clicking element 'xpath=//a[@href='#'][contains(.,'Categorías')]'.</msg>
<status status="PASS" starttime="20200516 18:10:56.998" endtime="20200516 18:10:57.566"></status>
</kw>
<status status="PASS" starttime="20200516 18:10:56.998" endtime="20200516 18:10:57.566"></status>
</kw>
<kw name="Click" library="recursos">
<arguments>
<arg>//a[@href='#'][contains(.,'Agregar categoría')]</arg>
</arguments>
<kw name="Click Element" library="SeleniumLibrary">
<doc>Click the element identified by ``locator``.</doc>
<arguments>
<arg>xpath=${arg1}</arg>
</arguments>
<msg timestamp="20200516 18:10:57.567" level="INFO">Clicking element 'xpath=//a[@href='#'][contains(.,'Agregar categoría')]'.</msg>
<status status="PASS" starttime="20200516 18:10:57.566" endtime="20200516 18:10:58.160"></status>
</kw>
<status status="PASS" starttime="20200516 18:10:57.566" endtime="20200516 18:10:58.160"></status>
</kw>
<kw name="Scroll" library="recursos">
<arguments>
<arg>0</arg>
<arg>250</arg>
</arguments>
<kw name="Execute Javascript" library="SeleniumLibrary">
<doc>Executes the given JavaScript code with possible arguments.</doc>
<arguments>
<arg>window.scrollTo(${arg1},${arg2})</arg>
</arguments>
<msg timestamp="20200516 18:10:58.161" level="INFO">Executing JavaScript:
window.scrollTo(0,250)
Without any arguments.</msg>
<status status="PASS" starttime="20200516 18:10:58.160" endtime="20200516 18:10:58.265"></status>
</kw>
<status status="PASS" starttime="20200516 18:10:58.160" endtime="20200516 18:10:58.265"></status>
</kw>
<kw name="Leer celda" library="recursos">
<arguments>
<arg>Hoja1</arg>
<arg>${i}</arg>
<arg>13</arg>
</arguments>
<assign>
<var>${categoria}</var>
</assign>
<kw name="Cell Data" library="ReadData">
<arguments>
<arg>${hoja}</arg>
<arg>${fila}</arg>
<arg>${celda}</arg>
</arguments>
<assign>
<var>${celldata}</var>
</assign>
<msg timestamp="20200516 18:10:58.266" level="INFO">${celldata} = Kalle</msg>
<status status="PASS" starttime="20200516 18:10:58.265" endtime="20200516 18:10:58.266"></status>
</kw>
<msg timestamp="20200516 18:10:58.266" level="INFO">${categoria} = Kalle</msg>
<status status="PASS" starttime="20200516 18:10:58.265" endtime="20200516 18:10:58.266"></status>
</kw>
<kw name="Leer celda" library="recursos">
<arguments>
<arg>Hoja1</arg>
<arg>${i}</arg>
<arg>14</arg>
</arguments>
<assign>
<var>${siglas}</var>
</assign>
<kw name="Cell Data" library="ReadData">
<arguments>
<arg>${hoja}</arg>
<arg>${fila}</arg>
<arg>${celda}</arg>
</arguments>
<assign>
<var>${celldata}</var>
</assign>
<msg timestamp="20200516 18:10:58.266" level="INFO">${celldata} = TRVN</msg>
<status status="PASS" starttime="20200516 18:10:58.266" endtime="20200516 18:10:58.266"></status>
</kw>
<msg timestamp="20200516 18:10:58.267" level="INFO">${siglas} = TRVN</msg>
<status status="PASS" starttime="20200516 18:10:58.266" endtime="20200516 18:10:58.267"></status>
</kw>
<kw name="Texto" library="recursos">
<arguments>
<arg>//input[@id='busquedaAltaForm:idDependencia']</arg>
<arg>${categoria}</arg>
</arguments>
<kw name="Input Text" library="SeleniumLibrary">
<doc>Types the given ``text`` into the text field identified by ``locator``.</doc>
<arguments>
<arg>xpath=${arg1}</arg>
<arg>${arg2}</arg>
</arguments>
<msg timestamp="20200516 18:10:58.267" level="INFO">Typing text 'Kalle' into text field 'xpath=//input[@id='busquedaAltaForm:idDependencia']'.</msg>
<status status="PASS" starttime="20200516 18:10:58.267" endtime="20200516 18:10:58.680"></status>
</kw>
<status status="PASS" starttime="20200516 18:10:58.267" endtime="20200516 18:10:58.680"></status>
</kw>
<kw name="Texto" library="recursos">
<arguments>
<arg>//input[contains(@id,'busquedaAltaForm:idSiglas')]</arg>
<arg>${siglas}</arg>
</arguments>
<kw name="Input Text" library="SeleniumLibrary">
<doc>Types the given ``text`` into the text field identified by ``locator``.</doc>
<arguments>
<arg>xpath=${arg1}</arg>
<arg>${arg2}</arg>
</arguments>
<msg timestamp="20200516 18:10:58.681" level="INFO">Typing text 'TRVN' into text field 'xpath=//input[contains(@id,'busquedaAltaForm:idSiglas')]'.</msg>
<status status="PASS" starttime="20200516 18:10:58.680" endtime="20200516 18:10:59.080"></status>
</kw>
<status status="PASS" starttime="20200516 18:10:58.680" endtime="20200516 18:10:59.081"></status>
</kw>
<kw name="Dormir" library="recursos">
<arguments>
<arg>2</arg>
</arguments>
<kw name="Sleep" library="BuiltIn">
<doc>Pauses the test executed for the given time.</doc>
<arguments>
<arg>${arg1}</arg>
</arguments>
<msg timestamp="20200516 18:11:01.083" level="INFO">Slept 2 seconds</msg>
<status status="PASS" starttime="20200516 18:10:59.081" endtime="20200516 18:11:01.083"></status>
</kw>
<status status="PASS" starttime="20200516 18:10:59.081" endtime="20200516 18:11:01.083"></status>
</kw>
<kw name="Log" library="BuiltIn">
<doc>Logs the given message with the given level.</doc>
<arguments>
<arg>${i}</arg>
</arguments>
<msg timestamp="20200516 18:11:01.083" level="INFO">4</msg>
<status status="PASS" starttime="20200516 18:11:01.083" endtime="20200516 18:11:01.083"></status>
</kw>
<kw name="Click" library="recursos">
<arguments>
<arg>//a[@href='#'][contains(.,'Guardar')]</arg>
</arguments>
<kw name="Click Element" library="SeleniumLibrary">
<doc>Click the element identified by ``locator``.</doc>
<arguments>
<arg>xpath=${arg1}</arg>
</arguments>
<msg timestamp="20200516 18:11:01.084" level="INFO">Clicking element 'xpath=//a[@href='#'][contains(.,'Guardar')]'.</msg>
<status status="PASS" starttime="20200516 18:11:01.084" endtime="20200516 18:11:01.729"></status>
</kw>
<status status="PASS" starttime="20200516 18:11:01.083" endtime="20200516 18:11:01.729"></status>
</kw>
<kw name="Run Keyword If" library="BuiltIn">
<doc>Runs the given keyword with the given arguments, if ``condition`` is true.</doc>
<arguments>
<arg>'${i}'=='${reg}'</arg>
<arg>Exit For Loop</arg>
</arguments>
<status status="PASS" starttime="20200516 18:11:01.729" endtime="20200516 18:11:01.729"></status>
</kw>
<status status="PASS" starttime="20200516 18:10:56.292" endtime="20200516 18:11:01.729"></status>
</kw>
<kw name="${i} = 5" type="foritem">
<kw name="Click" library="recursos">
<arguments>
<arg>//a[contains(@id,'j_idt9:linkCatalogos')]</arg>
</arguments>
<kw name="Click Element" library="SeleniumLibrary">
<doc>Click the element identified by ``locator``.</doc>
<arguments>
<arg>xpath=${arg1}</arg>
</arguments>
<msg timestamp="20200516 18:11:01.730" level="INFO">Clicking element 'xpath=//a[contains(@id,'j_idt9:linkCatalogos')]'.</msg>
<status status="PASS" starttime="20200516 18:11:01.730" endtime="20200516 18:11:02.279"></status>
</kw>
<status status="PASS" starttime="20200516 18:11:01.729" endtime="20200516 18:11:02.279"></status>
</kw>
<kw name="Scroll" library="recursos">
<arguments>
<arg>0</arg>
<arg>150</arg>
</arguments>
<kw name="Execute Javascript" library="SeleniumLibrary">
<doc>Executes the given JavaScript code with possible arguments.</doc>
<arguments>
<arg>window.scrollTo(${arg1},${arg2})</arg>
</arguments>
<msg timestamp="20200516 18:11:02.280" level="INFO">Executing JavaScript:
window.scrollTo(0,150)
Without any arguments.</msg>
<status status="PASS" starttime="20200516 18:11:02.280" endtime="20200516 18:11:02.392"></status>
</kw>
<status status="PASS" starttime="20200516 18:11:02.279" endtime="20200516 18:11:02.392"></status>
</kw>
<kw name="Click" library="recursos">
<arguments>
<arg>//a[@href='#'][contains(.,'Categorías')]</arg>
</arguments>
<kw name="Click Element" library="SeleniumLibrary">
<doc>Click the element identified by ``locator``.</doc>
<arguments>
<arg>xpath=${arg1}</arg>
</arguments>
<msg timestamp="20200516 18:11:02.392" level="INFO">Clicking element 'xpath=//a[@href='#'][contains(.,'Categorías')]'.</msg>
<status status="PASS" starttime="20200516 18:11:02.392" endtime="20200516 18:11:02.870"></status>
</kw>
<status status="PASS" starttime="20200516 18:11:02.392" endtime="20200516 18:11:02.870"></status>
</kw>
<kw name="Click" library="recursos">
<arguments>
<arg>//a[@href='#'][contains(.,'Agregar categoría')]</arg>
</arguments>
<kw name="Click Element" library="SeleniumLibrary">
<doc>Click the element identified by ``locator``.</doc>
<arguments>
<arg>xpath=${arg1}</arg>
</arguments>
<msg timestamp="20200516 18:11:02.871" level="INFO">Clicking element 'xpath=//a[@href='#'][contains(.,'Agregar categoría')]'.</msg>
<status status="PASS" starttime="20200516 18:11:02.871" endtime="20200516 18:11:03.440"></status>
</kw>
<status status="PASS" starttime="20200516 18:11:02.870" endtime="20200516 18:11:03.440"></status>
</kw>
<kw name="Scroll" library="recursos">
<arguments>
<arg>0</arg>
<arg>250</arg>
</arguments>
<kw name="Execute Javascript" library="SeleniumLibrary">
<doc>Executes the given JavaScript code with possible arguments.</doc>
<arguments>
<arg>window.scrollTo(${arg1},${arg2})</arg>
</arguments>
<msg timestamp="20200516 18:11:03.442" level="INFO">Executing JavaScript:
window.scrollTo(0,250)
Without any arguments.</msg>
<status status="PASS" starttime="20200516 18:11:03.441" endtime="20200516 18:11:03.549"></status>
</kw>
<status status="PASS" starttime="20200516 18:11:03.440" endtime="20200516 18:11:03.549"></status>
</kw>
<kw name="Leer celda" library="recursos">
<arguments>
<arg>Hoja1</arg>
<arg>${i}</arg>
<arg>13</arg>
</arguments>
<assign>
<var>${categoria}</var>
</assign>
<kw name="Cell Data" library="ReadData">
<arguments>
<arg>${hoja}</arg>
<arg>${fila}</arg>
<arg>${celda}</arg>
</arguments>
<assign>
<var>${celldata}</var>
</assign>
<msg timestamp="20200516 18:11:03.550" level="INFO">${celldata} = Courtney</msg>
<status status="PASS" starttime="20200516 18:11:03.549" endtime="20200516 18:11:03.550"></status>
</kw>
<msg timestamp="20200516 18:11:03.550" level="INFO">${categoria} = Courtney</msg>
<status status="PASS" starttime="20200516 18:11:03.549" endtime="20200516 18:11:03.550"></status>
</kw>
<kw name="Leer celda" library="recursos">
<arguments>
<arg>Hoja1</arg>
<arg>${i}</arg>
<arg>14</arg>
</arguments>
<assign>
<var>${siglas}</var>
</assign>
<kw name="Cell Data" library="ReadData">
<arguments>
<arg>${hoja}</arg>
<arg>${fila}</arg>
<arg>${celda}</arg>
</arguments>
<assign>
<var>${celldata}</var>
</assign>
<msg timestamp="20200516 18:11:03.550" level="INFO">${celldata} = MYRG</msg>
<status status="PASS" starttime="20200516 18:11:03.550" endtime="20200516 18:11:03.551"></status>
</kw>
<msg timestamp="20200516 18:11:03.551" level="INFO">${siglas} = MYRG</msg>
<status status="PASS" starttime="20200516 18:11:03.550" endtime="20200516 18:11:03.551"></status>
</kw>
<kw name="Texto" library="recursos">
<arguments>
<arg>//input[@id='busquedaAltaForm:idDependencia']</arg>
<arg>${categoria}</arg>
</arguments>
<kw name="Input Text" library="SeleniumLibrary">
<doc>Types the given ``text`` into the text field identified by ``locator``.</doc>
<arguments>
<arg>xpath=${arg1}</arg>
<arg>${arg2}</arg>
</arguments>
<msg timestamp="20200516 18:11:03.552" level="INFO">Typing text 'Courtney' into text field 'xpath=//input[@id='busquedaAltaForm:idDependencia']'.</msg>
<status status="PASS" starttime="20200516 18:11:03.551" endtime="20200516 18:11:03.961"></status>
</kw>
<status status="PASS" starttime="20200516 18:11:03.551" endtime="20200516 18:11:03.961"></status>
</kw>
<kw name="Texto" library="recursos">
<arguments>
<arg>//input[contains(@id,'busquedaAltaForm:idSiglas')]</arg>
<arg>${siglas}</arg>
</arguments>
<kw name="Input Text" library="SeleniumLibrary">
<doc>Types the given ``text`` into the text field identified by ``locator``.</doc>
<arguments>
<arg>xpath=${arg1}</arg>
<arg>${arg2}</arg>
</arguments>
<msg timestamp="20200516 18:11:03.962" level="INFO">Typing text 'MYRG' into text field 'xpath=//input[contains(@id,'busquedaAltaForm:idSiglas')]'.</msg>
<status status="PASS" starttime="20200516 18:11:03.962" endtime="20200516 18:11:04.352"></status>
</kw>
<status status="PASS" starttime="20200516 18:11:03.961" endtime="20200516 18:11:04.352"></status>
</kw>
<kw name="Dormir" library="recursos">
<arguments>
<arg>2</arg>
</arguments>
<kw name="Sleep" library="BuiltIn">
<doc>Pauses the test executed for the given time.</doc>
<arguments>
<arg>${arg1}</arg>
</arguments>
<msg timestamp="20200516 18:11:06.355" level="INFO">Slept 2 seconds</msg>
<status status="PASS" starttime="20200516 18:11:04.352" endtime="20200516 18:11:06.355"></status>
</kw>
<status status="PASS" starttime="20200516 18:11:04.352" endtime="20200516 18:11:06.355"></status>
</kw>
<kw name="Log" library="BuiltIn">
<doc>Logs the given message with the given level.</doc>
<arguments>
<arg>${i}</arg>
</arguments>
<msg timestamp="20200516 18:11:06.356" level="INFO">5</msg>
<status status="PASS" starttime="20200516 18:11:06.355" endtime="20200516 18:11:06.356"></status>
</kw>
<kw name="Click" library="recursos">
<arguments>
<arg>//a[@href='#'][contains(.,'Guardar')]</arg>
</arguments>
<kw name="Click Element" library="SeleniumLibrary">
<doc>Click the element identified by ``locator``.</doc>
<arguments>
<arg>xpath=${arg1}</arg>
</arguments>
<msg timestamp="20200516 18:11:06.357" level="INFO">Clicking element 'xpath=//a[@href='#'][contains(.,'Guardar')]'.</msg>
<status status="PASS" starttime="20200516 18:11:06.357" endtime="20200516 18:11:06.996"></status>
</kw>
<status status="PASS" starttime="20200516 18:11:06.356" endtime="20200516 18:11:06.996"></status>
</kw>
<kw name="Run Keyword If" library="BuiltIn">
<doc>Runs the given keyword with the given arguments, if ``condition`` is true.</doc>
<arguments>
<arg>'${i}'=='${reg}'</arg>
<arg>Exit For Loop</arg>
</arguments>
<kw name="Exit For Loop" library="BuiltIn">
<doc>Stops executing the enclosing for loop.</doc>
<msg timestamp="20200516 18:11:06.996" level="INFO">Exiting for loop altogether.</msg>
<status status="PASS" starttime="20200516 18:11:06.996" endtime="20200516 18:11:06.997"></status>
</kw>
<status status="PASS" starttime="20200516 18:11:06.996" endtime="20200516 18:11:06.997"></status>
</kw>
<status status="PASS" starttime="20200516 18:11:01.729" endtime="20200516 18:11:06.997"></status>
</kw>
<status status="PASS" starttime="20200516 18:10:39.665" endtime="20200516 18:11:06.997"></status>
</kw>
<status status="PASS" starttime="20200516 18:10:39.664" endtime="20200516 18:11:06.997"></status>
</kw>
<kw name="Catalogos Organizaciones Excel" library="casos">
<kw name="Leer numero de filas" library="recursos">
<arguments>
<arg>Hoja1</arg>
</arguments>
<assign>
<var>${rows}</var>
</assign>
<kw name="Numero De Filas" library="ReadData">
<arguments>
<arg>${hoja}</arg>
</arguments>
<assign>
<var>${maxr}</var>
</assign>
<msg timestamp="20200516 18:11:06.998" level="INFO">${maxr} = 5</msg>
<status status="PASS" starttime="20200516 18:11:06.997" endtime="20200516 18:11:06.998"></status>
</kw>
<msg timestamp="20200516 18:11:06.998" level="INFO">${rows} = 5</msg>
<status status="PASS" starttime="20200516 18:11:06.997" endtime="20200516 18:11:06.998"></status>
</kw>
<kw name="${i} IN RANGE [ 1 | ${rows}+1 ]" type="for">
<kw name="${i} = 1" type="foritem">
<kw name="Click" library="recursos">
<arguments>
<arg>//a[contains(@id,'j_idt9:linkCatalogos')]</arg>
</arguments>
<kw name="Click Element" library="SeleniumLibrary">
<doc>Click the element identified by ``locator``.</doc>
<arguments>
<arg>xpath=${arg1}</arg>
</arguments>
<msg timestamp="20200516 18:11:06.998" level="INFO">Clicking element 'xpath=//a[contains(@id,'j_idt9:linkCatalogos')]'.</msg>
<status status="PASS" starttime="20200516 18:11:06.998" endtime="20200516 18:11:07.622"></status>
</kw>
<status status="PASS" starttime="20200516 18:11:06.998" endtime="20200516 18:11:07.622"></status>
</kw>
<kw name="Scroll" library="recursos">
<arguments>
<arg>0</arg>
<arg>150</arg>
</arguments>
<kw name="Execute Javascript" library="SeleniumLibrary">
<doc>Executes the given JavaScript code with possible arguments.</doc>
<arguments>
<arg>window.scrollTo(${arg1},${arg2})</arg>
</arguments>
<msg timestamp="20200516 18:11:07.623" level="INFO">Executing JavaScript:
window.scrollTo(0,150)
Without any arguments.</msg>
<status status="PASS" starttime="20200516 18:11:07.623" endtime="20200516 18:11:07.730"></status>
</kw>
<status status="PASS" starttime="20200516 18:11:07.622" endtime="20200516 18:11:07.730"></status>
</kw>
<kw name="Click" library="recursos">
<arguments>
<arg>//a[@href='#'][contains(.,'Organizaciones')]</arg>
</arguments>
<kw name="Click Element" library="SeleniumLibrary">
<doc>Click the element identified by ``locator``.</doc>
<arguments>
<arg>xpath=${arg1}</arg>
</arguments>
<msg timestamp="20200516 18:11:07.731" level="INFO">Clicking element 'xpath=//a[@href='#'][contains(.,'Organizaciones')]'.</msg>
<status status="PASS" starttime="20200516 18:11:07.730" endtime="20200516 18:11:08.583"></status>
</kw>
<status status="PASS" starttime="20200516 18:11:07.730" endtime="20200516 18:11:08.583"></status>
</kw>
<kw name="Scroll" library="recursos">
<arguments>
<arg>0</arg>
<arg>250</arg>
</arguments>
<kw name="Execute Javascript" library="SeleniumLibrary">
<doc>Executes the given JavaScript code with possible arguments.</doc>
<arguments>
<arg>window.scrollTo(${arg1},${arg2})</arg>
</arguments>
<msg timestamp="20200516 18:11:08.585" level="INFO">Executing JavaScript:
window.scrollTo(0,250)
Without any arguments.</msg>
<status status="PASS" starttime="20200516 18:11:08.584" endtime="20200516 18:11:08.699"></status>
</kw>
<status status="PASS" starttime="20200516 18:11:08.584" endtime="20200516 18:11:08.699"></status>
</kw>
<kw name="Click" library="recursos">
<arguments>
<arg>//a[@href='#'][contains(.,'Agregar organización')]</arg>
</arguments>
<kw name="Click Element" library="SeleniumLibrary">
<doc>Click the element identified by ``locator``.</doc>
<arguments>
<arg>xpath=${arg1}</arg>
</arguments>
<msg timestamp="20200516 18:11:08.700" level="INFO">Clicking element 'xpath=//a[@href='#'][contains(.,'Agregar organización')]'.</msg>
<status status="PASS" starttime="20200516 18:11:08.700" endtime="20200516 18:11:09.514"></status>
</kw>
<status status="PASS" starttime="20200516 18:11:08.699" endtime="20200516 18:11:09.514"></status>
</kw>
<kw name="Scroll" library="recursos">
<arguments>
<arg>0</arg>
<arg>250</arg>
</arguments>
<kw name="Execute Javascript" library="SeleniumLibrary">
<doc>Executes the given JavaScript code with possible arguments.</doc>
<arguments>
<arg>window.scrollTo(${arg1},${arg2})</arg>
</arguments>
<msg timestamp="20200516 18:11:09.515" level="INFO">Executing JavaScript:
window.scrollTo(0,250)
Without any arguments.</msg>
<status status="PASS" starttime="20200516 18:11:09.515" endtime="20200516 18:11:09.622"></status>
</kw>
<status status="PASS" starttime="20200516 18:11:09.514" endtime="20200516 18:11:09.622"></status>
</kw>
<kw name="Leer celda" library="recursos">
<arguments>
<arg>Hoja1</arg>
<arg>${i}</arg>
<arg>13</arg>
</arguments>
<assign>
<var>${categoria_org}</var>
</assign>
<kw name="Cell Data" library="ReadData">
<arguments>
<arg>${hoja}</arg>
<arg>${fila}</arg>
<arg>${celda}</arg>
</arguments>
<assign>
<var>${celldata}</var>
</assign>
<msg timestamp="20200516 18:11:09.623" level="INFO">${celldata} = Corny</msg>
<status status="PASS" starttime="20200516 18:11:09.622" endtime="20200516 18:11:09.623"></status>
</kw>
<msg timestamp="20200516 18:11:09.623" level="INFO">${categoria_org} = Corny</msg>
<status status="PASS" starttime="20200516 18:11:09.622" endtime="20200516 18:11:09.623"></status>
</kw>
<kw name="Leer celda" library="recursos">
<arguments>
<arg>Hoja1</arg>
<arg>${i}</arg>
<arg>15</arg>
</arguments>
<assign>
<var>${nombre_organizacion}</var>
</assign>
<kw name="Cell Data" library="ReadData">
<arguments>
<arg>${hoja}</arg>
<arg>${fila}</arg>
<arg>${celda}</arg>
</arguments>
<assign>
<var>${celldata}</var>
</assign>
<msg timestamp="20200516 18:11:09.624" level="INFO">${celldata} = PNC Financial Services Group, Inc. (The)</msg>
<status status="PASS" starttime="20200516 18:11:09.623" endtime="20200516 18:11:09.624"></status>
</kw>
<msg timestamp="20200516 18:11:09.624" level="INFO">${nombre_organizacion} = PNC Financial Services Group, Inc. (The)</msg>
<status status="PASS" starttime="20200516 18:11:09.623" endtime="20200516 18:11:09.624"></status>
</kw>
<kw name="Leer celda" library="recursos">
<arguments>
<arg>Hoja1</arg>
<arg>${i}</arg>
<arg>16</arg>
</arguments>
<assign>
<var>${siglas_organizacion}</var>
</assign>
<kw name="Cell Data" library="ReadData">
<arguments>
<arg>${hoja}</arg>
<arg>${fila}</arg>
<arg>${celda}</arg>
</arguments>
<assign>
<var>${celldata}</var>
</assign>
<msg timestamp="20200516 18:11:09.625" level="INFO">${celldata} = KNX</msg>
<status status="PASS" starttime="20200516 18:11:09.624" endtime="20200516 18:11:09.625"></status>
</kw>
<msg timestamp="20200516 18:11:09.625" level="INFO">${siglas_organizacion} = KNX</msg>
<status status="PASS" starttime="20200516 18:11:09.624" endtime="20200516 18:11:09.625"></status>
</kw>
<kw name="SLL" library="recursos">
<arguments>
<arg>//select[contains(@name,'busquedaAltaForm:idDependencia')]</arg>
<arg>${categoria_org}</arg>
</arguments>
<kw name="Select From List By Label" library="SeleniumLibrary">
<doc>Selects options from selection list ``locator`` by ``labels``.</doc>
<arguments>
<arg>${arg1}</arg>
<arg>${arg2}</arg>
</arguments>
<msg timestamp="20200516 18:11:09.625" level="INFO">Selecting options from selection list '//select[contains(@name,'busquedaAltaForm:idDependencia')]' by label Corny.</msg>
<status status="PASS" starttime="20200516 18:11:09.625" endtime="20200516 18:11:10.428"></status>
</kw>
<status status="PASS" starttime="20200516 18:11:09.625" endtime="20200516 18:11:10.428"></status>
</kw>
<kw name="Texto" library="recursos">
<arguments>
<arg>//input[contains(@id,'busquedaAltaForm:idOrganizacion')]</arg>
<arg>${nombre_organizacion}</arg>
</arguments>
<kw name="Input Text" library="SeleniumLibrary">
<doc>Types the given ``text`` into the text field identified by ``locator``.</doc>
<arguments>
<arg>xpath=${arg1}</arg>
<arg>${arg2}</arg>
</arguments>
<msg timestamp="20200516 18:11:10.428" level="INFO">Typing text 'PNC Financial Services Group, Inc. (The)' into text field 'xpath=//input[contains(@id,'busquedaAltaForm:idOrganizacion')]'.</msg>
<status status="PASS" starttime="20200516 18:11:10.428" endtime="20200516 18:11:11.021"></status>
</kw>
<status status="PASS" starttime="20200516 18:11:10.428" endtime="20200516 18:11:11.021"></status>
</kw>
<kw name="Texto" library="recursos">
<arguments>
<arg>//input[@id='busquedaAltaForm:idSiglas']</arg>
<arg>${siglas_organizacion}</arg>
</arguments>
<kw name="Input Text" library="SeleniumLibrary">
<doc>Types the given ``text`` into the text field identified by ``locator``.</doc>
<arguments>
<arg>xpath=${arg1}</arg>
<arg>${arg2}</arg>
</arguments>
<msg timestamp="20200516 18:11:11.021" level="INFO">Typing text 'KNX' into text field 'xpath=//input[@id='busquedaAltaForm:idSiglas']'.</msg>
<status status="PASS" starttime="20200516 18:11:11.021" endtime="20200516 18:11:11.431"></status>
</kw>
<status status="PASS" starttime="20200516 18:11:11.021" endtime="20200516 18:11:11.431"></status>
</kw>
<kw name="Dormir" library="recursos">
<arguments>
<arg>2</arg>
</arguments>
<kw name="Sleep" library="BuiltIn">
<doc>Pauses the test executed for the given time.</doc>
<arguments>
<arg>${arg1}</arg>
</arguments>
<msg timestamp="20200516 18:11:13.444" level="INFO">Slept 2 seconds</msg>
<status status="PASS" starttime="20200516 18:11:11.431" endtime="20200516 18:11:13.444"></status>
</kw>
<status status="PASS" starttime="20200516 18:11:11.431" endtime="20200516 18:11:13.444"></status>
</kw>
<kw name="Click" library="recursos">
<arguments>
<arg>//a[@href='#'][contains(.,'Guardar')]</arg>
</arguments>
<kw name="Click Element" library="SeleniumLibrary">
<doc>Click the element identified by ``locator``.</doc>
<arguments>
<arg>xpath=${arg1}</arg>
</arguments>
<msg timestamp="20200516 18:11:13.444" level="INFO">Clicking element 'xpath=//a[@href='#'][contains(.,'Guardar')]'.</msg>
<status status="PASS" starttime="20200516 18:11:13.444" endtime="20200516 18:11:14.344"></status>
</kw>
<status status="PASS" starttime="20200516 18:11:13.444" endtime="20200516 18:11:14.344"></status>
</kw>
<kw name="Dormir" library="recursos">
<arguments>
<arg>1</arg>
</arguments>
<kw name="Sleep" library="BuiltIn">
<doc>Pauses the test executed for the given time.</doc>
<arguments>
<arg>${arg1}</arg>
</arguments>
<msg timestamp="20200516 18:11:15.346" level="INFO">Slept 1 second</msg>
<status status="PASS" starttime="20200516 18:11:14.345" endtime="20200516 18:11:15.346"></status>
</kw>
<status status="PASS" starttime="20200516 18:11:14.344" endtime="20200516 18:11:15.346"></status>
</kw>
<kw name="Click" library="recursos">
<arguments>
<arg>//a[contains(@id,'j_idt9:linkCatalogos')]</arg>
</arguments>
<kw name="Click Element" library="SeleniumLibrary">
<doc>Click the element identified by ``locator``.</doc>
<arguments>
<arg>xpath=${arg1}</arg>
</arguments>
<msg timestamp="20200516 18:11:15.346" level="INFO">Clicking element 'xpath=//a[contains(@id,'j_idt9:linkCatalogos')]'.</msg>
<status status="PASS" starttime="20200516 18:11:15.346" endtime="20200516 18:11:15.877"></status>
</kw>
<status status="PASS" starttime="20200516 18:11:15.346" endtime="20200516 18:11:15.877"></status>
</kw>
<kw name="Scroll" library="recursos">
<arguments>
<arg>0</arg>
<arg>150</arg>
</arguments>
<kw name="Execute Javascript" library="SeleniumLibrary">
<doc>Executes the given JavaScript code with possible arguments.</doc>
<arguments>
<arg>window.scrollTo(${arg1},${arg2})</arg>
</arguments>
<msg timestamp="20200516 18:11:15.878" level="INFO">Executing JavaScript:
window.scrollTo(0,150)
Without any arguments.</msg>
<status status="PASS" starttime="20200516 18:11:15.877" endtime="20200516 18:11:15.989"></status>
</kw>
<status status="PASS" starttime="20200516 18:11:15.877" endtime="20200516 18:11:15.989"></status>
</kw>
<kw name="Click" library="recursos">
<arguments>
<arg>//a[@href='#'][contains(.,'Organizaciones')]</arg>
</arguments>
<kw name="Click Element" library="SeleniumLibrary">
<doc>Click the element identified by ``locator``.</doc>
<arguments>
<arg>xpath=${arg1}</arg>
</arguments>
<msg timestamp="20200516 18:11:15.990" level="INFO">Clicking element 'xpath=//a[@href='#'][contains(.,'Organizaciones')]'.</msg>
<status status="PASS" starttime="20200516 18:11:15.989" endtime="20200516 18:11:16.718"></status>
</kw>
<status status="PASS" starttime="20200516 18:11:15.989" endtime="20200516 18:11:16.718"></status>
</kw>
<kw name="Scroll" library="recursos">
<arguments>
<arg>0</arg>
<arg>300</arg>
</arguments>
<kw name="Execute Javascript" library="SeleniumLibrary">
<doc>Executes the given JavaScript code with possible arguments.</doc>
<arguments>
<arg>window.scrollTo(${arg1},${arg2})</arg>
</arguments>
<msg timestamp="20200516 18:11:16.719" level="INFO">Executing JavaScript:
window.scrollTo(0,300)
Without any arguments.</msg>
<status status="PASS" starttime="20200516 18:11:16.718" endtime="20200516 18:11:16.825"></status>
</kw>
<status status="PASS" starttime="20200516 18:11:16.718" endtime="20200516 18:11:16.825"></status>
</kw>
<kw name="SLL" library="recursos">
<arguments>
<arg>//select[@name='busquedaForm:idDependenciaS']</arg>
<arg>${categoria_org}</arg>
</arguments>
<kw name="Select From List By Label" library="SeleniumLibrary">
<doc>Selects options from selection list ``locator`` by ``labels``.</doc>
<arguments>
<arg>${arg1}</arg>
<arg>${arg2}</arg>
</arguments>
<msg timestamp="20200516 18:11:16.825" level="INFO">Selecting options from selection list '//select[@name='busquedaForm:idDependenciaS']' by label Corny.</msg>
<status status="PASS" starttime="20200516 18:11:16.825" endtime="20200516 18:11:17.621"></status>
</kw>
<status status="PASS" starttime="20200516 18:11:16.825" endtime="20200516 18:11:17.621"></status>
</kw>
<kw name="Click" library="recursos">
<arguments>
<arg>//a[@href='#'][contains(.,'Buscar')]</arg>
</arguments>
<kw name="Click Element" library="SeleniumLibrary">
<doc>Click the element identified by ``locator``.</doc>
<arguments>
<arg>xpath=${arg1}</arg>
</arguments>
<msg timestamp="20200516 18:11:17.622" level="INFO">Clicking element 'xpath=//a[@href='#'][contains(.,'Buscar')]'.</msg>
<status status="PASS" starttime="20200516 18:11:17.622" endtime="20200516 18:11:18.527"></status>
</kw>
[...]
</kw>
<status status="PASS" starttime="20200516 18:17:03.210" endtime="20200516 18:17:03.323"></status>
</kw>
<kw name="SLL" library="recursos">
<arguments>
<arg>//select[contains(@id,'busquedaAltaForm:idOrganizacion')]</arg>
<arg>${organizacion}</arg>
</arguments>
<kw name="Select From List By Label" library="SeleniumLibrary">
<doc>Selects options from selection list ``locator`` by ``labels``.</doc>
<arguments>
<arg>${arg1}</arg>
<arg>${arg2}</arg>
</arguments>
<msg timestamp="20200516 18:17:03.323" level="INFO">Selecting options from selection list '//select[contains(@id,'busquedaAltaForm:idOrganizacion')]' by label Trevena, Inc..</msg>
<status status="PASS" starttime="20200516 18:17:03.323" endtime="20200516 18:17:04.135"></status>
</kw>
<status status="PASS" starttime="20200516 18:17:03.323" endtime="20200516 18:17:04.135"></status>
</kw>
<kw name="Click" library="recursos">
<arguments>
<arg>(//a[@href='#'][contains(.,'Agregar')])[2]</arg>
</arguments>
<kw name="Click Element" library="SeleniumLibrary">
<doc>Click the element identified by ``locator``.</doc>
<arguments>
<arg>xpath=${arg1}</arg>
</arguments>
<msg timestamp="20200516 18:17:04.136" level="INFO">Clicking element 'xpath=(//a[@href='#'][contains(.,'Agregar')])[2]'.</msg>
<status status="PASS" starttime="20200516 18:17:04.136" endtime="20200516 18:17:05.183"></status>
</kw>
<status status="PASS" starttime="20200516 18:17:04.135" endtime="20200516 18:17:05.183"></status>
</kw>
<kw name="Scroll" library="recursos">
<arguments>
<arg>0</arg>
<arg>1600</arg>
</arguments>
<kw name="Execute Javascript" library="SeleniumLibrary">
<doc>Executes the given JavaScript code with possible arguments.</doc>
<arguments>
<arg>window.scrollTo(${arg1},${arg2})</arg>
</arguments>
<msg timestamp="20200516 18:17:05.184" level="INFO">Executing JavaScript:
window.scrollTo(0,1600)
Without any arguments.</msg>
<status status="PASS" starttime="20200516 18:17:05.183" endtime="20200516 18:17:05.297"></status>
</kw>
<status status="PASS" starttime="20200516 18:17:05.183" endtime="20200516 18:17:05.297"></status>
</kw>
<kw name="Dormir" library="recursos">
<arguments>
<arg>1.5</arg>
</arguments>
<kw name="Sleep" library="BuiltIn">
<doc>Pauses the test executed for the given time.</doc>
<arguments>
<arg>${arg1}</arg>
</arguments>
<msg timestamp="20200516 18:17:06.798" level="INFO">Slept 1 second 500 milliseconds</msg>
<status status="PASS" starttime="20200516 18:17:05.298" endtime="20200516 18:17:06.798"></status>
</kw>
<status status="PASS" starttime="20200516 18:17:05.297" endtime="20200516 18:17:06.798"></status>
</kw>
<kw name="Click" library="recursos">
<arguments>
<arg>//a[@href='#'][contains(.,'Guardar')]</arg>
</arguments>
<kw name="Click Element" library="SeleniumLibrary">
<doc>Click the element identified by ``locator``.</doc>
<arguments>
<arg>xpath=${arg1}</arg>
</arguments>
<msg timestamp="20200516 18:17:06.799" level="INFO">Clicking element 'xpath=//a[@href='#'][contains(.,'Guardar')]'.</msg>
<status status="PASS" starttime="20200516 18:17:06.799" endtime="20200516 18:17:07.604"></status>
</kw>
<status status="PASS" starttime="20200516 18:17:06.798" endtime="20200516 18:17:07.604"></status>
</kw>
<kw name="Dormir" library="recursos">
<arguments>
<arg>1</arg>
</arguments>
<kw name="Sleep" library="BuiltIn">
<doc>Pauses the test executed for the given time.</doc>
<arguments>
<arg>${arg1}</arg>
</arguments>
<msg timestamp="20200516 18:17:08.606" level="INFO">Slept 1 second</msg>
<status status="PASS" starttime="20200516 18:17:07.604" endtime="20200516 18:17:08.606"></status>
</kw>
<status status="PASS" starttime="20200516 18:17:07.604" endtime="20200516 18:17:08.606"></status>
</kw>
<kw name="Click" library="recursos">
<arguments>
<arg>//a[@href='#'][contains(.,'Siguiente')]</arg>
</arguments>
<kw name="Click Element" library="SeleniumLibrary">
<doc>Click the element identified by ``locator``.</doc>
<arguments>
<arg>xpath=${arg1}</arg>
</arguments>
<msg timestamp="20200516 18:17:08.608" level="INFO">Clicking element 'xpath=//a[@href='#'][contains(.,'Siguiente')]'.</msg>
<status status="PASS" starttime="20200516 18:17:08.607" endtime="20200516 18:17:09.854"></status>
</kw>
<status status="PASS" starttime="20200516 18:17:08.606" endtime="20200516 18:17:09.854"></status>
</kw>
<kw name="Dormir" library="recursos">
<arguments>
<arg>2</arg>
</arguments>
<kw name="Sleep" library="BuiltIn">
<doc>Pauses the test executed for the given time.</doc>
<arguments>
<arg>${arg1}</arg>
</arguments>
<msg timestamp="20200516 18:17:11.857" level="INFO">Slept 2 seconds</msg>
<status status="PASS" starttime="20200516 18:17:09.854" endtime="20200516 18:17:11.857"></status>
</kw>
<status status="PASS" starttime="20200516 18:17:09.854" endtime="20200516 18:17:11.857"></status>
</kw>
<kw name="Scroll" library="recursos">
<arguments>
<arg>0</arg>
<arg>300</arg>
</arguments>
<kw name="Execute Javascript" library="SeleniumLibrary">
<doc>Executes the given JavaScript code with possible arguments.</doc>
<arguments>
<arg>window.scrollTo(${arg1},${arg2})</arg>
</arguments>
<msg timestamp="20200516 18:17:11.858" level="INFO">Executing JavaScript:
window.scrollTo(0,300)
Without any arguments.</msg>
<status status="PASS" starttime="20200516 18:17:11.858" endtime="20200516 18:17:11.965"></status>
</kw>
<status status="PASS" starttime="20200516 18:17:11.857" endtime="20200516 18:17:11.965"></status>
</kw>
<kw name="SLL" library="recursos">
<arguments>
<arg>//select[contains(@id,'representantesAltaForm:idSlcRepresentante')]</arg>
<arg>${repres}</arg>
</arguments>
<kw name="Select From List By Label" library="SeleniumLibrary">
<doc>Selects options from selection list ``locator`` by ``labels``.</doc>
<arguments>
<arg>${arg1}</arg>
<arg>${arg2}</arg>
</arguments>
<msg timestamp="20200516 18:17:11.967" level="INFO">Selecting options from selection list '//select[contains(@id,'representantesAltaForm:idSlcRepresentante')]' by label Tova Budge Mathilda | GALT.</msg>
<status status="PASS" starttime="20200516 18:17:11.966" endtime="20200516 18:17:12.761"></status>
</kw>
<status status="PASS" starttime="20200516 18:17:11.966" endtime="20200516 18:17:12.761"></status>
</kw>
<kw name="Dormir" library="recursos">
<arguments>
<arg>1.5</arg>
</arguments>
<kw name="Sleep" library="BuiltIn">
<doc>Pauses the test executed for the given time.</doc>
<arguments>
<arg>${arg1}</arg>
</arguments>
<msg timestamp="20200516 18:17:14.270" level="INFO">Slept 1 second 500 milliseconds</msg>
<status status="PASS" starttime="20200516 18:17:12.762" endtime="20200516 18:17:14.270"></status>
</kw>
<status status="PASS" starttime="20200516 18:17:12.761" endtime="20200516 18:17:14.270"></status>
</kw>
<kw name="Click" library="recursos">
<arguments>
<arg>(//a[@href='#'][contains(.,'Agregar')])[2]</arg>
</arguments>
<kw name="Click Element" library="SeleniumLibrary">
<doc>Click the element identified by ``locator``.</doc>
<arguments>
<arg>xpath=${arg1}</arg>
</arguments>
<msg timestamp="20200516 18:17:14.270" level="INFO">Clicking element 'xpath=(//a[@href='#'][contains(.,'Agregar')])[2]'.</msg>
<status status="PASS" starttime="20200516 18:17:14.270" endtime="20200516 18:17:14.931"></status>
</kw>
<status status="PASS" starttime="20200516 18:17:14.270" endtime="20200516 18:17:14.931"></status>
</kw>
<kw name="Scroll" library="recursos">
<arguments>
<arg>0</arg>
<arg>500</arg>
</arguments>
<kw name="Execute Javascript" library="SeleniumLibrary">
<doc>Executes the given JavaScript code with possible arguments.</doc>
<arguments>
<arg>window.scrollTo(${arg1},${arg2})</arg>
</arguments>
<msg timestamp="20200516 18:17:14.932" level="INFO">Executing JavaScript:
window.scrollTo(0,500)
Without any arguments.</msg>
<status status="PASS" starttime="20200516 18:17:14.931" endtime="20200516 18:17:15.043"></status>
</kw>
<status status="PASS" starttime="20200516 18:17:14.931" endtime="20200516 18:17:15.043"></status>
</kw>
<kw name="Resultado" library="recursos">
<arguments>
<arg>.5</arg>
<arg>${dir}/Participante_agregado.png</arg>
<arg>Datos del evento.</arg>
</arguments>
<kw name="Sleep" library="BuiltIn">
<doc>Pauses the test executed for the given time.</doc>
<arguments>
<arg>${tiempo}</arg>
</arguments>
<msg timestamp="20200516 18:17:15.546" level="INFO">Slept 500 milliseconds</msg>
<status status="PASS" starttime="20200516 18:17:15.044" endtime="20200516 18:17:15.546"></status>
</kw>
<kw name="Capture Page Screenshot" library="SeleniumLibrary">
<doc>Takes a screenshot of the current page and embeds it into a log file.</doc>
<arguments>
<arg>${dir}</arg>
</arguments>
<msg timestamp="20200516 18:17:16.042" level="INFO" html="yes">&lt;/td&gt;&lt;/tr&gt;&lt;tr&gt;&lt;td colspan="3"&gt;&lt;a href="Img/Participante_agregado.png"&gt;&lt;img src="Img/Participante_agregado.png" width="800px"&gt;&lt;/a&gt;</msg>
<status status="PASS" starttime="20200516 18:17:15.546" endtime="20200516 18:17:16.042"></status>
</kw>
<kw name="Log" library="BuiltIn">
<doc>Logs the given message with the given level.</doc>
<arguments>
<arg>${print}</arg>
</arguments>
<msg timestamp="20200516 18:17:16.042" level="INFO">Datos del evento.</msg>
<status status="PASS" starttime="20200516 18:17:16.042" endtime="20200516 18:17:16.043"></status>
</kw>
<status status="PASS" starttime="20200516 18:17:15.043" endtime="20200516 18:17:16.043"></status>
</kw>
<kw name="Click" library="recursos">
<arguments>
<arg>//a[@href='#'][contains(.,'Guardar')]</arg>
</arguments>
<kw name="Click Element" library="SeleniumLibrary">
<doc>Click the element identified by ``locator``.</doc>
<arguments>
<arg>xpath=${arg1}</arg>
</arguments>
<msg timestamp="20200516 18:17:16.043" level="INFO">Clicking element 'xpath=//a[@href='#'][contains(.,'Guardar')]'.</msg>
<status status="PASS" starttime="20200516 18:17:16.043" endtime="20200516 18:17:16.879"></status>
</kw>
<status status="PASS" starttime="20200516 18:17:16.043" endtime="20200516 18:17:16.879"></status>
</kw>
<kw name="Dormir" library="recursos">
<arguments>
<arg>1.5</arg>
</arguments>
<kw name="Sleep" library="BuiltIn">
<doc>Pauses the test executed for the given time.</doc>
<arguments>
<arg>${arg1}</arg>
</arguments>
<msg timestamp="20200516 18:17:18.380" level="INFO">Slept 1 second 500 milliseconds</msg>
<status status="PASS" starttime="20200516 18:17:16.880" endtime="20200516 18:17:18.380"></status>
</kw>
<status status="PASS" starttime="20200516 18:17:16.879" endtime="20200516 18:17:18.380"></status>
</kw>
<kw name="Scroll" library="recursos">
<arguments>
<arg>0</arg>
<arg>800</arg>
</arguments>
<kw name="Execute Javascript" library="SeleniumLibrary">
<doc>Executes the given JavaScript code with possible arguments.</doc>
<arguments>
<arg>window.scrollTo(${arg1},${arg2})</arg>
</arguments>
<msg timestamp="20200516 18:17:18.382" level="INFO">Executing JavaScript:
window.scrollTo(0,800)
Without any arguments.</msg>
<status status="PASS" starttime="20200516 18:17:18.381" endtime="20200516 18:17:18.491"></status>
</kw>
<status status="PASS" starttime="20200516 18:17:18.380" endtime="20200516 18:17:18.491"></status>
</kw>
<kw name="Click" library="recursos">
<arguments>
<arg>//a[@href='#'][contains(.,'Siguiente')]</arg>
</arguments>
<kw name="Click Element" library="SeleniumLibrary">
<doc>Click the element identified by ``locator``.</doc>
<arguments>
<arg>xpath=${arg1}</arg>
</arguments>
<msg timestamp="20200516 18:17:18.493" level="INFO">Clicking element 'xpath=//a[@href='#'][contains(.,'Siguiente')]'.</msg>
<status status="PASS" starttime="20200516 18:17:18.492" endtime="20200516 18:17:19.351"></status>
</kw>
<status status="PASS" starttime="20200516 18:17:18.492" endtime="20200516 18:17:19.351"></status>
</kw>
<kw name="Scroll" library="recursos">
<arguments>
<arg>0</arg>
<arg>300</arg>
</arguments>
<kw name="Execute Javascript" library="SeleniumLibrary">
<doc>Executes the given JavaScript code with possible arguments.</doc>
<arguments>
<arg>window.scrollTo(${arg1},${arg2})</arg>
</arguments>
<msg timestamp="20200516 18:17:19.352" level="INFO">Executing JavaScript:
window.scrollTo(0,300)
Without any arguments.</msg>
<status status="PASS" starttime="20200516 18:17:19.351" endtime="20200516 18:17:19.459"></status>
</kw>
<status status="PASS" starttime="20200516 18:17:19.351" endtime="20200516 18:17:19.459"></status>
</kw>
<kw name="Click" library="recursos">
<arguments>
<arg>//a[@href='#'][contains(.,'Nuevo acuerdo')]</arg>
</arguments>
<kw name="Click Element" library="SeleniumLibrary">
<doc>Click the element identified by ``locator``.</doc>
<arguments>
<arg>xpath=${arg1}</arg>
</arguments>
<msg timestamp="20200516 18:17:19.460" level="INFO">Clicking element 'xpath=//a[@href='#'][contains(.,'Nuevo acuerdo')]'.</msg>
<status status="PASS" starttime="20200516 18:17:19.460" endtime="20200516 18:17:20.037"></status>
</kw>
<status status="PASS" starttime="20200516 18:17:19.459" endtime="20200516 18:17:20.037"></status>
</kw>
<kw name="Dormir" library="recursos">
<arguments>
<arg>1.5</arg>
</arguments>
<kw name="Sleep" library="BuiltIn">
<doc>Pauses the test executed for the given time.</doc>
<arguments>
<arg>${arg1}</arg>
</arguments>
<msg timestamp="20200516 18:17:21.543" level="INFO">Slept 1 second 500 milliseconds</msg>
<status status="PASS" starttime="20200516 18:17:20.037" endtime="20200516 18:17:21.544"></status>
</kw>
<status status="PASS" starttime="20200516 18:17:20.037" endtime="20200516 18:17:21.544"></status>
</kw>
<kw name="Texto" library="recursos">
<arguments>
<arg>//textarea[contains(@id,'agregaAcuerdoForm:idAcuerdo')]</arg>
<arg>${acuerdo}</arg>
</arguments>
<kw name="Input Text" library="SeleniumLibrary">
<doc>Types the given ``text`` into the text field identified by ``locator``.</doc>
<arguments>
<arg>xpath=${arg1}</arg>
<arg>${arg2}</arg>
</arguments>
<msg timestamp="20200516 18:17:21.546" level="INFO">Typing text 'Major Pharmaceuticals' into text field 'xpath=//textarea[contains(@id,'agregaAcuerdoForm:idAcuerdo')]'.</msg>
<status status="PASS" starttime="20200516 18:17:21.545" endtime="20200516 18:17:22.021"></status>
</kw>
<status status="PASS" starttime="20200516 18:17:21.544" endtime="20200516 18:17:22.021"></status>
</kw>
<kw name="Dormir" library="recursos">
<arguments>
<arg>1</arg>
</arguments>
<kw name="Sleep" library="BuiltIn">
<doc>Pauses the test executed for the given time.</doc>
<arguments>
<arg>${arg1}</arg>
</arguments>
<msg timestamp="20200516 18:17:23.023" level="INFO">Slept 1 second</msg>
<status status="PASS" starttime="20200516 18:17:22.022" endtime="20200516 18:17:23.023"></status>
</kw>
<status status="PASS" starttime="20200516 18:17:22.021" endtime="20200516 18:17:23.023"></status>
</kw>
<kw name="Click" library="recursos">
<arguments>
<arg>//a[@id='agregaAcuerdoForm:idBotonAceptar']</arg>
</arguments>
<kw name="Click Element" library="SeleniumLibrary">
<doc>Click the element identified by ``locator``.</doc>
<arguments>
<arg>xpath=${arg1}</arg>
</arguments>
<msg timestamp="20200516 18:17:23.024" level="INFO">Clicking element 'xpath=//a[@id='agregaAcuerdoForm:idBotonAceptar']'.</msg>
<status status="PASS" starttime="20200516 18:17:23.024" endtime="20200516 18:17:23.666"></status>
</kw>
<status status="PASS" starttime="20200516 18:17:23.023" endtime="20200516 18:17:23.666"></status>
</kw>
<kw name="Scroll" library="recursos">
<arguments>
<arg>0</arg>
<arg>500</arg>
</arguments>
<kw name="Execute Javascript" library="SeleniumLibrary">
<doc>Executes the given JavaScript code with possible arguments.</doc>
<arguments>
<arg>window.scrollTo(${arg1},${arg2})</arg>
</arguments>
<msg timestamp="20200516 18:17:23.667" level="INFO">Executing JavaScript:
window.scrollTo(0,500)
Without any arguments.</msg>
<status status="PASS" starttime="20200516 18:17:23.666" endtime="20200516 18:17:23.773"></status>
</kw>
<status status="PASS" starttime="20200516 18:17:23.666" endtime="20200516 18:17:23.773"></status>
</kw>
<kw name="Dormir" library="recursos">
<arguments>
<arg>1.5</arg>
</arguments>
<kw name="Sleep" library="BuiltIn">
<doc>Pauses the test executed for the given time.</doc>
<arguments>
<arg>${arg1}</arg>
</arguments>
<msg timestamp="20200516 18:17:25.276" level="INFO">Slept 1 second 500 milliseconds</msg>
<status status="PASS" starttime="20200516 18:17:23.774" endtime="20200516 18:17:25.276"></status>
</kw>
<status status="PASS" starttime="20200516 18:17:23.773" endtime="20200516 18:17:25.276"></status>
</kw>
<kw name="Click" library="recursos">
<arguments>
<arg>//input[contains(@id,'idt58')][@type='checkbox']</arg>
</arguments>
<kw name="Click Element" library="SeleniumLibrary">
<doc>Click the element identified by ``locator``.</doc>
<arguments>
<arg>xpath=${arg1}</arg>
</arguments>
<msg timestamp="20200516 18:17:25.276" level="INFO">Clicking element 'xpath=//input[contains(@id,'idt58')][@type='checkbox']'.</msg>
<status status="PASS" starttime="20200516 18:17:25.276" endtime="20200516 18:17:25.573"></status>
</kw>
<status status="PASS" starttime="20200516 18:17:25.276" endtime="20200516 18:17:25.574"></status>
</kw>
<kw name="Dormir" library="recursos">
<arguments>
<arg>2</arg>
</arguments>
<kw name="Sleep" library="BuiltIn">
<doc>Pauses the test executed for the given time.</doc>
<arguments>
<arg>${arg1}</arg>
</arguments>
<msg timestamp="20200516 18:17:27.576" level="INFO">Slept 2 seconds</msg>
<status status="PASS" starttime="20200516 18:17:25.574" endtime="20200516 18:17:27.576"></status>
</kw>
<status status="PASS" starttime="20200516 18:17:25.574" endtime="20200516 18:17:27.576"></status>
</kw>
<kw name="SLL" library="recursos">
<arguments>
<arg>//select[contains(@id,'idAcuerdosForm:table-elementos:0:idSlcEstatus')]</arg>
<arg>${estatus}</arg>
</arguments>
<kw name="Select From List By Label" library="SeleniumLibrary">
<doc>Selects options from selection list ``locator`` by ``labels``.</doc>
<arguments>
<arg>${arg1}</arg>
<arg>${arg2}</arg>
</arguments>
<msg timestamp="20200516 18:17:27.577" level="INFO">Selecting options from selection list '//select[contains(@id,'idAcuerdosForm:table-elementos:0:idSlcEstatus')]' by label En Proceso.</msg>
<kw name="Capture Page Screenshot" library="SeleniumLibrary">
<doc>Takes a screenshot of the current page and embeds it into a log file.</doc>
<status status="FAIL" starttime="20200516 18:17:28.115" endtime="20200516 18:17:28.115"></status>
</kw>
<msg timestamp="20200516 18:17:28.115" level="WARN">Keyword 'Capture Page Screenshot' could not be run on failure: Execution terminated by signal</msg>
<msg timestamp="20200516 18:17:28.120" level="FAIL">ValueError: I/O operation on closed file.</msg>
<status status="FAIL" starttime="20200516 18:17:27.577" endtime="20200516 18:17:28.121"></status>
</kw>
<status status="FAIL" starttime="20200516 18:17:27.576" endtime="20200516 18:17:28.121"></status>
</kw>
<status status="FAIL" starttime="20200516 18:16:53.943" endtime="20200516 18:17:28.121"></status>
</kw>
<status status="FAIL" starttime="20200516 18:13:45.393" endtime="20200516 18:17:28.121"></status>
</kw>
<status status="FAIL" starttime="20200516 18:13:45.393" endtime="20200516 18:17:28.121"></status>
</kw>
<doc>PRUEBA SSJAE 004 (HAPPY PATH EXCEL)</doc>
<tags>
<tag>ss04</tag>
</tags>
<status status="FAIL" starttime="20200516 18:10:02.659" endtime="20200516 18:17:28.122" critical="yes">ValueError: I/O operation on closed file.</status>
</test>
<doc>Casos de Prueba Proyecto SSJAE</doc>
<status status="FAIL" starttime="20200516 18:10:00.928" endtime="20200516 18:17:28.124"></status>
</suite>
<status status="FAIL" starttime="20200516 18:10:00.905" endtime="20200516 18:17:28.127"></status>
</suite>
<statistics>
<total>
<stat pass="0" fail="1">Critical Tests</stat>
<stat pass="0" fail="1">All Tests</stat>
</total>
<tag>
<stat pass="0" fail="1">ss04</stat>
</tag>
<suite>
<stat pass="0" fail="1" id="s1" name="Suites">Suites</stat>
<stat pass="0" fail="1" id="s1-s1" name="Ssjae Copy 2">Suites.Ssjae Copy 2</stat>
</suite>
</statistics>
<errors>
</errors>
</robot>
